<?xml version="1.0" encoding="utf-8"?><testsuites name="pytest tests"><testsuite name="pytest" errors="0" failures="87" skipped="0" tests="1267" time="1923.125" timestamp="2026-08-14T10:34:20.596617-04:00" hostname="Anonymous"><testcase classname="tests.test_advanced_tag_tree_search_source" name="test_advanced_tag_search_lives_inside_collapsible_section" time="0.798" /><testcase classname="tests.test_advanced_tag_tree_search_source" name="test_advanced_tag_search_autocomplete_uses_existing_tag_names" time="0.001" /><testcase classname="tests.test_advanced_tag_tree_search_source" name="test_clearing_navigation_search_preserves_tag_filter_widgets" time="0.001" /><testcase classname="tests.test_advanced_tag_tree_search_source" name="test_expansion_state_prefers_full_tag_path_over_duplicate_labels" time="0.001" /><testcase classname="tests.test_advanced_tag_tree_search_source" name="test_nested_dot_tags_build_each_parent_level" time="0.001" /><testcase classname="tests.test_advanced_tag_tree_search_source" name="test_navigation_filter_keeps_matching_tag_and_all_ancestors" time="0.035" /><testcase classname="tests.test_advanced_tag_tree_search_source" name="test_clearing_navigation_filter_retains_controls_and_restores_view" time="0.008" /><testcase classname="tests.test_advanced_tag_tree_search_source" name="test_same_label_tag_parents_restore_expansion_independently" time="0.008" /><testcase classname="tests.test_anagram_engine" name="test_fallback_dictionary_keeps_anagrams_available_without_os_words" time="0.001" /><testcase classname="tests.test_anagram_engine" name="test_collect_anagram_words_strips_non_letters_and_sorts_longest_first" time="0.001" /><testcase classname="tests.test_anagram_engine" name="test_render_anagrams_text_reports_dictionary_matches_for_long_names" time="0.001" /><testcase classname="tests.test_anagrams_presenter" name="test_render_anagrams_html_can_show_multiple_inline_definitions" time="0.001" /><testcase classname="tests.test_anagrams_presenter" name="test_chart_identity_options_split_comma_delimited_name_and_alias" time="0.001" /><testcase classname="tests.test_anagrams_presenter" name="test_presenter_dropdown_uses_actual_name_and_alias_values" time="0.001" /><testcase classname="tests.test_anagrams_presenter" name="test_definition_clicked_toggles_inline_detail_and_rerenders_word_list" time="0.001" /><testcase classname="tests.test_anagrams_presenter" name="test_fetch_word_definition_ignores_dictionary_api_spelling_substitutions" time="0.001" /><testcase classname="tests.test_anagrams_presenter" name="test_fetch_word_definition_ignores_datamuse_spelling_suggestions" time="0.001" /><testcase classname="tests.test_anagrams_presenter" name="test_fetch_word_definition_uses_wiktionary_for_rare_words" time="0.001" /><testcase classname="tests.test_app_text_search_source" name="test_label_highlight_restore_ignores_dynamically_rewritten_labels" time="0.001" /><testcase classname="tests.test_application_identity_source" name="test_bootstrap_sets_identity_before_qapplication_and_splash" time="0.001" /><testcase classname="tests.test_application_identity_source" name="test_qsettings_application_namespace_remains_backward_compatible" time="0.001" /><testcase classname="tests.test_application_identity_source" name="test_linux_desktop_identity_matches_qt_desktop_file_name" time="0.001" /><testcase classname="tests.test_application_identity_source" name="test_macos_bundle_has_stable_identity_and_icon" time="0.001" /><testcase classname="tests.test_appwide_button_tone_source" name="test_style_defines_universal_affirmative_and_negation_button_tones" time="0.001" /><testcase classname="tests.test_appwide_button_tone_source" name="test_appwide_button_filter_tags_common_dialog_buttons" time="0.001" /><testcase classname="tests.test_appwide_collapsible_autoscroll_source" name="test_collapsible_header_installs_appwide_autoscroll_handler" time="0.001" /><testcase classname="tests.test_appwide_collapsible_autoscroll_source" name="test_collapsible_autoscroll_targets_nearest_scroll_area_section_bottom" time="0.001" /><testcase classname="tests.test_appwide_collapsible_autoscroll_source" name="test_collapsible_autoscroll_waits_for_layout_and_lazy_refreshes" time="0.001" /><testcase classname="tests.test_appwide_color_scales" name="test_appwide_red_green_scale_endpoints_and_clamping" time="0.001" /><testcase classname="tests.test_appwide_color_scales" name="test_appwide_red_green_scale_maps_ranges" time="0.001" /><testcase classname="tests.test_appwide_color_scales" name="test_more_readable_color_scale_endpoints_clamping_and_range" time="0.001" /><testcase classname="tests.test_appwide_color_scales" name="test_quantitative_ui_consumers_use_the_appwide_scale" time="0.008" /><testcase classname="tests.test_appwide_color_scales" name="test_property_manager_uses_the_more_readable_color_scale" time="0.001" /><testcase classname="tests.test_appwide_cursor_policy_source" name="test_style_defines_shared_cursor_policy_and_installs_button_defaults" time="0.001" /><testcase classname="tests.test_appwide_cursor_policy_source" name="test_application_installs_appwide_cursor_defaults_at_startup" time="0.007" /><testcase classname="tests.test_appwide_cursor_policy_source" name="test_chart_info_popout_contexts_update_hover_cursor" time="0.008" /><testcase classname="tests.test_appwide_cursor_policy_source" name="test_chart_view_and_database_view_graphs_use_shared_popout_cursor" time="0.009" /><testcase classname="tests.test_appwide_cursor_policy_source" name="test_feature_panels_import_shared_cursor_helpers_instead_of_raw_button_cursors" time="0.010" /><testcase classname="tests.test_appwide_cursor_policy_source" name="test_chart_info_detail_links_use_question_cursor_helper" time="0.002" /><testcase classname="tests.test_appwide_dark_theme_source" name="test_style_defines_appwide_chart_view_text_input_and_button_standard" time="0.001" /><testcase classname="tests.test_appwide_dark_theme_source" name="test_application_uses_shared_appwide_dark_theme_stylesheet" time="0.010" /><testcase classname="tests.test_appwide_dark_theme_source" name="test_database_view_uses_shared_surface_and_toolbar_styles" time="0.009" /><testcase classname="tests.test_appwide_input" name="test_enter_submits_focused_line_edit_instead_of_other_panel_shortcut" time="0.083" /><testcase classname="tests.test_appwide_input" name="test_enter_remains_a_newline_in_multiline_editor" time="3.002" /><testcase classname="tests.test_appwide_input" name="test_modified_enter_shortcut_is_not_reserved_for_line_edit" time="0.041"><failure message="assert [] == [True]&#10;  &#10;  Right contains one more item: True&#10;  Use -v to get more diff">def test_modified_enter_shortcut_is_not_reserved_for_line_edit():
        app = _application()
        install_appwide_input_focus_policy(app)
        window = QWidget()
        layout = QVBoxLayout(window)
        search_input = QLineEdit()
        layout.addWidget(search_input)
        shortcut_hits: list[bool] = []
        shortcut = QShortcut(QKeySequence("Ctrl+Return"), window)
        shortcut.setContext(Qt.WidgetWithChildrenShortcut)
        shortcut.activated.connect(lambda: shortcut_hits.append(True))
    
        window.show()
        search_input.setFocus()
        QTest.keyClick(search_input, Qt.Key_Return, Qt.ControlModifier)
    
&gt;       assert shortcut_hits == [True]
E       assert [] == [True]
E         
E         Right contains one more item: True
E         Use -v to get more diff

tests\test_appwide_input.py:87: AssertionError</failure></testcase><testcase classname="tests.test_appwide_input" name="test_batch_editor_enter_bindings_are_scoped_and_use_native_submit_signals" time="0.008" /><testcase classname="tests.test_appwide_tooltip_style_source" name="test_universal_tooltip_style_matches_app_tooltip_standard" time="0.002" /><testcase classname="tests.test_appwide_tooltip_style_source" name="test_qapplication_installs_universal_tooltip_style" time="0.001" /><testcase classname="tests.test_appwide_tooltip_style_source" name="test_tooltip_signifier_does_not_install_legacy_widget_tooltip_styles" time="0.001" /><testcase classname="tests.test_appwide_tooltip_style_source" name="test_database_view_right_panel_buttons_have_default_tooltip_overrides" time="0.001" /><testcase classname="tests.test_appwide_tooltip_style_source" name="test_tooltips_wrap_after_42_characters" time="0.001" /><testcase classname="tests.test_appwide_tooltip_style_source" name="test_qwidget_settooltip_is_wrapped_appwide" time="0.001" /><testcase classname="tests.test_aspect_display_rules" name="test_structural_tautologies_are_single_source_display_exclusions" time="0.001" /><testcase classname="tests.test_aspect_display_rules" name="test_displayable_aspects_hide_angles_only_when_houses_unavailable" time="0.001" /><testcase classname="tests.test_aspect_display_rules" name="test_similarity_aspect_map_uses_display_rules_not_broad_angle_angle_exclusion" time="0.001" /><testcase classname="tests.test_aspect_display_rules" name="test_display_key_hides_missing_position_endpoints_when_requested" time="0.001" /><testcase classname="tests.test_aspect_sorting" name="test_position_sort_groups_by_primary_body_even_when_body_started_in_second_column" time="0.001" /><testcase classname="tests.test_astro_twin_presets_manager" name="test_preset_manager_rows_include_weights_and_associated_data_points" time="0.001" /><testcase classname="tests.test_astro_twin_presets_manager" name="test_property_manager_source_has_requested_preset_columns_and_placeholder" time="0.002" /><testcase classname="tests.test_astro_twin_settings_layout_source" name="test_demographic_matching_precedes_scoring_methods_and_has_divider" time="0.001" /><testcase classname="tests.test_astro_twin_settings_layout_source" name="test_demographic_matching_labels_order_and_no_tooltips" time="0.001" /><testcase classname="tests.test_astro_twin_settings_layout_source" name="test_database_distinction_precedes_custom_as_final_scoring_option" time="0.001" /><testcase classname="tests.test_astro_twin_settings_layout_source" name="test_database_distinction_explanation_is_tooltip_only" time="0.001" /><testcase classname="tests.test_astro_twin_settings_layout_source" name="test_custom_subpanel_has_visual_cues_and_preset_button_at_bottom" time="0.001" /><testcase classname="tests.test_astro_twin_settings_layout_source" name="test_custom_weight_grid_uses_centered_renamed_headers_and_compact_columns" time="0.001" /><testcase classname="tests.test_astro_twin_settings_layout_source" name="test_reset_weights_button_shares_placement_weighting_row" time="0.001" /><testcase classname="tests.test_astro_twin_settings_layout_source" name="test_placement_weighting_modes_have_item_and_selected_tooltips" time="0.001"><failure message="assert 'PLACEMENT_WEIGHTING_MODE_TOOLTIPS' in '(\n    *,\n    dialog: QDialog,\n    section_layout: QVBoxLayout,\n    subheader_style: str,\n    on_mode_default_tog... Authorities&quot;),\n    (&quot;bazisigns&quot;, &quot;BaZi Signs&quot;),\n    (&quot;positions&quot;, &quot;Positions&quot;),\n    (&quot;aspects&quot;, &quot;Aspects&quot;),\n)\n\n'">def test_placement_weighting_modes_have_item_and_selected_tooltips():
&gt;       assert "PLACEMENT_WEIGHTING_MODE_TOOLTIPS" in SECTION
E       assert 'PLACEMENT_WEIGHTING_MODE_TOOLTIPS' in '(\n    *,\n    dialog: QDialog,\n    section_layout: QVBoxLayout,\n    subheader_style: str,\n    on_mode_default_tog... Authorities"),\n    ("bazisigns", "BaZi Signs"),\n    ("positions", "Positions"),\n    ("aspects", "Aspects"),\n)\n\n'

tests\test_astro_twin_settings_layout_source.py:88: AssertionError</failure></testcase><testcase classname="tests.test_astro_twin_settings_layout_source" name="test_selected_scoring_method_uses_chart_data_highlight_color" time="0.001" /><testcase classname="tests.test_astro_twin_settings_layout_source" name="test_total_only_shows_green_completion_percentage_at_one" time="0.002" /><testcase classname="tests.test_astro_twin_settings_layout_source" name="test_custom_preset_selector_and_in_use_state_are_wired" time="0.001" /><testcase classname="tests.test_astro_twin_settings_layout_source" name="test_saving_loaded_preset_offers_exact_update_or_new_choices" time="0.001" /><testcase classname="tests.test_astro_twin_settings_layout_source" name="test_manage_presets_button_is_file_gated_and_right_of_selector" time="0.001" /><testcase classname="tests.test_astro_twin_settings_layout_source" name="test_research_accuracy_ranking_fills_space_below_button_and_divider" time="0.001" /><testcase classname="tests.test_astrotheme_error_classification" name="test_http_failures_are_classified_as_network_errors" time="0.009" /><testcase classname="tests.test_astrotheme_error_classification" name="test_http_get_sanitizes_replacement_character_before_urlopen" time="0.001" /><testcase classname="tests.test_astrotheme_error_classification" name="test_http_url_percent_encodes_legitimate_unicode_characters" time="0.001" /><testcase classname="tests.test_astrotheme_error_classification" name="test_invalid_profile_markup_is_classified_as_format_error" time="0.001" /><testcase classname="tests.test_backup_packages" name="test_create_backup_package_includes_known_sidecars" time="0.065"><failure message="PermissionError: [WinError 32] The process cannot access the file because it is being used by another process: 'C:\\Users\\ANONYM~1\\AppData\\Local\\Temp\\ephemeraldaddy-backup-d4g42cib\\payload\\data\\charts.db'">path = 'C:\\Users\\ANONYM~1\\AppData\\Local\\Temp\\ephemeraldaddy-backup-d4g42cib\\payload\\data'
onerror = &lt;function TemporaryDirectory._rmtree.&lt;locals&gt;.onerror at 0x000001DE30909080&gt;

    def _rmtree_unsafe(path, onerror):
        try:
            with os.scandir(path) as scandir_it:
                entries = list(scandir_it)
        except OSError:
            onerror(os.scandir, path, sys.exc_info())
            entries = []
        for entry in entries:
            fullname = entry.path
            if _rmtree_isdir(entry):
                try:
                    if entry.is_symlink():
                        # This can only happen if someone replaces
                        # a directory with a symlink after the call to
                        # os.scandir or entry.is_dir above.
                        raise OSError("Cannot call rmtree on a symbolic link")
                except OSError:
                    onerror(os.path.islink, fullname, sys.exc_info())
                    continue
                _rmtree_unsafe(fullname, onerror)
            else:
                try:
&gt;                   os.unlink(fullname)
E                   PermissionError: [WinError 32] The process cannot access the file because it is being used by another process: 'C:\\Users\\ANONYM~1\\AppData\\Local\\Temp\\ephemeraldaddy-backup-d4g42cib\\payload\\data\\charts.db'

..\..\..\AppData\Local\Python\pythoncore-3.11-64\Lib\shutil.py:632: PermissionError

During handling of the above exception, another exception occurred:

package_paths = {'charts': WindowsPath('C:/Users/Anonymous/AppData/Local/Temp/pytest-of-Anonymous/pytest-0/test_create_backup_package_...ppData/Local/Temp/pytest-of-Anonymous/pytest-0/test_create_backup_package_inc0/data/charts.personal_identifiers.json')}
tmp_path = WindowsPath('C:/Users/Anonymous/AppData/Local/Temp/pytest-of-Anonymous/pytest-0/test_create_backup_package_inc0')

    def test_create_backup_package_includes_known_sidecars(package_paths, tmp_path):
        _sqlite(package_paths["charts"], "charts", "chart")
        _sqlite(package_paths["photo_gallery"], "photos", "photo")
        _sqlite(package_paths["time_sensitivity"], "ranges", "range")
        package_paths["personal_identifiers"].write_text('{"1": {"emails": ["a@example.com"]}}', encoding="utf-8")
    
&gt;       destination = backups.create_backup_package(tmp_path / "full.edbackup")
                      ^^^^^^^^^^^^^^^^^^^^^^^^^^^^^^^^^^^^^^^^^^^^^^^^^^^^^^^^^

tests\test_backup_packages.py:48: 
_ _ _ _ _ _ _ _ _ _ _ _ _ _ _ _ _ _ _ _ _ _ _ _ _ _ _ _ _ _ _ _ _ _ _ _ _ _ _ _
ephemeraldaddy\core\backups.py:137: in create_backup_package
    with tempfile.TemporaryDirectory(prefix="ephemeraldaddy-backup-") as tmp_name:
..\..\..\AppData\Local\Python\pythoncore-3.11-64\Lib\tempfile.py:943: in __exit__
    self.cleanup()
..\..\..\AppData\Local\Python\pythoncore-3.11-64\Lib\tempfile.py:947: in cleanup
    self._rmtree(self.name, ignore_errors=self._ignore_cleanup_errors)
..\..\..\AppData\Local\Python\pythoncore-3.11-64\Lib\tempfile.py:929: in _rmtree
    _shutil.rmtree(name, onerror=onerror)
..\..\..\AppData\Local\Python\pythoncore-3.11-64\Lib\shutil.py:787: in rmtree
    return _rmtree_unsafe(path, onerror)
           ^^^^^^^^^^^^^^^^^^^^^^^^^^^^^
..\..\..\AppData\Local\Python\pythoncore-3.11-64\Lib\shutil.py:629: in _rmtree_unsafe
    _rmtree_unsafe(fullname, onerror)
..\..\..\AppData\Local\Python\pythoncore-3.11-64\Lib\shutil.py:629: in _rmtree_unsafe
    _rmtree_unsafe(fullname, onerror)
..\..\..\AppData\Local\Python\pythoncore-3.11-64\Lib\shutil.py:634: in _rmtree_unsafe
    onerror(os.unlink, fullname, sys.exc_info())
_ _ _ _ _ _ _ _ _ _ _ _ _ _ _ _ _ _ _ _ _ _ _ _ _ _ _ _ _ _ _ _ _ _ _ _ _ _ _ _

func = &lt;built-in function unlink&gt;
path = 'C:\\Users\\ANONYM~1\\AppData\\Local\\Temp\\ephemeraldaddy-backup-d4g42cib\\payload\\data\\charts.db'
exc_info = (&lt;class 'PermissionError'&gt;, PermissionError(13, 'The process cannot access the file because it is being used by another process'), &lt;traceback object at 0x000001DE308D7040&gt;)

    def onerror(func, path, exc_info):
        if issubclass(exc_info[0], PermissionError):
            if repeated and path == name:
                if ignore_errors:
                    return
                raise
    
            try:
                if path != name:
                    _resetperms(_os.path.dirname(path))
                _resetperms(path)
    
                try:
&gt;                   _os.unlink(path)
E                   PermissionError: [WinError 32] The process cannot access the file because it is being used by another process: 'C:\\Users\\ANONYM~1\\AppData\\Local\\Temp\\ephemeraldaddy-backup-d4g42cib\\payload\\data\\charts.db'

..\..\..\AppData\Local\Python\pythoncore-3.11-64\Lib\tempfile.py:893: PermissionError</failure></testcase><testcase classname="tests.test_backup_packages" name="test_create_backup_package_skips_missing_optional_components" time="0.022"><failure message="PermissionError: [WinError 32] The process cannot access the file because it is being used by another process: 'C:\\Users\\ANONYM~1\\AppData\\Local\\Temp\\ephemeraldaddy-backup-b6qcsi29\\payload\\data\\charts.db'">path = 'C:\\Users\\ANONYM~1\\AppData\\Local\\Temp\\ephemeraldaddy-backup-b6qcsi29\\payload\\data'
onerror = &lt;function TemporaryDirectory._rmtree.&lt;locals&gt;.onerror at 0x000001DE3090A2A0&gt;

    def _rmtree_unsafe(path, onerror):
        try:
            with os.scandir(path) as scandir_it:
                entries = list(scandir_it)
        except OSError:
            onerror(os.scandir, path, sys.exc_info())
            entries = []
        for entry in entries:
            fullname = entry.path
            if _rmtree_isdir(entry):
                try:
                    if entry.is_symlink():
                        # This can only happen if someone replaces
                        # a directory with a symlink after the call to
                        # os.scandir or entry.is_dir above.
                        raise OSError("Cannot call rmtree on a symbolic link")
                except OSError:
                    onerror(os.path.islink, fullname, sys.exc_info())
                    continue
                _rmtree_unsafe(fullname, onerror)
            else:
                try:
&gt;                   os.unlink(fullname)
E                   PermissionError: [WinError 32] The process cannot access the file because it is being used by another process: 'C:\\Users\\ANONYM~1\\AppData\\Local\\Temp\\ephemeraldaddy-backup-b6qcsi29\\payload\\data\\charts.db'

..\..\..\AppData\Local\Python\pythoncore-3.11-64\Lib\shutil.py:632: PermissionError

During handling of the above exception, another exception occurred:

package_paths = {'charts': WindowsPath('C:/Users/Anonymous/AppData/Local/Temp/pytest-of-Anonymous/pytest-0/test_create_backup_package_...ppData/Local/Temp/pytest-of-Anonymous/pytest-0/test_create_backup_package_ski0/data/charts.personal_identifiers.json')}
tmp_path = WindowsPath('C:/Users/Anonymous/AppData/Local/Temp/pytest-of-Anonymous/pytest-0/test_create_backup_package_ski0')

    def test_create_backup_package_skips_missing_optional_components(package_paths, tmp_path):
        _sqlite(package_paths["charts"], "charts", "chart")
    
&gt;       destination = backups.create_backup_package(tmp_path / "minimal")
                      ^^^^^^^^^^^^^^^^^^^^^^^^^^^^^^^^^^^^^^^^^^^^^^^^^^^

tests\test_backup_packages.py:70: 
_ _ _ _ _ _ _ _ _ _ _ _ _ _ _ _ _ _ _ _ _ _ _ _ _ _ _ _ _ _ _ _ _ _ _ _ _ _ _ _
ephemeraldaddy\core\backups.py:137: in create_backup_package
    with tempfile.TemporaryDirectory(prefix="ephemeraldaddy-backup-") as tmp_name:
..\..\..\AppData\Local\Python\pythoncore-3.11-64\Lib\tempfile.py:943: in __exit__
    self.cleanup()
..\..\..\AppData\Local\Python\pythoncore-3.11-64\Lib\tempfile.py:947: in cleanup
    self._rmtree(self.name, ignore_errors=self._ignore_cleanup_errors)
..\..\..\AppData\Local\Python\pythoncore-3.11-64\Lib\tempfile.py:929: in _rmtree
    _shutil.rmtree(name, onerror=onerror)
..\..\..\AppData\Local\Python\pythoncore-3.11-64\Lib\shutil.py:787: in rmtree
    return _rmtree_unsafe(path, onerror)
           ^^^^^^^^^^^^^^^^^^^^^^^^^^^^^
..\..\..\AppData\Local\Python\pythoncore-3.11-64\Lib\shutil.py:629: in _rmtree_unsafe
    _rmtree_unsafe(fullname, onerror)
..\..\..\AppData\Local\Python\pythoncore-3.11-64\Lib\shutil.py:629: in _rmtree_unsafe
    _rmtree_unsafe(fullname, onerror)
..\..\..\AppData\Local\Python\pythoncore-3.11-64\Lib\shutil.py:634: in _rmtree_unsafe
    onerror(os.unlink, fullname, sys.exc_info())
_ _ _ _ _ _ _ _ _ _ _ _ _ _ _ _ _ _ _ _ _ _ _ _ _ _ _ _ _ _ _ _ _ _ _ _ _ _ _ _

func = &lt;built-in function unlink&gt;
path = 'C:\\Users\\ANONYM~1\\AppData\\Local\\Temp\\ephemeraldaddy-backup-b6qcsi29\\payload\\data\\charts.db'
exc_info = (&lt;class 'PermissionError'&gt;, PermissionError(13, 'The process cannot access the file because it is being used by another process'), &lt;traceback object at 0x000001DF5ADC5B80&gt;)

    def onerror(func, path, exc_info):
        if issubclass(exc_info[0], PermissionError):
            if repeated and path == name:
                if ignore_errors:
                    return
                raise
    
            try:
                if path != name:
                    _resetperms(_os.path.dirname(path))
                _resetperms(path)
    
                try:
&gt;                   _os.unlink(path)
E                   PermissionError: [WinError 32] The process cannot access the file because it is being used by another process: 'C:\\Users\\ANONYM~1\\AppData\\Local\\Temp\\ephemeraldaddy-backup-b6qcsi29\\payload\\data\\charts.db'

..\..\..\AppData\Local\Python\pythoncore-3.11-64\Lib\tempfile.py:893: PermissionError</failure></testcase><testcase classname="tests.test_backup_packages" name="test_restore_backup_package_validates_checksum" time="0.015"><failure message="PermissionError: [WinError 32] The process cannot access the file because it is being used by another process: 'C:\\Users\\ANONYM~1\\AppData\\Local\\Temp\\ephemeraldaddy-backup-jqbnn2ls\\payload\\data\\charts.db'">path = 'C:\\Users\\ANONYM~1\\AppData\\Local\\Temp\\ephemeraldaddy-backup-jqbnn2ls\\payload\\data'
onerror = &lt;function TemporaryDirectory._rmtree.&lt;locals&gt;.onerror at 0x000001DF5977EE80&gt;

    def _rmtree_unsafe(path, onerror):
        try:
            with os.scandir(path) as scandir_it:
                entries = list(scandir_it)
        except OSError:
            onerror(os.scandir, path, sys.exc_info())
            entries = []
        for entry in entries:
            fullname = entry.path
            if _rmtree_isdir(entry):
                try:
                    if entry.is_symlink():
                        # This can only happen if someone replaces
                        # a directory with a symlink after the call to
                        # os.scandir or entry.is_dir above.
                        raise OSError("Cannot call rmtree on a symbolic link")
                except OSError:
                    onerror(os.path.islink, fullname, sys.exc_info())
                    continue
                _rmtree_unsafe(fullname, onerror)
            else:
                try:
&gt;                   os.unlink(fullname)
E                   PermissionError: [WinError 32] The process cannot access the file because it is being used by another process: 'C:\\Users\\ANONYM~1\\AppData\\Local\\Temp\\ephemeraldaddy-backup-jqbnn2ls\\payload\\data\\charts.db'

..\..\..\AppData\Local\Python\pythoncore-3.11-64\Lib\shutil.py:632: PermissionError

During handling of the above exception, another exception occurred:

package_paths = {'charts': WindowsPath('C:/Users/Anonymous/AppData/Local/Temp/pytest-of-Anonymous/pytest-0/test_restore_backup_package...ppData/Local/Temp/pytest-of-Anonymous/pytest-0/test_restore_backup_package_va0/data/charts.personal_identifiers.json')}
tmp_path = WindowsPath('C:/Users/Anonymous/AppData/Local/Temp/pytest-of-Anonymous/pytest-0/test_restore_backup_package_va0')

    def test_restore_backup_package_validates_checksum(package_paths, tmp_path):
        _sqlite(package_paths["charts"], "charts", "chart")
&gt;       destination = backups.create_backup_package(tmp_path / "full.edbackup")
                      ^^^^^^^^^^^^^^^^^^^^^^^^^^^^^^^^^^^^^^^^^^^^^^^^^^^^^^^^^

tests\test_backup_packages.py:89: 
_ _ _ _ _ _ _ _ _ _ _ _ _ _ _ _ _ _ _ _ _ _ _ _ _ _ _ _ _ _ _ _ _ _ _ _ _ _ _ _
ephemeraldaddy\core\backups.py:137: in create_backup_package
    with tempfile.TemporaryDirectory(prefix="ephemeraldaddy-backup-") as tmp_name:
..\..\..\AppData\Local\Python\pythoncore-3.11-64\Lib\tempfile.py:943: in __exit__
    self.cleanup()
..\..\..\AppData\Local\Python\pythoncore-3.11-64\Lib\tempfile.py:947: in cleanup
    self._rmtree(self.name, ignore_errors=self._ignore_cleanup_errors)
..\..\..\AppData\Local\Python\pythoncore-3.11-64\Lib\tempfile.py:929: in _rmtree
    _shutil.rmtree(name, onerror=onerror)
..\..\..\AppData\Local\Python\pythoncore-3.11-64\Lib\shutil.py:787: in rmtree
    return _rmtree_unsafe(path, onerror)
           ^^^^^^^^^^^^^^^^^^^^^^^^^^^^^
..\..\..\AppData\Local\Python\pythoncore-3.11-64\Lib\shutil.py:629: in _rmtree_unsafe
    _rmtree_unsafe(fullname, onerror)
..\..\..\AppData\Local\Python\pythoncore-3.11-64\Lib\shutil.py:629: in _rmtree_unsafe
    _rmtree_unsafe(fullname, onerror)
..\..\..\AppData\Local\Python\pythoncore-3.11-64\Lib\shutil.py:634: in _rmtree_unsafe
    onerror(os.unlink, fullname, sys.exc_info())
_ _ _ _ _ _ _ _ _ _ _ _ _ _ _ _ _ _ _ _ _ _ _ _ _ _ _ _ _ _ _ _ _ _ _ _ _ _ _ _

func = &lt;built-in function unlink&gt;
path = 'C:\\Users\\ANONYM~1\\AppData\\Local\\Temp\\ephemeraldaddy-backup-jqbnn2ls\\payload\\data\\charts.db'
exc_info = (&lt;class 'PermissionError'&gt;, PermissionError(13, 'The process cannot access the file because it is being used by another process'), &lt;traceback object at 0x000001DF595B62C0&gt;)

    def onerror(func, path, exc_info):
        if issubclass(exc_info[0], PermissionError):
            if repeated and path == name:
                if ignore_errors:
                    return
                raise
    
            try:
                if path != name:
                    _resetperms(_os.path.dirname(path))
                _resetperms(path)
    
                try:
&gt;                   _os.unlink(path)
E                   PermissionError: [WinError 32] The process cannot access the file because it is being used by another process: 'C:\\Users\\ANONYM~1\\AppData\\Local\\Temp\\ephemeraldaddy-backup-jqbnn2ls\\payload\\data\\charts.db'

..\..\..\AppData\Local\Python\pythoncore-3.11-64\Lib\tempfile.py:893: PermissionError</failure></testcase><testcase classname="tests.test_backup_packages" name="test_restore_package_removes_sidecars_missing_from_manifest" time="0.020"><failure message="PermissionError: [WinError 32] The process cannot access the file because it is being used by another process: 'C:\\Users\\ANONYM~1\\AppData\\Local\\Temp\\ephemeraldaddy-backup-fmvc8jw9\\payload\\data\\charts.db'">path = 'C:\\Users\\ANONYM~1\\AppData\\Local\\Temp\\ephemeraldaddy-backup-fmvc8jw9\\payload\\data'
onerror = &lt;function TemporaryDirectory._rmtree.&lt;locals&gt;.onerror at 0x000001DF5977F420&gt;

    def _rmtree_unsafe(path, onerror):
        try:
            with os.scandir(path) as scandir_it:
                entries = list(scandir_it)
        except OSError:
            onerror(os.scandir, path, sys.exc_info())
            entries = []
        for entry in entries:
            fullname = entry.path
            if _rmtree_isdir(entry):
                try:
                    if entry.is_symlink():
                        # This can only happen if someone replaces
                        # a directory with a symlink after the call to
                        # os.scandir or entry.is_dir above.
                        raise OSError("Cannot call rmtree on a symbolic link")
                except OSError:
                    onerror(os.path.islink, fullname, sys.exc_info())
                    continue
                _rmtree_unsafe(fullname, onerror)
            else:
                try:
&gt;                   os.unlink(fullname)
E                   PermissionError: [WinError 32] The process cannot access the file because it is being used by another process: 'C:\\Users\\ANONYM~1\\AppData\\Local\\Temp\\ephemeraldaddy-backup-fmvc8jw9\\payload\\data\\charts.db'

..\..\..\AppData\Local\Python\pythoncore-3.11-64\Lib\shutil.py:632: PermissionError

During handling of the above exception, another exception occurred:

package_paths = {'charts': WindowsPath('C:/Users/Anonymous/AppData/Local/Temp/pytest-of-Anonymous/pytest-0/test_restore_package_remove...ppData/Local/Temp/pytest-of-Anonymous/pytest-0/test_restore_package_removes_s0/data/charts.personal_identifiers.json')}
tmp_path = WindowsPath('C:/Users/Anonymous/AppData/Local/Temp/pytest-of-Anonymous/pytest-0/test_restore_package_removes_s0')

    def test_restore_package_removes_sidecars_missing_from_manifest(package_paths, tmp_path):
        _sqlite(package_paths["charts"], "charts", "original")
&gt;       package = backups.create_backup_package(tmp_path / "minimal.edbackup")
                  ^^^^^^^^^^^^^^^^^^^^^^^^^^^^^^^^^^^^^^^^^^^^^^^^^^^^^^^^^^^^

tests\test_backup_packages.py:105: 
_ _ _ _ _ _ _ _ _ _ _ _ _ _ _ _ _ _ _ _ _ _ _ _ _ _ _ _ _ _ _ _ _ _ _ _ _ _ _ _
ephemeraldaddy\core\backups.py:137: in create_backup_package
    with tempfile.TemporaryDirectory(prefix="ephemeraldaddy-backup-") as tmp_name:
..\..\..\AppData\Local\Python\pythoncore-3.11-64\Lib\tempfile.py:943: in __exit__
    self.cleanup()
..\..\..\AppData\Local\Python\pythoncore-3.11-64\Lib\tempfile.py:947: in cleanup
    self._rmtree(self.name, ignore_errors=self._ignore_cleanup_errors)
..\..\..\AppData\Local\Python\pythoncore-3.11-64\Lib\tempfile.py:929: in _rmtree
    _shutil.rmtree(name, onerror=onerror)
..\..\..\AppData\Local\Python\pythoncore-3.11-64\Lib\shutil.py:787: in rmtree
    return _rmtree_unsafe(path, onerror)
           ^^^^^^^^^^^^^^^^^^^^^^^^^^^^^
..\..\..\AppData\Local\Python\pythoncore-3.11-64\Lib\shutil.py:629: in _rmtree_unsafe
    _rmtree_unsafe(fullname, onerror)
..\..\..\AppData\Local\Python\pythoncore-3.11-64\Lib\shutil.py:629: in _rmtree_unsafe
    _rmtree_unsafe(fullname, onerror)
..\..\..\AppData\Local\Python\pythoncore-3.11-64\Lib\shutil.py:634: in _rmtree_unsafe
    onerror(os.unlink, fullname, sys.exc_info())
_ _ _ _ _ _ _ _ _ _ _ _ _ _ _ _ _ _ _ _ _ _ _ _ _ _ _ _ _ _ _ _ _ _ _ _ _ _ _ _

func = &lt;built-in function unlink&gt;
path = 'C:\\Users\\ANONYM~1\\AppData\\Local\\Temp\\ephemeraldaddy-backup-fmvc8jw9\\payload\\data\\charts.db'
exc_info = (&lt;class 'PermissionError'&gt;, PermissionError(13, 'The process cannot access the file because it is being used by another process'), &lt;traceback object at 0x000001DE3091E440&gt;)

    def onerror(func, path, exc_info):
        if issubclass(exc_info[0], PermissionError):
            if repeated and path == name:
                if ignore_errors:
                    return
                raise
    
            try:
                if path != name:
                    _resetperms(_os.path.dirname(path))
                _resetperms(path)
    
                try:
&gt;                   _os.unlink(path)
E                   PermissionError: [WinError 32] The process cannot access the file because it is being used by another process: 'C:\\Users\\ANONYM~1\\AppData\\Local\\Temp\\ephemeraldaddy-backup-fmvc8jw9\\payload\\data\\charts.db'

..\..\..\AppData\Local\Python\pythoncore-3.11-64\Lib\tempfile.py:893: PermissionError</failure></testcase><testcase classname="tests.test_backup_packages" name="test_restore_package_preserves_user_omitted_sidecars" time="0.020"><failure message="PermissionError: [WinError 32] The process cannot access the file because it is being used by another process: 'C:\\Users\\ANONYM~1\\AppData\\Local\\Temp\\ephemeraldaddy-backup-_2gtxf3w\\payload\\data\\charts.db'">path = 'C:\\Users\\ANONYM~1\\AppData\\Local\\Temp\\ephemeraldaddy-backup-_2gtxf3w\\payload\\data'
onerror = &lt;function TemporaryDirectory._rmtree.&lt;locals&gt;.onerror at 0x000001DF5977C720&gt;

    def _rmtree_unsafe(path, onerror):
        try:
            with os.scandir(path) as scandir_it:
                entries = list(scandir_it)
        except OSError:
            onerror(os.scandir, path, sys.exc_info())
            entries = []
        for entry in entries:
            fullname = entry.path
            if _rmtree_isdir(entry):
                try:
                    if entry.is_symlink():
                        # This can only happen if someone replaces
                        # a directory with a symlink after the call to
                        # os.scandir or entry.is_dir above.
                        raise OSError("Cannot call rmtree on a symbolic link")
                except OSError:
                    onerror(os.path.islink, fullname, sys.exc_info())
                    continue
                _rmtree_unsafe(fullname, onerror)
            else:
                try:
&gt;                   os.unlink(fullname)
E                   PermissionError: [WinError 32] The process cannot access the file because it is being used by another process: 'C:\\Users\\ANONYM~1\\AppData\\Local\\Temp\\ephemeraldaddy-backup-_2gtxf3w\\payload\\data\\charts.db'

..\..\..\AppData\Local\Python\pythoncore-3.11-64\Lib\shutil.py:632: PermissionError

During handling of the above exception, another exception occurred:

package_paths = {'charts': WindowsPath('C:/Users/Anonymous/AppData/Local/Temp/pytest-of-Anonymous/pytest-0/test_restore_package_preser...ppData/Local/Temp/pytest-of-Anonymous/pytest-0/test_restore_package_preserves0/data/charts.personal_identifiers.json')}
tmp_path = WindowsPath('C:/Users/Anonymous/AppData/Local/Temp/pytest-of-Anonymous/pytest-0/test_restore_package_preserves0')

    def test_restore_package_preserves_user_omitted_sidecars(package_paths, tmp_path):
        _sqlite(package_paths["charts"], "charts", "original")
&gt;       package = backups.create_backup_package(
            tmp_path / "custom.edbackup",
            included_component_keys={"charts"},
            preserve_missing_component_keys={"photo_gallery", "personal_identifiers", "time_sensitivity"},
        )

tests\test_backup_packages.py:120: 
_ _ _ _ _ _ _ _ _ _ _ _ _ _ _ _ _ _ _ _ _ _ _ _ _ _ _ _ _ _ _ _ _ _ _ _ _ _ _ _
ephemeraldaddy\core\backups.py:137: in create_backup_package
    with tempfile.TemporaryDirectory(prefix="ephemeraldaddy-backup-") as tmp_name:
..\..\..\AppData\Local\Python\pythoncore-3.11-64\Lib\tempfile.py:943: in __exit__
    self.cleanup()
..\..\..\AppData\Local\Python\pythoncore-3.11-64\Lib\tempfile.py:947: in cleanup
    self._rmtree(self.name, ignore_errors=self._ignore_cleanup_errors)
..\..\..\AppData\Local\Python\pythoncore-3.11-64\Lib\tempfile.py:929: in _rmtree
    _shutil.rmtree(name, onerror=onerror)
..\..\..\AppData\Local\Python\pythoncore-3.11-64\Lib\shutil.py:787: in rmtree
    return _rmtree_unsafe(path, onerror)
           ^^^^^^^^^^^^^^^^^^^^^^^^^^^^^
..\..\..\AppData\Local\Python\pythoncore-3.11-64\Lib\shutil.py:629: in _rmtree_unsafe
    _rmtree_unsafe(fullname, onerror)
..\..\..\AppData\Local\Python\pythoncore-3.11-64\Lib\shutil.py:629: in _rmtree_unsafe
    _rmtree_unsafe(fullname, onerror)
..\..\..\AppData\Local\Python\pythoncore-3.11-64\Lib\shutil.py:634: in _rmtree_unsafe
    onerror(os.unlink, fullname, sys.exc_info())
_ _ _ _ _ _ _ _ _ _ _ _ _ _ _ _ _ _ _ _ _ _ _ _ _ _ _ _ _ _ _ _ _ _ _ _ _ _ _ _

func = &lt;built-in function unlink&gt;
path = 'C:\\Users\\ANONYM~1\\AppData\\Local\\Temp\\ephemeraldaddy-backup-_2gtxf3w\\payload\\data\\charts.db'
exc_info = (&lt;class 'PermissionError'&gt;, PermissionError(13, 'The process cannot access the file because it is being used by another process'), &lt;traceback object at 0x000001DF5AE49B00&gt;)

    def onerror(func, path, exc_info):
        if issubclass(exc_info[0], PermissionError):
            if repeated and path == name:
                if ignore_errors:
                    return
                raise
    
            try:
                if path != name:
                    _resetperms(_os.path.dirname(path))
                _resetperms(path)
    
                try:
&gt;                   _os.unlink(path)
E                   PermissionError: [WinError 32] The process cannot access the file because it is being used by another process: 'C:\\Users\\ANONYM~1\\AppData\\Local\\Temp\\ephemeraldaddy-backup-_2gtxf3w\\payload\\data\\charts.db'

..\..\..\AppData\Local\Python\pythoncore-3.11-64\Lib\tempfile.py:893: PermissionError</failure></testcase><testcase classname="tests.test_backup_packages" name="test_create_backup_package_uses_custom_charts_source" time="0.024"><failure message="PermissionError: [WinError 32] The process cannot access the file because it is being used by another process: 'C:\\Users\\ANONYM~1\\AppData\\Local\\Temp\\ephemeraldaddy-backup-hyma16_d\\payload\\data\\charts.db'">path = 'C:\\Users\\ANONYM~1\\AppData\\Local\\Temp\\ephemeraldaddy-backup-hyma16_d\\payload\\data'
onerror = &lt;function TemporaryDirectory._rmtree.&lt;locals&gt;.onerror at 0x000001DF59718D60&gt;

    def _rmtree_unsafe(path, onerror):
        try:
            with os.scandir(path) as scandir_it:
                entries = list(scandir_it)
        except OSError:
            onerror(os.scandir, path, sys.exc_info())
            entries = []
        for entry in entries:
            fullname = entry.path
            if _rmtree_isdir(entry):
                try:
                    if entry.is_symlink():
                        # This can only happen if someone replaces
                        # a directory with a symlink after the call to
                        # os.scandir or entry.is_dir above.
                        raise OSError("Cannot call rmtree on a symbolic link")
                except OSError:
                    onerror(os.path.islink, fullname, sys.exc_info())
                    continue
                _rmtree_unsafe(fullname, onerror)
            else:
                try:
&gt;                   os.unlink(fullname)
E                   PermissionError: [WinError 32] The process cannot access the file because it is being used by another process: 'C:\\Users\\ANONYM~1\\AppData\\Local\\Temp\\ephemeraldaddy-backup-hyma16_d\\payload\\data\\charts.db'

..\..\..\AppData\Local\Python\pythoncore-3.11-64\Lib\shutil.py:632: PermissionError

During handling of the above exception, another exception occurred:

package_paths = {'charts': WindowsPath('C:/Users/Anonymous/AppData/Local/Temp/pytest-of-Anonymous/pytest-0/test_create_backup_package_...ppData/Local/Temp/pytest-of-Anonymous/pytest-0/test_create_backup_package_use0/data/charts.personal_identifiers.json')}
tmp_path = WindowsPath('C:/Users/Anonymous/AppData/Local/Temp/pytest-of-Anonymous/pytest-0/test_create_backup_package_use0')

    def test_create_backup_package_uses_custom_charts_source(package_paths, tmp_path):
        _sqlite(package_paths["charts"], "charts", "live")
        custom_charts = tmp_path / "custom_charts.db"
        _sqlite(custom_charts, "charts", "custom")
    
&gt;       package = backups.create_backup_package(
            tmp_path / "custom.edbackup",
            component_source_overrides={"charts": custom_charts},
            included_component_keys={"charts"},
            preserve_missing_component_keys={"photo_gallery", "personal_identifiers", "time_sensitivity"},
        )

tests\test_backup_packages.py:141: 
_ _ _ _ _ _ _ _ _ _ _ _ _ _ _ _ _ _ _ _ _ _ _ _ _ _ _ _ _ _ _ _ _ _ _ _ _ _ _ _
ephemeraldaddy\core\backups.py:137: in create_backup_package
    with tempfile.TemporaryDirectory(prefix="ephemeraldaddy-backup-") as tmp_name:
..\..\..\AppData\Local\Python\pythoncore-3.11-64\Lib\tempfile.py:943: in __exit__
    self.cleanup()
..\..\..\AppData\Local\Python\pythoncore-3.11-64\Lib\tempfile.py:947: in cleanup
    self._rmtree(self.name, ignore_errors=self._ignore_cleanup_errors)
..\..\..\AppData\Local\Python\pythoncore-3.11-64\Lib\tempfile.py:929: in _rmtree
    _shutil.rmtree(name, onerror=onerror)
..\..\..\AppData\Local\Python\pythoncore-3.11-64\Lib\shutil.py:787: in rmtree
    return _rmtree_unsafe(path, onerror)
           ^^^^^^^^^^^^^^^^^^^^^^^^^^^^^
..\..\..\AppData\Local\Python\pythoncore-3.11-64\Lib\shutil.py:629: in _rmtree_unsafe
    _rmtree_unsafe(fullname, onerror)
..\..\..\AppData\Local\Python\pythoncore-3.11-64\Lib\shutil.py:629: in _rmtree_unsafe
    _rmtree_unsafe(fullname, onerror)
..\..\..\AppData\Local\Python\pythoncore-3.11-64\Lib\shutil.py:634: in _rmtree_unsafe
    onerror(os.unlink, fullname, sys.exc_info())
_ _ _ _ _ _ _ _ _ _ _ _ _ _ _ _ _ _ _ _ _ _ _ _ _ _ _ _ _ _ _ _ _ _ _ _ _ _ _ _

func = &lt;built-in function unlink&gt;
path = 'C:\\Users\\ANONYM~1\\AppData\\Local\\Temp\\ephemeraldaddy-backup-hyma16_d\\payload\\data\\charts.db'
exc_info = (&lt;class 'PermissionError'&gt;, PermissionError(13, 'The process cannot access the file because it is being used by another process'), &lt;traceback object at 0x000001DE308D5180&gt;)

    def onerror(func, path, exc_info):
        if issubclass(exc_info[0], PermissionError):
            if repeated and path == name:
                if ignore_errors:
                    return
                raise
    
            try:
                if path != name:
                    _resetperms(_os.path.dirname(path))
                _resetperms(path)
    
                try:
&gt;                   _os.unlink(path)
E                   PermissionError: [WinError 32] The process cannot access the file because it is being used by another process: 'C:\\Users\\ANONYM~1\\AppData\\Local\\Temp\\ephemeraldaddy-backup-hyma16_d\\payload\\data\\charts.db'

..\..\..\AppData\Local\Python\pythoncore-3.11-64\Lib\tempfile.py:893: PermissionError</failure></testcase><testcase classname="tests.test_backup_packages" name="test_restore_database_supports_full_package_and_legacy_db" time="0.038"><failure message="PermissionError: [WinError 32] The process cannot access the file because it is being used by another process: 'C:\\Users\\ANONYM~1\\AppData\\Local\\Temp\\ephemeraldaddy-backup-cmago_b0\\payload\\data\\charts.db'">path = 'C:\\Users\\ANONYM~1\\AppData\\Local\\Temp\\ephemeraldaddy-backup-cmago_b0\\payload\\data'
onerror = &lt;function TemporaryDirectory._rmtree.&lt;locals&gt;.onerror at 0x000001DF5971A8E0&gt;

    def _rmtree_unsafe(path, onerror):
        try:
            with os.scandir(path) as scandir_it:
                entries = list(scandir_it)
        except OSError:
            onerror(os.scandir, path, sys.exc_info())
            entries = []
        for entry in entries:
            fullname = entry.path
            if _rmtree_isdir(entry):
                try:
                    if entry.is_symlink():
                        # This can only happen if someone replaces
                        # a directory with a symlink after the call to
                        # os.scandir or entry.is_dir above.
                        raise OSError("Cannot call rmtree on a symbolic link")
                except OSError:
                    onerror(os.path.islink, fullname, sys.exc_info())
                    continue
                _rmtree_unsafe(fullname, onerror)
            else:
                try:
&gt;                   os.unlink(fullname)
E                   PermissionError: [WinError 32] The process cannot access the file because it is being used by another process: 'C:\\Users\\ANONYM~1\\AppData\\Local\\Temp\\ephemeraldaddy-backup-cmago_b0\\payload\\data\\charts.db'

..\..\..\AppData\Local\Python\pythoncore-3.11-64\Lib\shutil.py:632: PermissionError

During handling of the above exception, another exception occurred:

package_paths = {'charts': WindowsPath('C:/Users/Anonymous/AppData/Local/Temp/pytest-of-Anonymous/pytest-0/test_restore_database_suppo...ppData/Local/Temp/pytest-of-Anonymous/pytest-0/test_restore_database_supports0/data/charts.personal_identifiers.json')}
tmp_path = WindowsPath('C:/Users/Anonymous/AppData/Local/Temp/pytest-of-Anonymous/pytest-0/test_restore_database_supports0')

    def test_restore_database_supports_full_package_and_legacy_db(package_paths, tmp_path):
        _sqlite(package_paths["charts"], "charts", "original")
        _sqlite(package_paths["photo_gallery"], "photos", "photo-original")
        package_paths["personal_identifiers"].write_text('{"old": true}', encoding="utf-8")
&gt;       package = backups.create_backup_package(tmp_path / "full.edbackup")
                  ^^^^^^^^^^^^^^^^^^^^^^^^^^^^^^^^^^^^^^^^^^^^^^^^^^^^^^^^^

tests\test_backup_packages.py:158: 
_ _ _ _ _ _ _ _ _ _ _ _ _ _ _ _ _ _ _ _ _ _ _ _ _ _ _ _ _ _ _ _ _ _ _ _ _ _ _ _
ephemeraldaddy\core\backups.py:137: in create_backup_package
    with tempfile.TemporaryDirectory(prefix="ephemeraldaddy-backup-") as tmp_name:
..\..\..\AppData\Local\Python\pythoncore-3.11-64\Lib\tempfile.py:943: in __exit__
    self.cleanup()
..\..\..\AppData\Local\Python\pythoncore-3.11-64\Lib\tempfile.py:947: in cleanup
    self._rmtree(self.name, ignore_errors=self._ignore_cleanup_errors)
..\..\..\AppData\Local\Python\pythoncore-3.11-64\Lib\tempfile.py:929: in _rmtree
    _shutil.rmtree(name, onerror=onerror)
..\..\..\AppData\Local\Python\pythoncore-3.11-64\Lib\shutil.py:787: in rmtree
    return _rmtree_unsafe(path, onerror)
           ^^^^^^^^^^^^^^^^^^^^^^^^^^^^^
..\..\..\AppData\Local\Python\pythoncore-3.11-64\Lib\shutil.py:629: in _rmtree_unsafe
    _rmtree_unsafe(fullname, onerror)
..\..\..\AppData\Local\Python\pythoncore-3.11-64\Lib\shutil.py:629: in _rmtree_unsafe
    _rmtree_unsafe(fullname, onerror)
..\..\..\AppData\Local\Python\pythoncore-3.11-64\Lib\shutil.py:634: in _rmtree_unsafe
    onerror(os.unlink, fullname, sys.exc_info())
_ _ _ _ _ _ _ _ _ _ _ _ _ _ _ _ _ _ _ _ _ _ _ _ _ _ _ _ _ _ _ _ _ _ _ _ _ _ _ _

func = &lt;built-in function unlink&gt;
path = 'C:\\Users\\ANONYM~1\\AppData\\Local\\Temp\\ephemeraldaddy-backup-cmago_b0\\payload\\data\\charts.db'
exc_info = (&lt;class 'PermissionError'&gt;, PermissionError(13, 'The process cannot access the file because it is being used by another process'), &lt;traceback object at 0x000001DF596DA6C0&gt;)

    def onerror(func, path, exc_info):
        if issubclass(exc_info[0], PermissionError):
            if repeated and path == name:
                if ignore_errors:
                    return
                raise
    
            try:
                if path != name:
                    _resetperms(_os.path.dirname(path))
                _resetperms(path)
    
                try:
&gt;                   _os.unlink(path)
E                   PermissionError: [WinError 32] The process cannot access the file because it is being used by another process: 'C:\\Users\\ANONYM~1\\AppData\\Local\\Temp\\ephemeraldaddy-backup-cmago_b0\\payload\\data\\charts.db'

..\..\..\AppData\Local\Python\pythoncore-3.11-64\Lib\tempfile.py:893: PermissionError</failure></testcase><testcase classname="tests.test_batch_nonastral_static_audit" name="test_batch_handlers_cannot_gain_unapproved_full_chart_updates" time="0.597" /><testcase classname="tests.test_batch_nonastral_static_audit" name="test_only_allowlisted_batch_handler_recalculates_dominance" time="0.617" /><testcase classname="tests.test_batch_subjective_single_chart_fast_path_source" name="test_single_sentiment_edit_uses_uid_lightweight_path" time="0.002" /><testcase classname="tests.test_batch_subjective_single_chart_fast_path_source" name="test_single_relationship_edit_uses_uid_lightweight_path" time="0.001" /><testcase classname="tests.test_batch_subjective_single_chart_fast_path_source" name="test_single_chart_finalize_does_not_queue_analytics_refresh" time="0.002" /><testcase classname="tests.test_batch_subjective_single_chart_fast_path_source" name="test_relationship_fast_path_keeps_collection_membership_current" time="0.001" /><testcase classname="tests.test_batch_subjective_single_chart_fast_path_source" name="test_subjective_db_writer_is_narrow_and_uid_based" time="0.001" /><testcase classname="tests.test_batch_subjective_single_chart_fast_path_source" name="test_batch_tag_additions_use_uid_only_metadata_writer" time="0.001" /><testcase classname="tests.test_batch_subjective_single_chart_fast_path_source" name="test_batch_tag_removal_never_loads_or_recalculates_charts" time="0.001" /><testcase classname="tests.test_batch_subjective_single_chart_fast_path_source" name="test_tag_database_writers_only_update_tags_column" time="0.001" /><testcase classname="tests.test_batch_subjective_single_chart_fast_path_source" name="test_remaining_batch_nonastral_handlers_use_general_uid_patch" time="0.002" /><testcase classname="tests.test_batch_subjective_single_chart_fast_path_source" name="test_batch_mortality_uses_coupled_uid_writer" time="0.001" /><testcase classname="tests.test_batch_subjective_single_chart_fast_path_source" name="test_birthtime_batch_handler_retains_astro_recalculation_path" time="0.001" /><testcase classname="tests.test_batch_subjective_single_chart_fast_path_source" name="test_batch_from_whence_uses_general_nonastral_patch" time="0.002" /><testcase classname="tests.test_batch_total_chart_export_source" name="test_multi_chart_export_prompts_for_directory_without_default_export_folder" time="0.001" /><testcase classname="tests.test_batch_total_chart_export_source" name="test_multi_chart_export_shows_progress_before_export_work_begins" time="0.001" /><testcase classname="tests.test_batch_total_chart_export_source" name="test_multi_chart_confirmation_accept_role_continues_to_directory_prompt" time="0.001" /><testcase classname="tests.test_batch_total_chart_export_source" name="test_batch_export_directory_dialog_sets_non_native_option_first" time="0.001" /><testcase classname="tests.test_batch_total_chart_export_source" name="test_background_export_ui_slots_run_on_gui_thread_without_self_waiting" time="0.001" /><testcase classname="tests.test_batch_total_chart_export_source" name="test_background_export_state_is_released_after_thread_finishes" time="0.001" /><testcase classname="tests.test_body_dynamics_metadata" name="test_body_dynamics_roles_normalize_ui_labels" time="0.001" /><testcase classname="tests.test_body_dynamics_metadata" name="test_resolves_body_dynamics_roles_from_chart_analytics_scores" time="0.001" /><testcase classname="tests.test_body_dynamics_metadata" name="test_database_view_body_dynamics_filter_modes" time="0.003" /><testcase classname="tests.test_chart_analytics_house_visibility" name="test_houses_section_follows_current_chart_house_availability" time="0.001" /><testcase classname="tests.test_chart_analytics_house_visibility" name="test_other_sections_and_empty_chart_remain_available" time="0.001" /><testcase classname="tests.test_chart_data_field_classification" name="test_master_field_categories_are_disjoint_and_explicit" time="0.001" /><testcase classname="tests.test_chart_data_field_classification" name="test_every_persisted_chart_column_has_one_master_classification" time="0.537"><failure message="AssertionError: assert {'age_when_fi..._pillar', ...} &lt;= frozenset({'a...lement', ...})&#10;  &#10;  Extra items in the left set:&#10;  'human_design_profile'">def test_every_persisted_chart_column_has_one_master_classification():
        from ephemeraldaddy.core import db
    
        connection = sqlite3.connect(":memory:")
        try:
            db._create_charts_table(connection)
            persisted_fields = {
                str(row[1]) for row in connection.execute("PRAGMA table_info(charts)")
            }
        finally:
            connection.close()
&gt;       assert persisted_fields &lt;= ASTRO_DATA | NONASTRAL_DATA
E       AssertionError: assert {'age_when_fi..._pillar', ...} &lt;= frozenset({'a...lement', ...})
E         
E         Extra items in the left set:
E         'human_design_profile'

tests\test_chart_data_field_classification.py:66: AssertionError</failure></testcase><testcase classname="tests.test_chart_data_field_classification" name="test_nonastral_edits_do_not_change_astro_recalculation_token" time="0.001" /><testcase classname="tests.test_chart_data_field_classification" name="test_astro_input_edit_changes_recalculation_token" time="0.001" /><testcase classname="tests.test_chart_data_field_classification" name="test_narrow_nonastral_guard_rejects_astro_and_unclassified_fields" time="0.001" /><testcase classname="tests.test_chart_data_position_glyphs" name="test_chart_data_positions_prefix_signs_with_dignity_and_debility_glyphs" time="0.736" /><testcase classname="tests.test_chart_data_position_glyphs" name="test_chart_data_positions_prefix_joy_house_when_houses_are_available" time="0.014" /><testcase classname="tests.test_chart_data_position_glyphs" name="test_chart_data_positions_do_not_show_joy_house_without_houses_or_rectified_time" time="0.016" /><testcase classname="tests.test_chart_data_position_glyphs" name="test_chart_data_joy_house_click_target_records_responsible_body" time="0.014" /><testcase classname="tests.test_chart_data_separator_style_source" name="test_chart_data_separator_style_is_appwide_style_constant" time="0.001" /><testcase classname="tests.test_chart_data_separator_style_source" name="test_chart_data_section_header_style_is_appwide_visible_width_overlay" time="0.001" /><testcase classname="tests.test_chart_data_separator_style_source" name="test_chart_data_table_header_tokens_are_colored_without_bold" time="0.001" /><testcase classname="tests.test_chart_data_separator_style_source" name="test_chart_data_outputs_use_visual_only_whitespace_separators" time="0.001" /><testcase classname="tests.test_chart_data_separator_style_source" name="test_human_design_chart_data_outputs_use_shared_table_widget" time="0.002" /><testcase classname="tests.test_chart_data_separator_style_source" name="test_human_design_synastry_header_shows_electrochemistry_score_before_gate_note" time="0.001" /><testcase classname="tests.test_chart_data_separator_style_source" name="test_chart_data_separator_skips_padded_table_headers" time="0.001" /><testcase classname="tests.test_chart_data_separator_style_source" name="test_human_design_advanced_plugin_supplement_uses_graphic_divider" time="0.003" /><testcase classname="tests.test_chart_data_uid_visibility" name="test_chart_uid_is_hidden_from_chart_data_output_by_default" time="0.524" /><testcase classname="tests.test_chart_data_uid_visibility" name="test_chart_uid_displays_between_place_and_positions_when_enabled" time="0.014" /><testcase classname="tests.test_chart_data_uid_visibility" name="test_linked_chart_uid_displays_for_hypothetical_alternative_chart_when_enabled" time="0.013" /><testcase classname="tests.test_chart_data_uid_visibility" name="test_linked_chart_uid_stays_hidden_for_standard_chart_when_enabled" time="0.013" /><testcase classname="tests.test_chart_editor_controller" name="test_lightweight_metadata_change_marks_dirty_before_queueing_autosave" time="0.001" /><testcase classname="tests.test_chart_editor_controller" name="test_programmatic_metadata_change_is_ignored" time="0.001" /><testcase classname="tests.test_chart_editor_controller" name="test_authoritative_change_is_dirty_and_protected_from_lightweight_save" time="0.001" /><testcase classname="tests.test_chart_editor_controller" name="test_incomplete_autosave_logs_kind_and_chart_uid" time="0.001" /><testcase classname="tests.test_chart_editor_controller" name="test_successful_autosave_does_not_log_warning" time="0.001" /><testcase classname="tests.test_chart_editor_exit_performance" name="test_database_view_open_does_not_block_for_classified_birth_data_prediction_flush" time="0.001" /><testcase classname="tests.test_chart_editor_exit_performance" name="test_database_view_open_only_blocks_for_unclassified_prediction_panel_save" time="0.001" /><testcase classname="tests.test_chart_editor_exit_performance" name="test_chart_editor_flush_uses_exit_performance_policy" time="0.003" /><testcase classname="tests.test_chart_editor_predictions_cleanup_source" name="test_predictions_panel_has_contextual_panel_subheader_and_reordered_synastry" time="0.002" /><testcase classname="tests.test_chart_editor_predictions_cleanup_source" name="test_traits_status_uses_cached_timestamp_and_centered_ellipsis_loader" time="0.001" /><testcase classname="tests.test_chart_editor_predictions_cleanup_source" name="test_traits_timestamp_resets_before_every_cache_lookup" time="0.001" /><testcase classname="tests.test_chart_editor_predictions_cleanup_source" name="test_predictions_subheader_refreshes_when_gender_changes" time="0.008" /><testcase classname="tests.test_chart_editor_predictions_cleanup_source" name="test_pronoun_possessive_determiners_are_attributive" time="0.003" /><testcase classname="tests.test_chart_editor_related_chart_choices" name="test_related_chart_choices_are_uid_first_deduplicated_and_exclude_current" time="0.001" /><testcase classname="tests.test_chart_editor_right_panel_controller" name="test_tab_activation_uses_only_explicit_widgets_and_operations" time="1.639" /><testcase classname="tests.test_chart_editor_unsaved_summary" name="test_unsaved_prompt_details_are_bounded_and_user_facing" time="0.001" /><testcase classname="tests.test_chart_editor_unsaved_summary" name="test_unsaved_prompt_includes_change_summary_details" time="0.002" /><testcase classname="tests.test_chart_editor_unsaved_summary" name="test_draft_comparison_is_owned_outside_app_and_reports_timing_changes" time="0.001" /><testcase classname="tests.test_chart_editor_unsaved_summary" name="test_draft_comparison_summarizes_typology_changes" time="0.001" /><testcase classname="tests.test_chart_editor_unsaved_summary" name="test_draft_comparison_summarizes_related_chart_changes" time="0.001" /><testcase classname="tests.test_chart_info_contrast" name="test_dark_text_colors_follow_canonical_body_palette" time="0.001" /><testcase classname="tests.test_chart_info_contrast" name="test_position_sign_info_uses_body_color_only_for_plain_format" time="0.004" /><testcase classname="tests.test_chart_info_contrast" name="test_each_summary_target_resets_contrast_before_rendering" time="0.003" /><testcase classname="tests.test_chart_info_contrast" name="test_direct_chart_info_link_paths_prepare_default_surface" time="0.006" /><testcase classname="tests.test_chart_info_token_formatting_source" name="test_chart_info_ambiguous_short_tokens_require_uppercase_word_matches" time="0.002"><failure message="assert 'uppercase_word_only_tokens = {&quot;AS&quot;, &quot;IC&quot;, &quot;G&quot;}' in '&quot;&quot;&quot;Shared GUI styling and interface constants.&quot;&quot;&quot;\nimport html\nimport re\n\nfrom PySide6.QtCore import (\n    QEasin...rt_stretch&quot;: 2,\n    &quot;info_stretch&quot;: 1,\n    &quot;info_placeholder&quot;: &quot;ⓘ Click a label to view detailed information.&quot;,\n}\n'">def test_chart_info_ambiguous_short_tokens_require_uppercase_word_matches():
        source = (REPO_ROOT / "ephemeraldaddy/gui/style.py").read_text()
    
&gt;       assert 'uppercase_word_only_tokens = {"AS", "IC", "G"}' in source
E       assert 'uppercase_word_only_tokens = {"AS", "IC", "G"}' in '"""Shared GUI styling and interface constants."""\nimport html\nimport re\n\nfrom PySide6.QtCore import (\n    QEasin...rt_stretch": 2,\n    "info_stretch": 1,\n    "info_placeholder": "ⓘ Click a label to view detailed information.",\n}\n'

tests\test_chart_info_token_formatting_source.py:10: AssertionError</failure></testcase><testcase classname="tests.test_chart_provenance" name="test_hypothetical_and_placeholder_are_distinct_chart_states" time="0.001" /><testcase classname="tests.test_chart_provenance" name="test_hypothetical_rows_are_excluded_as_candidates_but_not_placeholders" time="0.001" /><testcase classname="tests.test_chart_provenance" name="test_similarity_analysis_participants_include_hypothetical_charts" time="0.001" /><testcase classname="tests.test_chart_provenance" name="test_similarity_analysis_rows_include_hypothetical_charts" time="0.001" /><testcase classname="tests.test_chart_render_queue" name="test_discard_if_unqueued_removes_popped_stale_pending_section" time="0.001" /><testcase classname="tests.test_chart_render_queue" name="test_discard_if_unqueued_keeps_requeued_stale_section_pending" time="0.001" /><testcase classname="tests.test_chart_right_panel_graph_sizing_source" name="test_chart_view_right_panel_scroll_areas_disallow_horizontal_overflow" time="0.001" /><testcase classname="tests.test_chart_right_panel_graph_sizing_source" name="test_metric_graphs_delegate_to_single_viewport_layout_owner" time="0.009" /><testcase classname="tests.test_chart_right_panel_graph_sizing_source" name="test_tab_switch_reasserts_visible_canvas_layout_without_rerendering" time="0.001" /><testcase classname="tests.test_chart_right_panel_graph_sizing_source" name="test_canvas_layout_dependency_is_explicit_and_chart_editor_owned" time="0.001" /><testcase classname="tests.test_chart_right_panel_graph_sizing_source" name="test_hidden_metric_canvas_width_is_not_guessed_from_stale_geometry" time="0.001" /><testcase classname="tests.test_chart_right_panel_graph_sizing_source" name="test_rectified_time_canvas_reset_invalidates_layouts_before_preview_rebuild" time="0.008" /><testcase classname="tests.test_chart_right_panel_state_and_tabs" name="test_set_chart_right_panel_updates_state_stack_and_buttons" time="0.001" /><testcase classname="tests.test_chart_right_panel_state_and_tabs" name="test_set_chart_right_panel_falls_back_when_analytics_disabled" time="0.001" /><testcase classname="tests.test_chart_right_panel_state_and_tabs" name="test_sync_placeholder_state_hides_analytics_and_predictions_for_placeholder_chart" time="0.001" /><testcase classname="tests.test_chart_right_panel_state_and_tabs" name="test_sync_placeholder_state_keeps_saved_uid_chart_tabs_available" time="0.001" /><testcase classname="tests.test_chart_right_panel_state_and_tabs" name="test_schedule_render_for_active_tab_analytics" time="0.001" /><testcase classname="tests.test_chart_right_panel_state_and_tabs" name="test_schedule_render_for_active_tab_analytics_skips_clean_chart_token" time="0.001" /><testcase classname="tests.test_chart_right_panel_state_and_tabs" name="test_schedule_render_for_active_tab_predictions" time="0.001" /><testcase classname="tests.test_chart_right_panel_state_and_tabs" name="test_schedule_render_for_active_tab_subjective_notes_when_anagrams_visible" time="0.001"><failure message="AssertionError: assert [] == [(&lt;object obj...{'anagrams'})]&#10;  &#10;  Right contains one more item: (&lt;object object at 0x000001DF5AF08580&gt;, {'anagrams'})&#10;  Use -v to get more diff">def test_schedule_render_for_active_tab_subjective_notes_when_anagrams_visible():
        owner = _owner()
        owner._latest_chart = object()
        calls = []
        owner._schedule_chart_render = (
            lambda chart, sections=None: calls.append((chart, sections))
        )
        owner._render_enneagram_predictions = lambda _chart: None
        owner._render_dndification_predictions = lambda _chart: None
        owner._is_chart_analysis_section_visible = lambda key: key == "anagrams"
        owner._chart_right_panel_state.active_tab = "subjective_notes"
    
        schedule_chart_render_for_active_right_panel(owner)
    
&gt;       assert calls == [(owner._latest_chart, {"anagrams"})]
E       AssertionError: assert [] == [(&lt;object obj...{'anagrams'})]
E         
E         Right contains one more item: (&lt;object object at 0x000001DF5AF08580&gt;, {'anagrams'})
E         Use -v to get more diff

tests\test_chart_right_panel_state_and_tabs.py:285: AssertionError</failure></testcase><testcase classname="tests.test_chart_right_panel_state_and_tabs" name="test_controller_methods_delegate_to_helper_functions" time="0.001" /><testcase classname="tests.test_chart_right_panel_state_and_tabs" name="test_set_chart_right_panel_invalid_key_defaults_to_analytics" time="0.001" /><testcase classname="tests.test_chart_right_panel_state_and_tabs" name="test_schedule_render_skips_when_no_latest_chart" time="0.001" /><testcase classname="tests.test_chart_right_panel_state_and_tabs" name="test_schedule_render_for_subjective_notes_skips_when_anagrams_hidden" time="0.001" /><testcase classname="tests.test_chart_right_panel_state_and_tabs" name="test_schedule_render_for_active_tab_predictions_skips_cached_chart_token" time="0.001"><failure message="AssertionError: assert [('enneagram'...',), ('dnd',)] == [('enneagram',), ('dnd',)]&#10;  &#10;  Left contains 2 more items, first extra item: ('enneagram',)&#10;  Use -v to get more diff">def test_schedule_render_for_active_tab_predictions_skips_cached_chart_token():
        owner = _owner()
        owner._latest_chart = SimpleNamespace(name="same")
        calls = []
        owner._chart_analytics_cache_token = lambda chart: f"token:{chart.name}"
        owner._render_enneagram_predictions = lambda _chart: calls.append(("enneagram",))
        owner._render_dndification_predictions = lambda _chart: calls.append(("dnd",))
        owner._chart_right_panel_state.active_tab = "predictions"
    
        schedule_chart_render_for_active_right_panel(owner)
        schedule_chart_render_for_active_right_panel(owner)
    
&gt;       assert calls == [("enneagram",), ("dnd",)]
E       AssertionError: assert [('enneagram'...',), ('dnd',)] == [('enneagram',), ('dnd',)]
E         
E         Left contains 2 more items, first extra item: ('enneagram',)
E         Use -v to get more diff

tests\test_chart_right_panel_state_and_tabs.py:385: AssertionError</failure></testcase><testcase classname="tests.test_chart_right_panel_state_and_tabs" name="test_schedule_render_for_active_tab_predictions_rerenders_when_chart_token_changes" time="0.001" /><testcase classname="tests.test_chart_similarity_relationships" name="test_chart_similarity_relationship_file_round_trips_latest_state" time="0.031" /><testcase classname="tests.test_chart_similarity_relationships" name="test_chart_similarity_relationship_key_is_pair_stable_and_algorithm_independent" time="0.001" /><testcase classname="tests.test_chart_similarity_relationships" name="test_linked_hypothetical_consolidation_prefers_standard_score" time="0.024" /><testcase classname="tests.test_chart_similarity_relationships" name="test_linked_hypothetical_scores_update_in_unison" time="0.008" /><testcase classname="tests.test_chart_similarity_relationships" name="test_linked_hypothetical_inherits_standard_score_at_load_time" time="0.008" /><testcase classname="tests.test_chart_similarity_relationships" name="test_linked_hypothetical_consolidates_scores_with_standard_preferred" time="0.039" /><testcase classname="tests.test_chart_similarity_relationships" name="test_relationship_loader_normalizes_legacy_algorithm_log_entries" time="0.009" /><testcase classname="tests.test_chart_similarity_relationships" name="test_relationship_file_overrides_legacy_algorithm_log_for_same_pair" time="0.015" /><testcase classname="tests.test_chart_similarity_relationships" name="test_chart_similarity_relationship_uses_uid_key_when_available" time="0.010" /><testcase classname="tests.test_chart_similarity_relationships" name="test_relationship_migration_rekeys_existing_integer_relationships" time="0.014" /><testcase classname="tests.test_chart_similarity_relationships" name="test_relationship_migration_can_resolve_ids_from_legacy_key_without_chart_ids" time="0.014" /><testcase classname="tests.test_chart_similarity_relationships" name="test_relationship_migration_leaves_unmapped_relationships_unchanged" time="0.007" /><testcase classname="tests.test_chart_similarity_relationships" name="test_translator_maps_former_relationship_ids_to_uid_keys" time="0.006" /><testcase classname="tests.test_chart_similarity_relationships" name="test_save_relationship_requires_both_chart_uids" time="0.002" /><testcase classname="tests.test_chart_similarity_relationships" name="test_relationship_migration_strict_invalid_json_fails_loudly" time="0.007" /><testcase classname="tests.test_chart_similarity_relationships" name="test_conversion_report_formatter_lists_unresolved_chart_names" time="0.001" /><testcase classname="tests.test_chart_trait_metadata" name="test_get_chart_trait_metadata_returns_mapping_rows" time="0.060" /><testcase classname="tests.test_chart_trait_metadata" name="test_chart_trait_metadata_migrates_legacy_chart_id_rows_to_uid" time="0.057" /><testcase classname="tests.test_chart_trait_metadata" name="test_list_charts_exposes_chart_uid_for_uid_based_cache_signatures" time="0.057" /><testcase classname="tests.test_chart_trait_metadata" name="test_purge_chart_trait_metadata_for_deleted_trait_removes_uid_and_legacy_name_rows" time="0.064" /><testcase classname="tests.test_chart_trait_metadata" name="test_chart_trait_likelihood_partial_upsert_preserves_unrelated_rows" time="0.061" /><testcase classname="tests.test_chart_trait_metadata" name="test_chart_trait_likelihood_upsert_replaces_same_uid_rename_without_touching_others" time="0.062" /><testcase classname="tests.test_chart_typology_metadata" name="test_typology_metadata_defaults_and_nonastral_classification" time="0.565" /><testcase classname="tests.test_chart_typology_metadata" name="test_typology_metadata_round_trip" time="0.080" /><testcase classname="tests.test_chart_typology_metadata" name="test_observations_layout_places_emoji_portrait_after_reminds_me_of" time="0.008" /><testcase classname="tests.test_chart_typology_metadata" name="test_typology_hydration_preserves_unknown_tritype_slots" time="0.001" /><testcase classname="tests.test_chart_typology_metadata" name="test_new_chart_form_resets_typology_controls_to_defaults" time="0.008" /><testcase classname="tests.test_chart_uids" name="test_schema_backfills_unique_chart_uids_for_legacy_rows" time="0.009" /><testcase classname="tests.test_chart_uids" name="test_uid_finalization_rewrites_legacy_relationships_and_duplicate_exclusions" time="0.009" /><testcase classname="tests.test_chart_uids" name="test_uid_finalization_prints_terminal_confirmation" time="0.008" /><testcase classname="tests.test_chart_uids" name="test_append_database_preserves_non_colliding_source_chart_uid" time="0.117" /><testcase classname="tests.test_chart_uids" name="test_append_database_regenerates_colliding_source_chart_uid" time="0.109" /><testcase classname="tests.test_chart_uids" name="test_load_chart_keeps_chart_uid_projection_aligned" time="0.058" /><testcase classname="tests.test_chart_uids" name="test_load_charts_batches_chart_reconstruction" time="0.055" /><testcase classname="tests.test_chart_uids" name="test_uid_native_chart_lookup_and_loading" time="0.077" /><testcase classname="tests.test_chart_uids" name="test_uid_native_update_and_delete_bridge_to_existing_id_storage" time="0.092" /><testcase classname="tests.test_chart_uids" name="test_list_charts_projection_stays_aligned" time="0.055" /><testcase classname="tests.test_chart_uids" name="test_table_column_cache_refreshes_when_active_schema_changes" time="0.056" /><testcase classname="tests.test_chart_uids" name="test_table_column_cache_does_not_leak_to_external_database" time="0.056" /><testcase classname="tests.test_chart_uids" name="test_list_charts_keeps_uid_and_weirdness_columns_distinct" time="0.058" /><testcase classname="tests.test_chart_uids" name="test_list_charts_preserves_numeric_chart_uid_when_weirdness_is_null" time="0.055" /><testcase classname="tests.test_chart_uids" name="test_load_chart_hydrates_matching_persisted_derived_payload_without_recomputing" time="0.057" /><testcase classname="tests.test_chart_uids" name="test_load_chart_recomputes_and_refreshes_stale_derived_signature" time="0.640" /><testcase classname="tests.test_chart_uids" name="test_load_chart_rejects_malformed_matching_derived_cache" time="0.068" /><testcase classname="tests.test_chart_uids" name="test_load_chart_rejects_derived_cache_when_lilith_mode_changes" time="0.065" /><testcase classname="tests.test_chart_uids" name="test_get_chart_ids_by_uid_chunks_large_uid_batches" time="0.067" /><testcase classname="tests.test_chart_view_data_entry_alignment_source" name="test_birth_date_captions_have_no_layout_gap_and_peer_inputs_align_below" time="0.002" /><testcase classname="tests.test_chart_view_data_entry_alignment_source" name="test_compact_metadata_labels_are_multiline_and_vertically_centered" time="0.003" /><testcase classname="tests.test_chart_view_metadata_only_save_source" name="test_chart_view_has_metadata_only_save_guard" time="0.005" /><testcase classname="tests.test_chart_view_metadata_only_save_source" name="test_metadata_only_guard_tracks_birth_calculation_inputs" time="0.001" /><testcase classname="tests.test_chart_view_metadata_only_save_source" name="test_metadata_only_branch_persists_reminds_me_of_and_avoids_render_spinner" time="0.002" /><testcase classname="tests.test_chart_view_metadata_only_save_source" name="test_placeholder_charts_do_not_short_circuit_birth_input_comparison" time="0.001" /><testcase classname="tests.test_chart_view_metadata_only_save_source" name="test_coordinate_search_selection_for_same_place_label_forces_recalculation" time="0.001" /><testcase classname="tests.test_chart_view_metadata_only_save_source" name="test_chart_save_change_detection_uses_persisted_chart_not_preview_baseline" time="0.002" /><testcase classname="tests.test_chart_view_metadata_only_save_source" name="test_metadata_only_saves_use_lightweight_db_update_path" time="0.002" /><testcase classname="tests.test_chart_view_metadata_only_save_source" name="test_new_and_existing_chart_calculation_events_are_explicit" time="0.001" /><testcase classname="tests.test_chart_view_more_less_source" name="test_chart_analytics_more_info_link_toggles_details_and_link_text" time="0.001" /><testcase classname="tests.test_chart_view_more_less_source" name="test_prediction_more_links_offer_show_less_and_restore_summaries" time="0.001" /><testcase classname="tests.test_chart_view_more_less_source" name="test_euphonics_details_button_uses_show_less_while_expanded" time="0.001" /><testcase classname="tests.test_chart_view_rectified_time_preview_source" name="test_rectified_time_preview_only_queues_lightweight_sections" time="0.002" /><testcase classname="tests.test_chart_view_rectified_time_preview_source" name="test_chart_render_can_skip_time_sensitivity_refresh_for_live_timing_preview" time="0.002" /><testcase classname="tests.test_chart_view_rectified_time_preview_source" name="test_timing_preview_flush_keeps_live_chart_data_output_rebuild" time="0.001" /><testcase classname="tests.test_chart_view_rectified_time_preview_source" name="test_timing_preview_completion_refreshes_only_visible_analytics" time="0.001" /><testcase classname="tests.test_chart_view_rectified_time_preview_source" name="test_chart_summary_does_not_wake_predictions_during_timing_preview" time="0.001" /><testcase classname="tests.test_chart_view_rectified_time_preview_source" name="test_timing_edit_switches_open_predictions_panel_to_analytics" time="0.001" /><testcase classname="tests.test_chart_view_rectified_time_preview_source" name="test_forced_analytics_switch_can_defer_render_until_preview_finishes" time="0.001" /><testcase classname="tests.test_chart_view_right_panel_layout_source" name="test_chart_analytics_layout_allows_canvases_to_fill_scroll_viewport" time="0.001" /><testcase classname="tests.test_chart_view_right_panel_layout_source" name="test_metric_canvas_sizing_uses_expanding_width_not_ignored_zero_width" time="0.001" /><testcase classname="tests.test_chart_view_right_panel_layout_source" name="test_metric_canvas_width_subtracts_scroll_content_margins" time="0.001" /><testcase classname="tests.test_chart_view_right_panel_layout_source" name="test_prediction_graph_sections_use_extra_axis_label_height" time="0.002" /><testcase classname="tests.test_chart_view_right_panel_layout_source" name="test_dnd_prediction_summary_is_added_after_metric_panel_render_clears_layout" time="0.008"><failure message="ValueError: substring not found">def test_dnd_prediction_summary_is_added_after_metric_panel_render_clears_layout():
        source = (REPO_ROOT / "ephemeraldaddy/gui/app.py").read_text()
        method_start = source.index("    def _render_dndification_predictions")
        method = source[
&gt;           method_start : source.index("    def _normalize_aspect_type", method_start)
                           ^^^^^^^^^^^^^^^^^^^^^^^^^^^^^^^^^^^^^^^^^^^^^^^^^^^^^^^^^^^^
        ]
E       ValueError: substring not found

[...]
m_averages_source" time="0.001" /><testcase classname="tests.test_trait_predictions_cache" name="test_chart_view_traits_render_uses_persisted_metadata_before_calculate_prompt_source" time="0.001" /><testcase classname="tests.test_trait_predictions_cache" name="test_dnd_statblock_popout_defines_db_norm_averages_parameter_source" time="0.001" /><testcase classname="tests.test_traits" name="test_parse_similarities_python_export_preserves_trait_profile" time="0.008" /><testcase classname="tests.test_traits" name="test_parse_exact_similarities_python_export_assignment" time="0.010" /><testcase classname="tests.test_traits" name="test_parse_enneagram_style_assignment_with_int_keys_sets_and_inline_comments" time="0.008" /><testcase classname="tests.test_traits" name="test_parse_json_named_similarities_export_with_python_comments_and_trailing_commas" time="0.011" /><testcase classname="tests.test_traits" name="test_parse_installed_json_with_trailing_commas_and_json_literals" time="0.009" /><testcase classname="tests.test_traits" name="test_parse_jsonish_trailing_comma_cleanup_preserves_string_values" time="0.008" /><testcase classname="tests.test_traits" name="test_list_traits_keeps_valid_jsonish_local_traits" time="0.015" /><testcase classname="tests.test_traits" name="test_install_rename_delete_trait_uses_local_traits_directory" time="0.023" /><testcase classname="tests.test_traits" name="test_install_trait_file_serializes_python_tuple_channel_keys" time="0.016" /><testcase classname="tests.test_traits" name="test_trait_color_and_archive_metadata_are_persisted" time="0.029" /><testcase classname="tests.test_traits" name="test_trait_description_metadata_is_persisted" time="0.023" /><testcase classname="tests.test_traits" name="test_install_trait_file_preserves_samples_description_and_hash_comments" time="0.026" /><testcase classname="tests.test_traits" name="test_parse_trait_file_accepts_legacy_integer_samples_with_warning" time="0.009" /><testcase classname="tests.test_traits" name="test_install_trait_file_ignores_hashes_inside_multiline_strings" time="0.018" /><testcase classname="tests.test_traits" name="test_list_traits_logs_and_skips_corrupt_trait_files" time="0.010" /><testcase classname="tests.test_traits" name="test_list_traits_can_raise_for_corrupt_trait_files" time="0.004" /><testcase classname="tests.test_traits" name="test_trait_possible_score_can_exclude_house_criteria" time="0.003" /><testcase classname="tests.test_traits" name="test_trait_likelihood_ignores_supplied_house_possible_score_when_chart_has_no_houses" time="0.002" /><testcase classname="tests.test_traits" name="test_list_traits_loads_bundled_defaults_before_local_custom_traits" time="0.020" /><testcase classname="tests.test_traits" name="test_list_traits_keeps_non_overlapping_local_traits_with_defaults" time="0.013" /><testcase classname="tests.test_traits_privacy_and_metadata_source" name="test_trait_prediction_debug_logs_use_uids_not_chart_names" time="0.002" /><testcase classname="tests.test_traits_privacy_and_metadata_source" name="test_weighted_predictor_debug_labels_are_uid_only_and_parse_errors_do_not_print" time="0.001" /><testcase classname="tests.test_traits_privacy_and_metadata_source" name="test_chart_serializes_derived_traits_in_metadata" time="0.001" /><testcase classname="tests.test_traits_privacy_and_metadata_source" name="test_chart_trait_metadata_runtime_fields_use_trait_uids" time="0.001" /><testcase classname="tests.test_traits_settings_source" name="test_traits_settings_ui_lives_outside_app_py" time="0.009" /><testcase classname="tests.test_traits_settings_source" name="test_traits_settings_list_fills_available_window_height" time="0.001" /><testcase classname="tests.test_traits_settings_source" name="test_trait_prediction_rendering_lives_outside_app_py" time="0.010" /><testcase classname="tests.test_traits_settings_source" name="test_prediction_norm_rows_use_full_database_not_displayed_filter_scope" time="0.009" /><testcase classname="tests.test_traits_settings_source" name="test_database_view_traits_search_lives_in_search_panel_and_uses_metadata" time="0.009"><failure message="assert 'add_collapsible_section(&quot;🧬Traits&quot;)' in '&quot;&quot;&quot;Database View right-hand search panel UI builder.\n\nThis module intentionally owns Database View search-panel wid...  button_row.addWidget(clear_button)\n    layout.addLayout(button_row)\n\n    layout.addStretch(1)\n    return panel\n'">def test_database_view_traits_search_lives_in_search_panel_and_uses_metadata():
        app_source = (ROOT / "ephemeraldaddy" / "gui" / "app.py").read_text(encoding="utf-8")
        search_source = (ROOT / "ephemeraldaddy" / "gui" / "dbv_search_panel.py").read_text(encoding="utf-8")
        predictions_source = (
            ROOT / "ephemeraldaddy" / "gui" / "features" / "charts" / "trait_predictions.py"
        ).read_text(encoding="utf-8")
        db_source = (ROOT / "ephemeraldaddy" / "core" / "db.py").read_text(encoding="utf-8")
    
&gt;       assert 'add_collapsible_section("🧬Traits")' in search_source
E       assert 'add_collapsible_section("🧬Traits")' in '"""Database View right-hand search panel UI builder.\n\nThis module intentionally owns Database View search-panel wid...  button_row.addWidget(clear_button)\n    layout.addLayout(button_row)\n\n    layout.addStretch(1)\n    return panel\n'

tests\test_traits_settings_source.py:74: AssertionError</failure></testcase><testcase classname="tests.test_traits_settings_source" name="test_chart_view_trait_metadata_is_incremental_by_trait_signature" time="0.002" /><testcase classname="tests.test_traits_settings_source" name="test_trait_database_norm_cache_uses_scaled_refresh_threshold" time="0.001" /><testcase classname="tests.test_traits_settings_source" name="test_trait_uid_source_and_metadata_wiring_are_present" time="0.002" /><testcase classname="tests.test_traits_settings_source" name="test_legacy_trait_signature_and_parenthesized_names_are_preserved" time="0.001" /><testcase classname="tests.test_traits_settings_source" name="test_deleted_traits_purge_uid_metadata_from_settings_handler" time="0.002" /><testcase classname="tests.test_transit_export" name="test_build_transit_chart_export_text" time="0.573" /><testcase classname="tests.test_transit_position_diagnostic" name="test_derived_cache_diagnostic_logs_every_field_side_by_side" time="0.002" /><testcase classname="tests.test_transit_position_diagnostic" name="test_derived_cache_diagnostic_uses_rectified_time" time="0.001" /><testcase classname="tests.test_transit_window_cache" name="test_transit_window_cache_builds_stable_location_sensitive_keys" time="0.001" /><testcase classname="tests.test_transit_window_cache" name="test_transit_window_cache_tracks_metrics_and_evicts_lru_entries" time="0.001" /><testcase classname="tests.test_uid_controller_state_source" name="test_database_view_hidden_and_visible_state_is_uid_owned" time="0.004" /><testcase classname="tests.test_uid_controller_state_source" name="test_chart_editor_hidden_state_is_uid_owned" time="0.003" /><testcase classname="tests.test_uid_controller_state_source" name="test_batch_refresh_does_not_retain_parallel_local_ids" time="0.003" /><testcase classname="tests.test_uid_controller_state_source" name="test_similar_charts_worker_owns_uid_identity_only" time="0.001" /><testcase classname="tests.test_uid_controller_state_source" name="test_inline_rename_identity_is_uid_owned" time="0.003" /><testcase classname="tests.test_uid_controller_state_source" name="test_possible_duplicate_controller_state_is_uid_keyed" time="0.003" /><testcase classname="tests.test_uid_controller_state_source" name="test_trait_ranking_selection_state_is_uid_owned" time="0.003" /><testcase classname="tests.test_uid_controller_state_source" name="test_database_metrics_dirty_and_snapshot_state_is_uid_keyed" time="0.003" /><testcase classname="tests.test_uid_controller_state_source" name="test_active_and_displayed_row_caches_are_uid_keyed" time="0.003" /><testcase classname="tests.test_uid_controller_state_source" name="test_displayed_row_uid_is_normalized_before_cache_insertion" time="0.003" /><testcase classname="tests.test_uid_controller_state_source" name="test_similar_chart_candidate_exclusions_are_uid_owned" time="0.002" /><testcase classname="tests.test_uid_controller_state_source" name="test_charts_controller_has_no_legacy_pending_id_callbacks" time="0.001" /><testcase classname="tests.test_uid_controller_state_source" name="test_high_similarity_and_worker_callers_pass_hidden_uids" time="0.003" /><testcase classname="tests.test_uid_controller_state_source" name="test_weirdness_metadata_cache_is_uid_keyed" time="0.003" /><testcase classname="tests.test_uid_finalization_source" name="test_uid_finalization_migration_is_schema_versioned_and_marked" time="0.001" /><testcase classname="tests.test_uid_finalization_source" name="test_database_view_loads_selected_chart_by_uid_when_available" time="0.005"><failure message="AssertionError: assert 'chart_uid = str(item.data(Qt.UserRole + 2)' in '    def _load_chart_from_item(self, item: QListWidgetItem) -&gt; None:\n        chart_id = self._item_local_row_id(item)...f isinstance(parent, MainWindow):\n                parent._retarget_size_checker_to_main_view()\n        self.hide()\n'">def test_database_view_loads_selected_chart_by_uid_when_available():
        populate_source = APP_SOURCE.split("item = QListWidgetItem(label)", 1)[1].split(
            "is_hypothetical = _chart_row_is_hypothetical", 1
        )[0]
        assert "item.setData(Qt.UserRole + 2" in populate_source
        load_source = _indented_method_source(APP_SOURCE, "_load_chart_from_item")
&gt;       assert "chart_uid = str(item.data(Qt.UserRole + 2)" in load_source
E       AssertionError: assert 'chart_uid = str(item.data(Qt.UserRole + 2)' in '    def _load_chart_from_item(self, item: QListWidgetItem) -&gt; None:\n        chart_id = self._item_local_row_id(item)...f isinstance(parent, MainWindow):\n                parent._retarget_size_checker_to_main_view()\n        self.hide()\n'

tests\test_uid_finalization_source.py:40: AssertionError</failure></testcase><testcase classname="tests.test_user_facing_terminology_source" name="test_primary_window_names_are_database_view_and_chart_editor" time="0.010" /><testcase classname="tests.test_user_facing_terminology_source" name="test_help_uses_only_primary_window_names" time="0.001" /><testcase classname="tests.test_user_facing_terminology_source" name="test_similarity_modules_and_rectification_visible_labels_are_canonical" time="0.002"><failure message="assert 'setWindowTitle(f&quot;Astro Twin — {subject_name}&quot;)' in '# LEGACY CHART ID WARNING: any chart_id reference in this file is transitional compatibility only; new code must use ...430])\n    if show_perceived_accuracy_controls:\n        _update_perceived_accuracy_tally(dialog)\n    return dialog\n'">def test_similarity_modules_and_rectification_visible_labels_are_canonical():
        chrome = _source("ephemeraldaddy/gui/window_chrome.py")
        similarity_panel = _source(
            "ephemeraldaddy/gui/features/charts/similarities/controller.py"
        )
        twins_window = _source(
            "ephemeraldaddy/gui/features/charts/similar_charts_popout.py"
        )
        rectification = _source("ephemeraldaddy/gui/features/dialogues.py")
    
        assert '"Similarities Analysis"' in chrome
        assert 'QLabel("Similarities Analysis")' in similarity_panel
        assert '"👯 Astro Twin"' in chrome
&gt;       assert 'setWindowTitle(f"Astro Twin — {subject_name}")' in twins_window
E       assert 'setWindowTitle(f"Astro Twin — {subject_name}")' in '# LEGACY CHART ID WARNING: any chart_id reference in this file is transitional compatibility only; new code must use ...430])\n    if show_perceived_accuracy_controls:\n        _update_perceived_accuracy_tally(dialog)\n    return dialog\n'

tests\test_user_facing_terminology_source.py:52: AssertionError</failure></testcase><testcase classname="tests.test_user_facing_terminology_source" name="test_astro_twin_calculator_and_similarities_analysis_remain_distinct" time="0.010"><failure message="assert '&quot;Choose which algorithm generates Astro Twin Calculator results:&quot;' in 'from __future__ import annotations\n\nimport weakref\nfrom pathlib import Path\nfrom typing import Callable\n\nimport...se the old Enneagram-specific name.\nbuild_enneagram_predictor_settings_section = build_predictions_settings_section\n'">def test_astro_twin_calculator_and_similarities_analysis_remain_distinct():
        app = _source("ephemeraldaddy/gui/app.py")
        dev_tools = _source("ephemeraldaddy/gui/dev_tools.py")
    
        assert '"Show Similarities Analysis"' in app
        assert '"Astro Twin Calculator"' in app
&gt;       assert '"Choose which algorithm generates Astro Twin Calculator results:"' in dev_tools
E       assert '"Choose which algorithm generates Astro Twin Calculator results:"' in 'from __future__ import annotations\n\nimport weakref\nfrom pathlib import Path\nfrom typing import Callable\n\nimport...se the old Enneagram-specific name.\nbuild_enneagram_predictor_settings_section = build_predictions_settings_section\n'

tests\test_user_facing_terminology_source.py:64: AssertionError</failure></testcase><testcase classname="tests.test_weighted_chart_predictor" name="test_scores_human_design_and_bazi_metadata_categories" time="0.001" /><testcase classname="tests.test_weighted_chart_predictor" name="test_scoring_options_include_human_design_activation_weight" time="0.001" /><testcase classname="tests.test_weighted_chart_predictor" name="test_coerce_scoring_options_preserves_human_design_activation_weight" time="0.001" /><testcase classname="tests.test_weighted_chart_predictor" name="test_scores_weighted_human_design_channels" time="0.001" /><testcase classname="tests.test_weighted_chart_predictor" name="test_scores_bazi_signs_from_stored_pillars" time="0.001" /><testcase classname="tests.test_weighted_chart_predictor" name="test_position_dominance_weighting_can_be_disabled" time="0.001" /><testcase classname="tests.test_weighted_chart_predictor" name="test_aspect_dominance_weighting_can_use_orb_quality_instead" time="0.001" /><testcase classname="tests.test_weighted_chart_predictor" name="test_simplified_anti_handling_directly_subtracts_anti_weights_without_category_weights" time="0.001" /><testcase classname="tests.test_weighted_chart_predictor" name="test_skips_hd_gate_and_bazi_resolution_when_predictors_do_not_use_those_categories" time="0.001" /><testcase classname="tests.test_weighted_chart_predictor" name="test_bazi_fallback_uses_rectified_time_when_hour_is_available" time="0.001" /><testcase classname="tests.test_weighted_chart_predictor" name="test_bazi_signs_from_stored_pillars_exclude_hour_without_house_time" time="0.001" /><testcase classname="tests.test_weighted_chart_predictor" name="test_direct_dominance_can_use_share_of_total_activation" time="0.001" /><testcase classname="tests.test_weighted_chart_predictor" name="test_weighted_position_entries_accepts_flat_and_nested_shapes" time="0.001" /><testcase classname="tests.test_weighted_chart_predictor" name="test_weighted_position_entries_deduplicates_axis_and_node_tautologies" time="0.001" /><testcase classname="tests.test_weighted_chart_predictor" name="test_nested_position_shapes_score_equivalently_to_flat_position_specs" time="0.001" /><testcase classname="tests.test_weighted_chart_predictor" name="test_nested_house_position_shapes_score_equivalently_to_flat_position_specs" time="0.001" /><testcase classname="tests.test_weighted_chart_predictor" name="test_negative_unweighted_gate_entries_are_signed_weights" time="0.001" /><testcase classname="tests.test_weighted_chart_predictor" name="test_process_default_scoring_options_are_configurable_for_shared_predictions" time="0.001" /><testcase classname="tests.test_weighted_chart_predictor" name="test_prediction_score_mode_raw_skips_type_opportunity_scaling" time="0.001" /><testcase classname="tests.test_weighted_chart_predictor" name="test_no_house_charts_omit_house_dependent_criteria_from_shared_predictor_budget" time="0.001" /><testcase classname="tests.test_weighted_chart_predictor" name="test_background_z_score_mode_uses_supplied_target_distribution" time="0.001" /><testcase classname="tests.test_weighted_chart_predictor" name="test_category_z_score_mode_combines_supplied_category_distributions" time="0.001" /><testcase classname="tests.test_weighted_chart_predictor" name="test_mutual_exclusive_bucket_scoring_limits_singleton_opportunity_weight" time="0.001" /><testcase classname="tests.test_wheel_plot_aspect_rendering" name="test_aspect_endpoint_xy_matches_clockwise_zodiac_wheel" time="0.002" /><testcase classname="tests.test_wheel_plot_aspect_rendering" name="test_overlay_aspect_drawn_once_at_true_longitude_endpoints" time="0.043" /><testcase classname="tests.test_wheel_plot_aspect_rendering" name="test_structural_axis_tautologies_are_hidden_from_chart_wheel_aspects" time="0.042" /><testcase classname="tests.test_wheel_plot_aspect_rendering" name="test_hovering_aspect_endpoint_shows_endpoint_aspect_label" time="0.042" /><testcase classname="tests.test_wheel_plot_aspect_rendering" name="test_hover_labels_render_above_chart_glyphs_lines_and_outline" time="0.140" /><testcase classname="tests.test_wikipedia_blurb_getter" name="test_fetch_wikipedia_blurb_uses_shared_api_and_limits_paragraphs" time="0.001" /><testcase classname="tests.test_wikipedia_blurb_getter" name="test_fetch_wikipedia_blurb_refuses_disambiguation_pages" time="0.001" /><testcase classname="tests.test_wikipedia_blurb_getter" name="test_fetch_wikipedia_biography_by_name_returns_api_extract" time="0.001" /><testcase classname="tests.test_wikipedia_blurb_getter" name="test_fetch_wikipedia_biography_by_name_refuses_empty_extract" time="0.001" /><testcase classname="tests.test_wikipedia_blurb_getter" name="test_fetch_wikipedia_biography_by_name_reports_ambiguous_search" time="0.001" /><testcase classname="tests.test_wikipedia_blurb_getter" name="test_unique_title_matching_birth_date_requires_one_factual_match" time="0.001" /><testcase classname="tests.test_wikipedia_blurb_getter" name="test_populate_wikipedia_biography_uses_ephemeraldaddy_metadata_name" time="0.001" /><testcase classname="tests.test_wikipedia_blurb_getter" name="test_populate_wikipedia_biography_preserves_existing_text_for_empty_extract" time="0.001" /><testcase classname="tests.test_window_chrome_settings_source" name="test_ephemeral_daddy_menu_has_settings_in_both_window_chrome_builders" time="0.001" /><testcase classname="tests.test_window_chrome_settings_source" name="test_shared_commands_do_not_resolve_handlers_from_window_attributes" time="0.001" /><testcase classname="tests.test_window_chrome_settings_source" name="test_settings_is_direct_action_not_preferences_submenu" time="0.001" /><testcase classname="tests.test_window_chrome_settings_source" name="test_terminal_macos_uses_in_window_menubar_by_default" time="0.001" /><testcase classname="tests.test_window_chrome_settings_source" name="test_window_chrome_actions_disable_qt_macos_menu_relocation_roles" time="0.001" /><testcase classname="tests.test_window_chrome_settings_source" name="test_settings_action_disables_menu_role_before_insertion" time="0.001" /><testcase classname="tests.test_window_chrome_settings_source" name="test_sign_degrees_reference_circle_lives_in_help_menus" time="0.001" /><testcase classname="tests.test_window_chrome_settings_source" name="test_both_rectification_actions_use_the_explicit_command" time="0.001" /><testcase classname="tests.test_window_chrome_settings_source" name="test_chart_editor_help_about_uses_the_chart_editor_window" time="0.001" /><testcase classname="tests.test_window_chrome_settings_source" name="test_top_level_windows_supply_explicit_chrome_commands" time="0.010" /></testsuite></testsuites>