<?xml version="1.0" encoding="utf-8"?><testsuites name="pytest tests"><testsuite name="pytest" errors="100" failures="0" skipped="0" tests="100" time="10.219" timestamp="2026-08-14T09:42:13.938358-04:00" hostname="Anonymous"><testcase classname="" name="tests.test_anagrams_presenter" time="0.000"><error message="collection failure">ImportError while importing test module 'C:\Users\Anonymous\Documents\GitHub\ephemeraldaddy\tests\test_anagrams_presenter.py'.
Hint: make sure your test modules/packages have valid Python names.
Traceback:
..\..\..\AppData\Local\Python\pythoncore-3.14-64\Lib\importlib\__init__.py:88: in import_module
    return _bootstrap._gcd_import(name[level:], package, level)
           ^^^^^^^^^^^^^^^^^^^^^^^^^^^^^^^^^^^^^^^^^^^^^^^^^^^^
tests\test_anagrams_presenter.py:83: in &lt;module&gt;
    from ephemeraldaddy.gui.features.charts import anagrams
ephemeraldaddy\gui\features\charts\anagrams.py:13: in &lt;module&gt;
    import requests
E   ModuleNotFoundError: No module named 'requests'</error></testcase><testcase classname="" name="tests.test_appwide_collapsible_autoscroll_source" time="0.000"><error message="collection failure">tests\test_appwide_collapsible_autoscroll_source.py:3: in &lt;module&gt;
    STYLE_SOURCE = (Path(__file__).resolve().parents[1] / "ephemeraldaddy/gui/style.py").read_text()
                   ^^^^^^^^^^^^^^^^^^^^^^^^^^^^^^^^^^^^^^^^^^^^^^^^^^^^^^^^^^^^^^^^^^^^^^^^^^^^^^^^^
..\..\..\AppData\Local\Python\pythoncore-3.14-64\Lib\pathlib\__init__.py:788: in read_text
    return f.read()
           ^^^^^^^^
..\..\..\AppData\Local\Python\pythoncore-3.14-64\Lib\encodings\cp1252.py:23: in decode
    return codecs.charmap_decode(input,self.errors,decoding_table)[0]
           ^^^^^^^^^^^^^^^^^^^^^^^^^^^^^^^^^^^^^^^^^^^^^^^^^^^^^^^
E   UnicodeDecodeError: 'charmap' codec can't decode byte 0x9d in position 38746: character maps to &lt;undefined&gt;</error></testcase><testcase classname="" name="tests.test_appwide_tooltip_style_source" time="0.000"><error message="collection failure">tests\test_appwide_tooltip_style_source.py:4: in &lt;module&gt;
    TOOLTIPS_SOURCE = (REPO_ROOT / "ephemeraldaddy/gui/tooltips.py").read_text()
                      ^^^^^^^^^^^^^^^^^^^^^^^^^^^^^^^^^^^^^^^^^^^^^^^^^^^^^^^^^^
..\..\..\AppData\Local\Python\pythoncore-3.14-64\Lib\pathlib\__init__.py:788: in read_text
    return f.read()
           ^^^^^^^^
..\..\..\AppData\Local\Python\pythoncore-3.14-64\Lib\encodings\cp1252.py:23: in decode
    return codecs.charmap_decode(input,self.errors,decoding_table)[0]
           ^^^^^^^^^^^^^^^^^^^^^^^^^^^^^^^^^^^^^^^^^^^^^^^^^^^^^^^
E   UnicodeDecodeError: 'charmap' codec can't decode byte 0x90 in position 11816: character maps to &lt;undefined&gt;</error></testcase><testcase classname="" name="tests.test_aspect_display_rules" time="0.000"><error message="collection failure">ephemeraldaddy\core\deps.py:49: in ensure_package
    module = importlib.import_module(module_name)
             ^^^^^^^^^^^^^^^^^^^^^^^^^^^^^^^^^^^^
..\..\..\AppData\Local\Python\pythoncore-3.14-64\Lib\importlib\__init__.py:88: in import_module
    return _bootstrap._gcd_import(name[level:], package, level)
           ^^^^^^^^^^^^^^^^^^^^^^^^^^^^^^^^^^^^^^^^^^^^^^^^^^^^
&lt;frozen importlib._bootstrap&gt;:1406: in _gcd_import
    ???
&lt;frozen importlib._bootstrap&gt;:1371: in _find_and_load
    ???
&lt;frozen importlib._bootstrap&gt;:1335: in _find_and_load_unlocked
    ???
E   ModuleNotFoundError: No module named 'swisseph'

The above exception was the direct cause of the following exception:
tests\test_aspect_display_rules.py:3: in &lt;module&gt;
    from ephemeraldaddy.analysis.get_astro_twin import _aspect_map
ephemeraldaddy\analysis\get_astro_twin.py:11: in &lt;module&gt;
    from ephemeraldaddy.core.chart import Chart, chart_uses_houses
ephemeraldaddy\core\chart.py:2: in &lt;module&gt;
    from .ephemeris import planetary_positions, planetary_retrogrades, local_sidereal_time_deg
ephemeraldaddy\core\ephemeris.py:14: in &lt;module&gt;
    _swe = ensure_package("pyswisseph")
           ^^^^^^^^^^^^^^^^^^^^^^^^^^^^
ephemeraldaddy\core\deps.py:51: in ensure_package
    raise RuntimeError(_missing_dependency_message(pkg_name, module_name)) from import_error
E   RuntimeError: Missing dependency 'pyswisseph' (import 'swisseph'). Install project dependencies before launching (example: `pip install -r requirements.txt` or `pip install -e .`), or run a bundled desktop build generated via `python tools/build_desktop_app.py --onefile`.</error></testcase><testcase classname="" name="tests.test_astro_twin_presets_manager" time="0.000"><error message="collection failure">ephemeraldaddy\core\deps.py:49: in ensure_package
    module = importlib.import_module(module_name)
             ^^^^^^^^^^^^^^^^^^^^^^^^^^^^^^^^^^^^
..\..\..\AppData\Local\Python\pythoncore-3.14-64\Lib\importlib\__init__.py:88: in import_module
    return _bootstrap._gcd_import(name[level:], package, level)
           ^^^^^^^^^^^^^^^^^^^^^^^^^^^^^^^^^^^^^^^^^^^^^^^^^^^^
&lt;frozen importlib._bootstrap&gt;:1406: in _gcd_import
    ???
&lt;frozen importlib._bootstrap&gt;:1371: in _find_and_load
    ???
&lt;frozen importlib._bootstrap&gt;:1335: in _find_and_load_unlocked
    ???
E   ModuleNotFoundError: No module named 'swisseph'

The above exception was the direct cause of the following exception:
tests\test_astro_twin_presets_manager.py:1: in &lt;module&gt;
    from ephemeraldaddy.gui.features.charts.similarities_algorithm_log import (
ephemeraldaddy\gui\features\charts\similarities_algorithm_log.py:14: in &lt;module&gt;
    from ephemeraldaddy.analysis.get_astro_twin import (
ephemeraldaddy\analysis\get_astro_twin.py:11: in &lt;module&gt;
    from ephemeraldaddy.core.chart import Chart, chart_uses_houses
ephemeraldaddy\core\chart.py:2: in &lt;module&gt;
    from .ephemeris import planetary_positions, planetary_retrogrades, local_sidereal_time_deg
ephemeraldaddy\core\ephemeris.py:14: in &lt;module&gt;
    _swe = ensure_package("pyswisseph")
           ^^^^^^^^^^^^^^^^^^^^^^^^^^^^
ephemeraldaddy\core\deps.py:51: in ensure_package
    raise RuntimeError(_missing_dependency_message(pkg_name, module_name)) from import_error
E   RuntimeError: Missing dependency 'pyswisseph' (import 'swisseph'). Install project dependencies before launching (example: `pip install -r requirements.txt` or `pip install -e .`), or run a bundled desktop build generated via `python tools/build_desktop_app.py --onefile`.</error></testcase><testcase classname="" name="tests.test_backup_packages" time="0.000"><error message="collection failure">ephemeraldaddy\core\deps.py:49: in ensure_package
    module = importlib.import_module(module_name)
             ^^^^^^^^^^^^^^^^^^^^^^^^^^^^^^^^^^^^
..\..\..\AppData\Local\Python\pythoncore-3.14-64\Lib\importlib\__init__.py:88: in import_module
    return _bootstrap._gcd_import(name[level:], package, level)
           ^^^^^^^^^^^^^^^^^^^^^^^^^^^^^^^^^^^^^^^^^^^^^^^^^^^^
&lt;frozen importlib._bootstrap&gt;:1406: in _gcd_import
    ???
&lt;frozen importlib._bootstrap&gt;:1371: in _find_and_load
    ???
&lt;frozen importlib._bootstrap&gt;:1335: in _find_and_load_unlocked
    ???
E   ModuleNotFoundError: No module named 'swisseph'

The above exception was the direct cause of the following exception:
tests\test_backup_packages.py:8: in &lt;module&gt;
    from ephemeraldaddy.core import backups
ephemeraldaddy\core\backups.py:16: in &lt;module&gt;
    from ephemeraldaddy.core import db as chart_db
ephemeraldaddy\core\db.py:22: in &lt;module&gt;
    from ephemeraldaddy.core.chart import (
ephemeraldaddy\core\chart.py:2: in &lt;module&gt;
    from .ephemeris import planetary_positions, planetary_retrogrades, local_sidereal_time_deg
ephemeraldaddy\core\ephemeris.py:14: in &lt;module&gt;
    _swe = ensure_package("pyswisseph")
           ^^^^^^^^^^^^^^^^^^^^^^^^^^^^
ephemeraldaddy\core\deps.py:51: in ensure_package
    raise RuntimeError(_missing_dependency_message(pkg_name, module_name)) from import_error
E   RuntimeError: Missing dependency 'pyswisseph' (import 'swisseph'). Install project dependencies before launching (example: `pip install -r requirements.txt` or `pip install -e .`), or run a bundled desktop build generated via `python tools/build_desktop_app.py --onefile`.</error></testcase><testcase classname="" name="tests.test_batch_subjective_single_chart_fast_path_source" time="0.000"><error message="collection failure">tests\test_batch_subjective_single_chart_fast_path_source.py:4: in &lt;module&gt;
    APP_SOURCE = Path("ephemeraldaddy/gui/app.py").read_text()
                 ^^^^^^^^^^^^^^^^^^^^^^^^^^^^^^^^^^^^^^^^^^^^^
..\..\..\AppData\Local\Python\pythoncore-3.14-64\Lib\pathlib\__init__.py:788: in read_text
    return f.read()
           ^^^^^^^^
..\..\..\AppData\Local\Python\pythoncore-3.14-64\Lib\encodings\cp1252.py:23: in decode
    return codecs.charmap_decode(input,self.errors,decoding_table)[0]
           ^^^^^^^^^^^^^^^^^^^^^^^^^^^^^^^^^^^^^^^^^^^^^^^^^^^^^^^
E   UnicodeDecodeError: 'charmap' codec can't decode byte 0x8f in position 73667: character maps to &lt;undefined&gt;</error></testcase><testcase classname="" name="tests.test_body_dynamics_metadata" time="0.000"><error message="collection failure">ephemeraldaddy\core\deps.py:49: in ensure_package
    module = importlib.import_module(module_name)
             ^^^^^^^^^^^^^^^^^^^^^^^^^^^^^^^^^^^^
..\..\..\AppData\Local\Python\pythoncore-3.14-64\Lib\importlib\__init__.py:88: in import_module
    return _bootstrap._gcd_import(name[level:], package, level)
           ^^^^^^^^^^^^^^^^^^^^^^^^^^^^^^^^^^^^^^^^^^^^^^^^^^^^
&lt;frozen importlib._bootstrap&gt;:1406: in _gcd_import
    ???
&lt;frozen importlib._bootstrap&gt;:1371: in _find_and_load
    ???
&lt;frozen importlib._bootstrap&gt;:1335: in _find_and_load_unlocked
    ???
E   ModuleNotFoundError: No module named 'swisseph'

The above exception was the direct cause of the following exception:
tests\test_body_dynamics_metadata.py:3: in &lt;module&gt;
    from ephemeraldaddy.core import db
ephemeraldaddy\core\db.py:22: in &lt;module&gt;
    from ephemeraldaddy.core.chart import (
ephemeraldaddy\core\chart.py:2: in &lt;module&gt;
    from .ephemeris import planetary_positions, planetary_retrogrades, local_sidereal_time_deg
ephemeraldaddy\core\ephemeris.py:14: in &lt;module&gt;
    _swe = ensure_package("pyswisseph")
           ^^^^^^^^^^^^^^^^^^^^^^^^^^^^
ephemeraldaddy\core\deps.py:51: in ensure_package
    raise RuntimeError(_missing_dependency_message(pkg_name, module_name)) from import_error
E   RuntimeError: Missing dependency 'pyswisseph' (import 'swisseph'). Install project dependencies before launching (example: `pip install -r requirements.txt` or `pip install -e .`), or run a bundled desktop build generated via `python tools/build_desktop_app.py --onefile`.</error></testcase><testcase classname="" name="tests.test_chart_data_position_glyphs" time="0.000"><error message="collection failure">ephemeraldaddy\core\deps.py:49: in ensure_package
    module = importlib.import_module(module_name)
             ^^^^^^^^^^^^^^^^^^^^^^^^^^^^^^^^^^^^
..\..\..\AppData\Local\Python\pythoncore-3.14-64\Lib\importlib\__init__.py:88: in import_module
    return _bootstrap._gcd_import(name[level:], package, level)
           ^^^^^^^^^^^^^^^^^^^^^^^^^^^^^^^^^^^^^^^^^^^^^^^^^^^^
&lt;frozen importlib._bootstrap&gt;:1406: in _gcd_import
    ???
&lt;frozen importlib._bootstrap&gt;:1371: in _find_and_load
    ???
&lt;frozen importlib._bootstrap&gt;:1335: in _find_and_load_unlocked
    ???
E   ModuleNotFoundError: No module named 'swisseph'

The above exception was the direct cause of the following exception:
tests\test_chart_data_position_glyphs.py:15: in &lt;module&gt;
    from ephemeraldaddy.gui.features.charts.text_summary import format_chart_text
ephemeraldaddy\gui\features\charts\text_summary.py:10: in &lt;module&gt;
    from ephemeraldaddy.analysis.dnd.dnd_class_axes_v2 import (
ephemeraldaddy\analysis\dnd\dnd_class_axes_v2.py:28: in &lt;module&gt;
    from ephemeraldaddy.gui.features.charts.metrics import (
ephemeraldaddy\gui\features\charts\metrics.py:9: in &lt;module&gt;
    from ephemeraldaddy.core.chart import chart_uses_houses
ephemeraldaddy\core\chart.py:2: in &lt;module&gt;
    from .ephemeris import planetary_positions, planetary_retrogrades, local_sidereal_time_deg
ephemeraldaddy\core\ephemeris.py:14: in &lt;module&gt;
    _swe = ensure_package("pyswisseph")
           ^^^^^^^^^^^^^^^^^^^^^^^^^^^^
ephemeraldaddy\core\deps.py:51: in ensure_package
    raise RuntimeError(_missing_dependency_message(pkg_name, module_name)) from import_error
E   RuntimeError: Missing dependency 'pyswisseph' (import 'swisseph'). Install project dependencies before launching (example: `pip install -r requirements.txt` or `pip install -e .`), or run a bundled desktop build generated via `python tools/build_desktop_app.py --onefile`.</error></testcase><testcase classname="" name="tests.test_chart_data_uid_visibility" time="0.000"><error message="collection failure">ephemeraldaddy\core\deps.py:49: in ensure_package
    module = importlib.import_module(module_name)
             ^^^^^^^^^^^^^^^^^^^^^^^^^^^^^^^^^^^^
..\..\..\AppData\Local\Python\pythoncore-3.14-64\Lib\importlib\__init__.py:88: in import_module
    return _bootstrap._gcd_import(name[level:], package, level)
           ^^^^^^^^^^^^^^^^^^^^^^^^^^^^^^^^^^^^^^^^^^^^^^^^^^^^
&lt;frozen importlib._bootstrap&gt;:1406: in _gcd_import
    ???
&lt;frozen importlib._bootstrap&gt;:1371: in _find_and_load
    ???
&lt;frozen importlib._bootstrap&gt;:1335: in _find_and_load_unlocked
    ???
E   ModuleNotFoundError: No module named 'swisseph'

The above exception was the direct cause of the following exception:
tests\test_chart_data_uid_visibility.py:14: in &lt;module&gt;
    from ephemeraldaddy.gui.features.charts.text_summary import format_chart_text
ephemeraldaddy\gui\features\charts\text_summary.py:10: in &lt;module&gt;
    from ephemeraldaddy.analysis.dnd.dnd_class_axes_v2 import (
ephemeraldaddy\analysis\dnd\dnd_class_axes_v2.py:28: in &lt;module&gt;
    from ephemeraldaddy.gui.features.charts.metrics import (
ephemeraldaddy\gui\features\charts\metrics.py:9: in &lt;module&gt;
    from ephemeraldaddy.core.chart import chart_uses_houses
ephemeraldaddy\core\chart.py:2: in &lt;module&gt;
    from .ephemeris import planetary_positions, planetary_retrogrades, local_sidereal_time_deg
ephemeraldaddy\core\ephemeris.py:14: in &lt;module&gt;
    _swe = ensure_package("pyswisseph")
           ^^^^^^^^^^^^^^^^^^^^^^^^^^^^
ephemeraldaddy\core\deps.py:51: in ensure_package
    raise RuntimeError(_missing_dependency_message(pkg_name, module_name)) from import_error
E   RuntimeError: Missing dependency 'pyswisseph' (import 'swisseph'). Install project dependencies before launching (example: `pip install -r requirements.txt` or `pip install -e .`), or run a bundled desktop build generated via `python tools/build_desktop_app.py --onefile`.</error></testcase><testcase classname="" name="tests.test_chart_editor_exit_performance" time="0.000"><error message="collection failure">tests\test_chart_editor_exit_performance.py:8: in &lt;module&gt;
    APP_SOURCE = (Path(__file__).resolve().parents[1] / "ephemeraldaddy/gui/app.py").read_text()
                 ^^^^^^^^^^^^^^^^^^^^^^^^^^^^^^^^^^^^^^^^^^^^^^^^^^^^^^^^^^^^^^^^^^^^^^^^^^^^^^^
..\..\..\AppData\Local\Python\pythoncore-3.14-64\Lib\pathlib\__init__.py:788: in read_text
    return f.read()
           ^^^^^^^^
..\..\..\AppData\Local\Python\pythoncore-3.14-64\Lib\encodings\cp1252.py:23: in decode
    return codecs.charmap_decode(input,self.errors,decoding_table)[0]
           ^^^^^^^^^^^^^^^^^^^^^^^^^^^^^^^^^^^^^^^^^^^^^^^^^^^^^^^
E   UnicodeDecodeError: 'charmap' codec can't decode byte 0x8f in position 73667: character maps to &lt;undefined&gt;</error></testcase><testcase classname="" name="tests.test_chart_editor_unsaved_summary" time="0.000"><error message="collection failure">ephemeraldaddy\core\deps.py:49: in ensure_package
    module = importlib.import_module(module_name)
             ^^^^^^^^^^^^^^^^^^^^^^^^^^^^^^^^^^^^
..\..\..\AppData\Local\Python\pythoncore-3.14-64\Lib\importlib\__init__.py:88: in import_module
    return _bootstrap._gcd_import(name[level:], package, level)
           ^^^^^^^^^^^^^^^^^^^^^^^^^^^^^^^^^^^^^^^^^^^^^^^^^^^^
&lt;frozen importlib._bootstrap&gt;:1406: in _gcd_import
    ???
&lt;frozen importlib._bootstrap&gt;:1371: in _find_and_load
    ???
&lt;frozen importlib._bootstrap&gt;:1335: in _find_and_load_unlocked
    ???
E   ModuleNotFoundError: No module named 'swisseph'

The above exception was the direct cause of the following exception:
tests\test_chart_editor_unsaved_summary.py:5: in &lt;module&gt;
    from ephemeraldaddy.gui.features.chart_editor.unsaved_summary import (
ephemeraldaddy\gui\features\chart_editor\unsaved_summary.py:9: in &lt;module&gt;
    from ephemeraldaddy.core.db import parse_reminds_me_of_uids
ephemeraldaddy\core\db.py:22: in &lt;module&gt;
    from ephemeraldaddy.core.chart import (
ephemeraldaddy\core\chart.py:2: in &lt;module&gt;
    from .ephemeris import planetary_positions, planetary_retrogrades, local_sidereal_time_deg
ephemeraldaddy\core\ephemeris.py:14: in &lt;module&gt;
    _swe = ensure_package("pyswisseph")
           ^^^^^^^^^^^^^^^^^^^^^^^^^^^^
ephemeraldaddy\core\deps.py:51: in ensure_package
    raise RuntimeError(_missing_dependency_message(pkg_name, module_name)) from import_error
E   RuntimeError: Missing dependency 'pyswisseph' (import 'swisseph'). Install project dependencies before launching (example: `pip install -r requirements.txt` or `pip install -e .`), or run a bundled desktop build generated via `python tools/build_desktop_app.py --onefile`.</error></testcase><testcase classname="" name="tests.test_chart_provenance" time="0.000"><error message="collection failure">ephemeraldaddy\core\deps.py:49: in ensure_package
    module = importlib.import_module(module_name)
             ^^^^^^^^^^^^^^^^^^^^^^^^^^^^^^^^^^^^
..\..\..\AppData\Local\Python\pythoncore-3.14-64\Lib\importlib\__init__.py:88: in import_module
    return _bootstrap._gcd_import(name[level:], package, level)
           ^^^^^^^^^^^^^^^^^^^^^^^^^^^^^^^^^^^^^^^^^^^^^^^^^^^^
&lt;frozen importlib._bootstrap&gt;:1406: in _gcd_import
    ???
&lt;frozen importlib._bootstrap&gt;:1371: in _find_and_load
    ???
&lt;frozen importlib._bootstrap&gt;:1335: in _find_and_load_unlocked
    ???
E   ModuleNotFoundError: No module named 'swisseph'

The above exception was the direct cause of the following exception:
tests\test_chart_provenance.py:3: in &lt;module&gt;
    from ephemeraldaddy.core.db import SOURCE_HYPOTHETICAL, SOURCE_PUBLIC_DB
ephemeraldaddy\core\db.py:22: in &lt;module&gt;
    from ephemeraldaddy.core.chart import (
ephemeraldaddy\core\chart.py:2: in &lt;module&gt;
    from .ephemeris import planetary_positions, planetary_retrogrades, local_sidereal_time_deg
ephemeraldaddy\core\ephemeris.py:14: in &lt;module&gt;
    _swe = ensure_package("pyswisseph")
           ^^^^^^^^^^^^^^^^^^^^^^^^^^^^
ephemeraldaddy\core\deps.py:51: in ensure_package
    raise RuntimeError(_missing_dependency_message(pkg_name, module_name)) from import_error
E   RuntimeError: Missing dependency 'pyswisseph' (import 'swisseph'). Install project dependencies before launching (example: `pip install -r requirements.txt` or `pip install -e .`), or run a bundled desktop build generated via `python tools/build_desktop_app.py --onefile`.</error></testcase><testcase classname="" name="tests.test_chart_right_panel_state_and_tabs" time="0.000"><error message="collection failure">ephemeraldaddy\core\deps.py:49: in ensure_package
    module = importlib.import_module(module_name)
             ^^^^^^^^^^^^^^^^^^^^^^^^^^^^^^^^^^^^
..\..\..\AppData\Local\Python\pythoncore-3.14-64\Lib\importlib\__init__.py:88: in import_module
    return _bootstrap._gcd_import(name[level:], package, level)
           ^^^^^^^^^^^^^^^^^^^^^^^^^^^^^^^^^^^^^^^^^^^^^^^^^^^^
&lt;frozen importlib._bootstrap&gt;:1406: in _gcd_import
    ???
&lt;frozen importlib._bootstrap&gt;:1371: in _find_and_load
    ???
&lt;frozen importlib._bootstrap&gt;:1335: in _find_and_load_unlocked
    ???
E   ModuleNotFoundError: No module named 'swisseph'

The above exception was the direct cause of the following exception:
tests\test_chart_right_panel_state_and_tabs.py:82: in &lt;module&gt;
    from ephemeraldaddy.gui.features.charts.cv_right_panel_stack import (  # noqa: E402
ephemeraldaddy\gui\features\charts\cv_right_panel_stack.py:33: in &lt;module&gt;
    from ephemeraldaddy.core.chart import chart_uses_houses
ephemeraldaddy\core\chart.py:2: in &lt;module&gt;
    from .ephemeris import planetary_positions, planetary_retrogrades, local_sidereal_time_deg
ephemeraldaddy\core\ephemeris.py:14: in &lt;module&gt;
    _swe = ensure_package("pyswisseph")
           ^^^^^^^^^^^^^^^^^^^^^^^^^^^^
ephemeraldaddy\core\deps.py:51: in ensure_package
    raise RuntimeError(_missing_dependency_message(pkg_name, module_name)) from import_error
E   RuntimeError: Missing dependency 'pyswisseph' (import 'swisseph'). Install project dependencies before launching (example: `pip install -r requirements.txt` or `pip install -e .`), or run a bundled desktop build generated via `python tools/build_desktop_app.py --onefile`.</error></testcase><testcase classname="" name="tests.test_chart_similarity_relationships" time="0.000"><error message="collection failure">ephemeraldaddy\core\deps.py:49: in ensure_package
    module = importlib.import_module(module_name)
             ^^^^^^^^^^^^^^^^^^^^^^^^^^^^^^^^^^^^
..\..\..\AppData\Local\Python\pythoncore-3.14-64\Lib\importlib\__init__.py:88: in import_module
    return _bootstrap._gcd_import(name[level:], package, level)
           ^^^^^^^^^^^^^^^^^^^^^^^^^^^^^^^^^^^^^^^^^^^^^^^^^^^^
&lt;frozen importlib._bootstrap&gt;:1406: in _gcd_import
    ???
&lt;frozen importlib._bootstrap&gt;:1371: in _find_and_load
    ???
&lt;frozen importlib._bootstrap&gt;:1335: in _find_and_load_unlocked
    ???
E   ModuleNotFoundError: No module named 'swisseph'

The above exception was the direct cause of the following exception:
tests\test_chart_similarity_relationships.py:4: in &lt;module&gt;
    from ephemeraldaddy.gui.features.charts.chart_similarity_relationships import (
ephemeraldaddy\gui\features\charts\chart_similarity_relationships.py:13: in &lt;module&gt;
    from ephemeraldaddy.core.db import get_alternate_chart_uid_groups, get_chart_display_name_map, get_chart_uid_map
ephemeraldaddy\core\db.py:22: in &lt;module&gt;
    from ephemeraldaddy.core.chart import (
ephemeraldaddy\core\chart.py:2: in &lt;module&gt;
    from .ephemeris import planetary_positions, planetary_retrogrades, local_sidereal_time_deg
ephemeraldaddy\core\ephemeris.py:14: in &lt;module&gt;
    _swe = ensure_package("pyswisseph")
           ^^^^^^^^^^^^^^^^^^^^^^^^^^^^
ephemeraldaddy\core\deps.py:51: in ensure_package
    raise RuntimeError(_missing_dependency_message(pkg_name, module_name)) from import_error
E   RuntimeError: Missing dependency 'pyswisseph' (import 'swisseph'). Install project dependencies before launching (example: `pip install -r requirements.txt` or `pip install -e .`), or run a bundled desktop build generated via `python tools/build_desktop_app.py --onefile`.</error></testcase><testcase classname="" name="tests.test_chart_trait_metadata" time="0.000"><error message="collection failure">ephemeraldaddy\core\deps.py:49: in ensure_package
    module = importlib.import_module(module_name)
             ^^^^^^^^^^^^^^^^^^^^^^^^^^^^^^^^^^^^
..\..\..\AppData\Local\Python\pythoncore-3.14-64\Lib\importlib\__init__.py:88: in import_module
    return _bootstrap._gcd_import(name[level:], package, level)
           ^^^^^^^^^^^^^^^^^^^^^^^^^^^^^^^^^^^^^^^^^^^^^^^^^^^^
&lt;frozen importlib._bootstrap&gt;:1406: in _gcd_import
    ???
&lt;frozen importlib._bootstrap&gt;:1371: in _find_and_load
    ???
&lt;frozen importlib._bootstrap&gt;:1335: in _find_and_load_unlocked
    ???
E   ModuleNotFoundError: No module named 'swisseph'

The above exception was the direct cause of the following exception:
tests\test_chart_trait_metadata.py:4: in &lt;module&gt;
    import ephemeraldaddy.core.db as db
ephemeraldaddy\core\db.py:22: in &lt;module&gt;
    from ephemeraldaddy.core.chart import (
ephemeraldaddy\core\chart.py:2: in &lt;module&gt;
    from .ephemeris import planetary_positions, planetary_retrogrades, local_sidereal_time_deg
ephemeraldaddy\core\ephemeris.py:14: in &lt;module&gt;
    _swe = ensure_package("pyswisseph")
           ^^^^^^^^^^^^^^^^^^^^^^^^^^^^
ephemeraldaddy\core\deps.py:51: in ensure_package
    raise RuntimeError(_missing_dependency_message(pkg_name, module_name)) from import_error
E   RuntimeError: Missing dependency 'pyswisseph' (import 'swisseph'). Install project dependencies before launching (example: `pip install -r requirements.txt` or `pip install -e .`), or run a bundled desktop build generated via `python tools/build_desktop_app.py --onefile`.</error></testcase><testcase classname="" name="tests.test_chart_typology_metadata" time="0.000"><error message="collection failure">ephemeraldaddy\core\deps.py:49: in ensure_package
    module = importlib.import_module(module_name)
             ^^^^^^^^^^^^^^^^^^^^^^^^^^^^^^^^^^^^
..\..\..\AppData\Local\Python\pythoncore-3.14-64\Lib\importlib\__init__.py:88: in import_module
    return _bootstrap._gcd_import(name[level:], package, level)
           ^^^^^^^^^^^^^^^^^^^^^^^^^^^^^^^^^^^^^^^^^^^^^^^^^^^^
&lt;frozen importlib._bootstrap&gt;:1406: in _gcd_import
    ???
&lt;frozen importlib._bootstrap&gt;:1371: in _find_and_load
    ???
&lt;frozen importlib._bootstrap&gt;:1335: in _find_and_load_unlocked
    ???
E   ModuleNotFoundError: No module named 'swisseph'

The above exception was the direct cause of the following exception:
tests\test_chart_typology_metadata.py:7: in &lt;module&gt;
    from ephemeraldaddy.core import db
ephemeraldaddy\core\db.py:22: in &lt;module&gt;
    from ephemeraldaddy.core.chart import (
ephemeraldaddy\core\chart.py:2: in &lt;module&gt;
    from .ephemeris import planetary_positions, planetary_retrogrades, local_sidereal_time_deg
ephemeraldaddy\core\ephemeris.py:14: in &lt;module&gt;
    _swe = ensure_package("pyswisseph")
           ^^^^^^^^^^^^^^^^^^^^^^^^^^^^
ephemeraldaddy\core\deps.py:51: in ensure_package
    raise RuntimeError(_missing_dependency_message(pkg_name, module_name)) from import_error
E   RuntimeError: Missing dependency 'pyswisseph' (import 'swisseph'). Install project dependencies before launching (example: `pip install -r requirements.txt` or `pip install -e .`), or run a bundled desktop build generated via `python tools/build_desktop_app.py --onefile`.</error></testcase><testcase classname="" name="tests.test_chart_uids" time="0.000"><error message="collection failure">ephemeraldaddy\core\deps.py:49: in ensure_package
    module = importlib.import_module(module_name)
             ^^^^^^^^^^^^^^^^^^^^^^^^^^^^^^^^^^^^
..\..\..\AppData\Local\Python\pythoncore-3.14-64\Lib\importlib\__init__.py:88: in import_module
    return _bootstrap._gcd_import(name[level:], package, level)
           ^^^^^^^^^^^^^^^^^^^^^^^^^^^^^^^^^^^^^^^^^^^^^^^^^^^^
&lt;frozen importlib._bootstrap&gt;:1406: in _gcd_import
    ???
&lt;frozen importlib._bootstrap&gt;:1371: in _find_and_load
    ???
&lt;frozen importlib._bootstrap&gt;:1335: in _find_and_load_unlocked
    ???
E   ModuleNotFoundError: No module named 'swisseph'

The above exception was the direct cause of the following exception:
tests\test_chart_uids.py:4: in &lt;module&gt;
    import ephemeraldaddy.core.db as db
ephemeraldaddy\core\db.py:22: in &lt;module&gt;
    from ephemeraldaddy.core.chart import (
ephemeraldaddy\core\chart.py:2: in &lt;module&gt;
    from .ephemeris import planetary_positions, planetary_retrogrades, local_sidereal_time_deg
ephemeraldaddy\core\ephemeris.py:14: in &lt;module&gt;
    _swe = ensure_package("pyswisseph")
           ^^^^^^^^^^^^^^^^^^^^^^^^^^^^
ephemeraldaddy\core\deps.py:51: in ensure_package
    raise RuntimeError(_missing_dependency_message(pkg_name, module_name)) from import_error
E   RuntimeError: Missing dependency 'pyswisseph' (import 'swisseph'). Install project dependencies before launching (example: `pip install -r requirements.txt` or `pip install -e .`), or run a bundled desktop build generated via `python tools/build_desktop_app.py --onefile`.</error></testcase><testcase classname="" name="tests.test_chart_view_metadata_only_save_source" time="0.000"><error message="collection failure">tests\test_chart_view_metadata_only_save_source.py:3: in &lt;module&gt;
    APP_SOURCE = Path("ephemeraldaddy/gui/app.py").read_text()
                 ^^^^^^^^^^^^^^^^^^^^^^^^^^^^^^^^^^^^^^^^^^^^^
..\..\..\AppData\Local\Python\pythoncore-3.14-64\Lib\pathlib\__init__.py:788: in read_text
    return f.read()
           ^^^^^^^^
..\..\..\AppData\Local\Python\pythoncore-3.14-64\Lib\encodings\cp1252.py:23: in decode
    return codecs.charmap_decode(input,self.errors,decoding_table)[0]
           ^^^^^^^^^^^^^^^^^^^^^^^^^^^^^^^^^^^^^^^^^^^^^^^^^^^^^^^
E   UnicodeDecodeError: 'charmap' codec can't decode byte 0x8f in position 73667: character maps to &lt;undefined&gt;</error></testcase><testcase classname="" name="tests.test_chart_view_rectified_time_preview_source" time="0.000"><error message="collection failure">tests\test_chart_view_rectified_time_preview_source.py:3: in &lt;module&gt;
    APP_SOURCE = Path("ephemeraldaddy/gui/app.py").read_text()
                 ^^^^^^^^^^^^^^^^^^^^^^^^^^^^^^^^^^^^^^^^^^^^^
..\..\..\AppData\Local\Python\pythoncore-3.14-64\Lib\pathlib\__init__.py:788: in read_text
    return f.read()
           ^^^^^^^^
..\..\..\AppData\Local\Python\pythoncore-3.14-64\Lib\encodings\cp1252.py:23: in decode
    return codecs.charmap_decode(input,self.errors,decoding_table)[0]
           ^^^^^^^^^^^^^^^^^^^^^^^^^^^^^^^^^^^^^^^^^^^^^^^^^^^^^^^
E   UnicodeDecodeError: 'charmap' codec can't decode byte 0x8f in position 73667: character maps to &lt;undefined&gt;</error></testcase><testcase classname="" name="tests.test_chart_view_save_integrity_regression_source" time="0.000"><error message="collection failure">tests\test_chart_view_save_integrity_regression_source.py:17: in &lt;module&gt;
    APP_SOURCE = (REPO_ROOT / "ephemeraldaddy/gui/app.py").read_text()
                 ^^^^^^^^^^^^^^^^^^^^^^^^^^^^^^^^^^^^^^^^^^^^^^^^^^^^^
..\..\..\AppData\Local\Python\pythoncore-3.14-64\Lib\pathlib\__init__.py:788: in read_text
    return f.read()
           ^^^^^^^^
..\..\..\AppData\Local\Python\pythoncore-3.14-64\Lib\encodings\cp1252.py:23: in decode
    return codecs.charmap_decode(input,self.errors,decoding_table)[0]
           ^^^^^^^^^^^^^^^^^^^^^^^^^^^^^^^^^^^^^^^^^^^^^^^^^^^^^^^
E   UnicodeDecodeError: 'charmap' codec can't decode byte 0x8f in position 73667: character maps to &lt;undefined&gt;</error></testcase><testcase classname="" name="tests.test_chart_view_session_completers_source" time="0.000"><error message="collection failure">tests\test_chart_view_session_completers_source.py:3: in &lt;module&gt;
    APP_SOURCE = Path("ephemeraldaddy/gui/app.py").read_text()
                 ^^^^^^^^^^^^^^^^^^^^^^^^^^^^^^^^^^^^^^^^^^^^^
..\..\..\AppData\Local\Python\pythoncore-3.14-64\Lib\pathlib\__init__.py:788: in read_text
    return f.read()
           ^^^^^^^^
..\..\..\AppData\Local\Python\pythoncore-3.14-64\Lib\encodings\cp1252.py:23: in decode
    return codecs.charmap_decode(input,self.errors,decoding_table)[0]
           ^^^^^^^^^^^^^^^^^^^^^^^^^^^^^^^^^^^^^^^^^^^^^^^^^^^^^^^
E   UnicodeDecodeError: 'charmap' codec can't decode byte 0x8f in position 73667: character maps to &lt;undefined&gt;</error></testcase><testcase classname="" name="tests.test_chart_view_sexiness_metadata" time="0.000"><error message="collection failure">ephemeraldaddy\core\deps.py:49: in ensure_package
    module = importlib.import_module(module_name)
             ^^^^^^^^^^^^^^^^^^^^^^^^^^^^^^^^^^^^
..\..\..\AppData\Local\Python\pythoncore-3.14-64\Lib\importlib\__init__.py:88: in import_module
    return _bootstrap._gcd_import(name[level:], package, level)
           ^^^^^^^^^^^^^^^^^^^^^^^^^^^^^^^^^^^^^^^^^^^^^^^^^^^^
&lt;frozen importlib._bootstrap&gt;:1406: in _gcd_import
    ???
&lt;frozen importlib._bootstrap&gt;:1371: in _find_and_load
    ???
&lt;frozen importlib._bootstrap&gt;:1335: in _find_and_load_unlocked
    ???
E   ModuleNotFoundError: No module named 'swisseph'

The above exception was the direct cause of the following exception:
tests\test_chart_view_sexiness_metadata.py:3: in &lt;module&gt;
    from ephemeraldaddy.core import db
ephemeraldaddy\core\db.py:22: in &lt;module&gt;
    from ephemeraldaddy.core.chart import (
ephemeraldaddy\core\chart.py:2: in &lt;module&gt;
    from .ephemeris import planetary_positions, planetary_retrogrades, local_sidereal_time_deg
ephemeraldaddy\core\ephemeris.py:14: in &lt;module&gt;
    _swe = ensure_package("pyswisseph")
           ^^^^^^^^^^^^^^^^^^^^^^^^^^^^
ephemeraldaddy\core\deps.py:51: in ensure_package
    raise RuntimeError(_missing_dependency_message(pkg_name, module_name)) from import_error
E   RuntimeError: Missing dependency 'pyswisseph' (import 'swisseph'). Install project dependencies before launching (example: `pip install -r requirements.txt` or `pip install -e .`), or run a bundled desktop build generated via `python tools/build_desktop_app.py --onefile`.</error></testcase><testcase classname="" name="tests.test_chart_view_tag_crash_diagnostics_source" time="0.000"><error message="collection failure">tests\test_chart_view_tag_crash_diagnostics_source.py:3: in &lt;module&gt;
    APP_SOURCE = Path("ephemeraldaddy/gui/app.py").read_text()
                 ^^^^^^^^^^^^^^^^^^^^^^^^^^^^^^^^^^^^^^^^^^^^^
..\..\..\AppData\Local\Python\pythoncore-3.14-64\Lib\pathlib\__init__.py:788: in read_text
    return f.read()
           ^^^^^^^^
..\..\..\AppData\Local\Python\pythoncore-3.14-64\Lib\encodings\cp1252.py:23: in decode
    return codecs.charmap_decode(input,self.errors,decoding_table)[0]
           ^^^^^^^^^^^^^^^^^^^^^^^^^^^^^^^^^^^^^^^^^^^^^^^^^^^^^^^
E   UnicodeDecodeError: 'charmap' codec can't decode byte 0x8f in position 73667: character maps to &lt;undefined&gt;</error></testcase><testcase classname="" name="tests.test_chart_view_unsaved_prompt_source" time="0.000"><error message="collection failure">tests\test_chart_view_unsaved_prompt_source.py:3: in &lt;module&gt;
    APP_SOURCE = (Path(__file__).resolve().parents[1] / "ephemeraldaddy/gui/app.py").read_text()
                 ^^^^^^^^^^^^^^^^^^^^^^^^^^^^^^^^^^^^^^^^^^^^^^^^^^^^^^^^^^^^^^^^^^^^^^^^^^^^^^^
..\..\..\AppData\Local\Python\pythoncore-3.14-64\Lib\pathlib\__init__.py:788: in read_text
    return f.read()
           ^^^^^^^^
..\..\..\AppData\Local\Python\pythoncore-3.14-64\Lib\encodings\cp1252.py:23: in decode
    return codecs.charmap_decode(input,self.errors,decoding_table)[0]
           ^^^^^^^^^^^^^^^^^^^^^^^^^^^^^^^^^^^^^^^^^^^^^^^^^^^^^^^
E   UnicodeDecodeError: 'charmap' codec can't decode byte 0x8f in position 73667: character maps to &lt;undefined&gt;</error></testcase><testcase classname="" name="tests.test_collapsed_section_initial_layout_source" time="0.000"><error message="collection failure">tests\test_collapsed_section_initial_layout_source.py:5: in &lt;module&gt;
    ).read_text()
      ^^^^^^^^^^^
..\..\..\AppData\Local\Python\pythoncore-3.14-64\Lib\pathlib\__init__.py:788: in read_text
    return f.read()
           ^^^^^^^^
..\..\..\AppData\Local\Python\pythoncore-3.14-64\Lib\encodings\cp1252.py:23: in decode
    return codecs.charmap_decode(input,self.errors,decoding_table)[0]
           ^^^^^^^^^^^^^^^^^^^^^^^^^^^^^^^^^^^^^^^^^^^^^^^^^^^^^^^
E   UnicodeDecodeError: 'charmap' codec can't decode byte 0x8f in position 5125: character maps to &lt;undefined&gt;</error></testcase><testcase classname="" name="tests.test_collapsible_subsection_background_source" time="0.000"><error message="collection failure">tests\test_collapsible_subsection_background_source.py:4: in &lt;module&gt;
    STYLE_SOURCE = (ROOT / "ephemeraldaddy/gui/style.py").read_text()
                   ^^^^^^^^^^^^^^^^^^^^^^^^^^^^^^^^^^^^^^^^^^^^^^^^^^
..\..\..\AppData\Local\Python\pythoncore-3.14-64\Lib\pathlib\__init__.py:788: in read_text
    return f.read()
           ^^^^^^^^
..\..\..\AppData\Local\Python\pythoncore-3.14-64\Lib\encodings\cp1252.py:23: in decode
    return codecs.charmap_decode(input,self.errors,decoding_table)[0]
           ^^^^^^^^^^^^^^^^^^^^^^^^^^^^^^^^^^^^^^^^^^^^^^^^^^^^^^^
E   UnicodeDecodeError: 'charmap' codec can't decode byte 0x9d in position 38746: character maps to &lt;undefined&gt;</error></testcase><testcase classname="" name="tests.test_collections" time="0.000"><error message="collection failure">ephemeraldaddy\core\deps.py:49: in ensure_package
    module = importlib.import_module(module_name)
             ^^^^^^^^^^^^^^^^^^^^^^^^^^^^^^^^^^^^
..\..\..\AppData\Local\Python\pythoncore-3.14-64\Lib\importlib\__init__.py:88: in import_module
    return _bootstrap._gcd_import(name[level:], package, level)
           ^^^^^^^^^^^^^^^^^^^^^^^^^^^^^^^^^^^^^^^^^^^^^^^^^^^^
&lt;frozen importlib._bootstrap&gt;:1406: in _gcd_import
    ???
&lt;frozen importlib._bootstrap&gt;:1371: in _find_and_load
    ???
&lt;frozen importlib._bootstrap&gt;:1335: in _find_and_load_unlocked
    ???
E   ModuleNotFoundError: No module named 'swisseph'

The above exception was the direct cause of the following exception:
tests\test_collections.py:3: in &lt;module&gt;
    from ephemeraldaddy.core.db import SOURCE_HYPOTHETICAL, SOURCE_PERSONAL
ephemeraldaddy\core\db.py:22: in &lt;module&gt;
    from ephemeraldaddy.core.chart import (
ephemeraldaddy\core\chart.py:2: in &lt;module&gt;
    from .ephemeris import planetary_positions, planetary_retrogrades, local_sidereal_time_deg
ephemeraldaddy\core\ephemeris.py:14: in &lt;module&gt;
    _swe = ensure_package("pyswisseph")
           ^^^^^^^^^^^^^^^^^^^^^^^^^^^^
ephemeraldaddy\core\deps.py:51: in ensure_package
    raise RuntimeError(_missing_dependency_message(pkg_name, module_name)) from import_error
E   RuntimeError: Missing dependency 'pyswisseph' (import 'swisseph'). Install project dependencies before launching (example: `pip install -r requirements.txt` or `pip install -e .`), or run a bundled desktop build generated via `python tools/build_desktop_app.py --onefile`.</error></testcase><testcase classname="" name="tests.test_compare_collections" time="0.000"><error message="collection failure">ephemeraldaddy\core\deps.py:49: in ensure_package
    module = importlib.import_module(module_name)
             ^^^^^^^^^^^^^^^^^^^^^^^^^^^^^^^^^^^^
..\..\..\AppData\Local\Python\pythoncore-3.14-64\Lib\importlib\__init__.py:88: in import_module
    return _bootstrap._gcd_import(name[level:], package, level)
           ^^^^^^^^^^^^^^^^^^^^^^^^^^^^^^^^^^^^^^^^^^^^^^^^^^^^
&lt;frozen importlib._bootstrap&gt;:1406: in _gcd_import
    ???
&lt;frozen importlib._bootstrap&gt;:1371: in _find_and_load
    ???
&lt;frozen importlib._bootstrap&gt;:1335: in _find_and_load_unlocked
    ???
E   ModuleNotFoundError: No module named 'swisseph'

The above exception was the direct cause of the following exception:
tests\test_compare_collections.py:4: in &lt;module&gt;
    from ephemeraldaddy.gui.features.similarities.collection_contrast import (
ephemeraldaddy\gui\features\similarities\collection_contrast.py:10: in &lt;module&gt;
    from ephemeraldaddy.core.chart import chart_uses_houses
ephemeraldaddy\core\chart.py:2: in &lt;module&gt;
    from .ephemeris import planetary_positions, planetary_retrogrades, local_sidereal_time_deg
ephemeraldaddy\core\ephemeris.py:14: in &lt;module&gt;
    _swe = ensure_package("pyswisseph")
           ^^^^^^^^^^^^^^^^^^^^^^^^^^^^
ephemeraldaddy\core\deps.py:51: in ensure_package
    raise RuntimeError(_missing_dependency_message(pkg_name, module_name)) from import_error
E   RuntimeError: Missing dependency 'pyswisseph' (import 'swisseph'). Install project dependencies before launching (example: `pip install -r requirements.txt` or `pip install -e .`), or run a bundled desktop build generated via `python tools/build_desktop_app.py --onefile`.</error></testcase><testcase classname="" name="tests.test_database_analytics_age_share" time="0.000"><error message="collection failure">tests\test_database_analytics_age_share.py:3: in &lt;module&gt;
    from ephemeraldaddy.gui.features.charts.database_analytics import (
ephemeraldaddy\gui\features\charts\database_analytics.py:27: in &lt;module&gt;
    from matplotlib.backends.backend_qtagg import FigureCanvasQTAgg as FigureCanvas
..\..\..\AppData\Local\Python\pythoncore-3.14-64\Lib\site-packages\matplotlib\backends\backend_qtagg.py:11: in &lt;module&gt;
    from .backend_qt import _BackendQT, FigureCanvasQT
..\..\..\AppData\Local\Python\pythoncore-3.14-64\Lib\site-packages\matplotlib\backends\backend_qt.py:23: in &lt;module&gt;
    _to_int(getattr(QtCore.Qt.Key, k)): v for k, v in [
                    ^^^^^^^^^^^^^
E   AttributeError: type object '_Qt' has no attribute 'Key'</error></testcase><testcase classname="" name="tests.test_database_analytics_axis_scaling" time="0.000"><error message="collection failure">ephemeraldaddy\core\deps.py:49: in ensure_package
    module = importlib.import_module(module_name)
             ^^^^^^^^^^^^^^^^^^^^^^^^^^^^^^^^^^^^
..\..\..\AppData\Local\Python\pythoncore-3.14-64\Lib\importlib\__init__.py:88: in import_module
    return _bootstrap._gcd_import(name[level:], package, level)
           ^^^^^^^^^^^^^^^^^^^^^^^^^^^^^^^^^^^^^^^^^^^^^^^^^^^^
&lt;frozen importlib._bootstrap&gt;:1406: in _gcd_import
    ???
&lt;frozen importlib._bootstrap&gt;:1371: in _find_and_load
    ???
&lt;frozen importlib._bootstrap&gt;:1335: in _find_and_load_unlocked
    ???
E   ModuleNotFoundError: No module named 'swisseph'

The above exception was the direct cause of the following exception:
tests\test_database_analytics_axis_scaling.py:58: in &lt;module&gt;
    from ephemeraldaddy.gui.features.charts.database_analytics import DatabaseAnalyticsChartsMixin
ephemeraldaddy\gui\features\charts\database_analytics.py:48: in &lt;module&gt;
    from ephemeraldaddy.gui.features.charts.dnd_predictions import DND_STAT_KEYS
ephemeraldaddy\gui\features\charts\dnd_predictions.py:26: in &lt;module&gt;
    from ephemeraldaddy.analysis.dnd.dnd_class_axes_v2 import (
ephemeraldaddy\analysis\dnd\dnd_class_axes_v2.py:28: in &lt;module&gt;
    from ephemeraldaddy.gui.features.charts.metrics import (
ephemeraldaddy\gui\features\charts\metrics.py:9: in &lt;module&gt;
    from ephemeraldaddy.core.chart import chart_uses_houses
ephemeraldaddy\core\chart.py:2: in &lt;module&gt;
    from .ephemeris import planetary_positions, planetary_retrogrades, local_sidereal_time_deg
ephemeraldaddy\core\ephemeris.py:14: in &lt;module&gt;
    _swe = ensure_package("pyswisseph")
           ^^^^^^^^^^^^^^^^^^^^^^^^^^^^
ephemeraldaddy\core\deps.py:51: in ensure_package
    raise RuntimeError(_missing_dependency_message(pkg_name, module_name)) from import_error
E   RuntimeError: Missing dependency 'pyswisseph' (import 'swisseph'). Install project dependencies before launching (example: `pip install -r requirements.txt` or `pip install -e .`), or run a bundled desktop build generated via `python tools/build_desktop_app.py --onefile`.</error></testcase><testcase classname="" name="tests.test_database_analytics_enneagram_source" time="0.000"><error message="collection failure">tests\test_database_analytics_enneagram_source.py:3: in &lt;module&gt;
    SOURCE = (Path(__file__).resolve().parents[1] / "ephemeraldaddy/gui/features/charts/database_analytics.py").read_text()
             ^^^^^^^^^^^^^^^^^^^^^^^^^^^^^^^^^^^^^^^^^^^^^^^^^^^^^^^^^^^^^^^^^^^^^^^^^^^^^^^^^^^^^^^^^^^^^^^^^^^^^^^^^^^^^^
..\..\..\AppData\Local\Python\pythoncore-3.14-64\Lib\pathlib\__init__.py:788: in read_text
    return f.read()
           ^^^^^^^^
..\..\..\AppData\Local\Python\pythoncore-3.14-64\Lib\encodings\cp1252.py:23: in decode
    return codecs.charmap_decode(input,self.errors,decoding_table)[0]
           ^^^^^^^^^^^^^^^^^^^^^^^^^^^^^^^^^^^^^^^^^^^^^^^^^^^^^^^
E   UnicodeDecodeError: 'charmap' codec can't decode byte 0x90 in position 33963: character maps to &lt;undefined&gt;</error></testcase><testcase classname="" name="tests.test_database_analytics_optional_module_visibility" time="0.000"><error message="collection failure">tests\test_database_analytics_optional_module_visibility.py:7: in &lt;module&gt;
    APP_SOURCE = (Path(__file__).resolve().parents[1] / "ephemeraldaddy/gui/app.py").read_text()
                 ^^^^^^^^^^^^^^^^^^^^^^^^^^^^^^^^^^^^^^^^^^^^^^^^^^^^^^^^^^^^^^^^^^^^^^^^^^^^^^^
..\..\..\AppData\Local\Python\pythoncore-3.14-64\Lib\pathlib\__init__.py:788: in read_text
    return f.read()
           ^^^^^^^^
..\..\..\AppData\Local\Python\pythoncore-3.14-64\Lib\encodings\cp1252.py:23: in decode
    return codecs.charmap_decode(input,self.errors,decoding_table)[0]
           ^^^^^^^^^^^^^^^^^^^^^^^^^^^^^^^^^^^^^^^^^^^^^^^^^^^^^^^
E   UnicodeDecodeError: 'charmap' codec can't decode byte 0x8f in position 73667: character maps to &lt;undefined&gt;</error></testcase><testcase classname="" name="tests.test_database_analytics_popout_info" time="0.000"><error message="collection failure">ephemeraldaddy\core\deps.py:49: in ensure_package
    module = importlib.import_module(module_name)
             ^^^^^^^^^^^^^^^^^^^^^^^^^^^^^^^^^^^^
..\..\..\AppData\Local\Python\pythoncore-3.14-64\Lib\importlib\__init__.py:88: in import_module
    return _bootstrap._gcd_import(name[level:], package, level)
           ^^^^^^^^^^^^^^^^^^^^^^^^^^^^^^^^^^^^^^^^^^^^^^^^^^^^
&lt;frozen importlib._bootstrap&gt;:1406: in _gcd_import
    ???
&lt;frozen importlib._bootstrap&gt;:1371: in _find_and_load
    ???
&lt;frozen importlib._bootstrap&gt;:1335: in _find_and_load_unlocked
    ???
E   ModuleNotFoundError: No module named 'swisseph'

The above exception was the direct cause of the following exception:
tests\test_database_analytics_popout_info.py:9: in &lt;module&gt;
    from ephemeraldaddy.gui.features.charts.database_analytics import (
ephemeraldaddy\gui\features\charts\database_analytics.py:48: in &lt;module&gt;
    from ephemeraldaddy.gui.features.charts.dnd_predictions import DND_STAT_KEYS
ephemeraldaddy\gui\features\charts\dnd_predictions.py:26: in &lt;module&gt;
    from ephemeraldaddy.analysis.dnd.dnd_class_axes_v2 import (
ephemeraldaddy\analysis\dnd\dnd_class_axes_v2.py:28: in &lt;module&gt;
    from ephemeraldaddy.gui.features.charts.metrics import (
ephemeraldaddy\gui\features\charts\metrics.py:9: in &lt;module&gt;
    from ephemeraldaddy.core.chart import chart_uses_houses
ephemeraldaddy\core\chart.py:2: in &lt;module&gt;
    from .ephemeris import planetary_positions, planetary_retrogrades, local_sidereal_time_deg
ephemeraldaddy\core\ephemeris.py:14: in &lt;module&gt;
    _swe = ensure_package("pyswisseph")
           ^^^^^^^^^^^^^^^^^^^^^^^^^^^^
ephemeraldaddy\core\deps.py:51: in ensure_package
    raise RuntimeError(_missing_dependency_message(pkg_name, module_name)) from import_error
E   RuntimeError: Missing dependency 'pyswisseph' (import 'swisseph'). Install project dependencies before launching (example: `pip install -r requirements.txt` or `pip install -e .`), or run a bundled desktop build generated via `python tools/build_desktop_app.py --onefile`.</error></testcase><testcase classname="" name="tests.test_database_analytics_tags_header_source" time="0.000"><error message="collection failure">tests\test_database_analytics_tags_header_source.py:4: in &lt;module&gt;
    SOURCE = Path("ephemeraldaddy/gui/features/charts/database_analytics.py").read_text()
             ^^^^^^^^^^^^^^^^^^^^^^^^^^^^^^^^^^^^^^^^^^^^^^^^^^^^^^^^^^^^^^^^^^^^^^^^^^^^
..\..\..\AppData\Local\Python\pythoncore-3.14-64\Lib\pathlib\__init__.py:788: in read_text
    return f.read()
           ^^^^^^^^
..\..\..\AppData\Local\Python\pythoncore-3.14-64\Lib\encodings\cp1252.py:23: in decode
    return codecs.charmap_decode(input,self.errors,decoding_table)[0]
           ^^^^^^^^^^^^^^^^^^^^^^^^^^^^^^^^^^^^^^^^^^^^^^^^^^^^^^^
E   UnicodeDecodeError: 'charmap' codec can't decode byte 0x90 in position 33963: character maps to &lt;undefined&gt;</error></testcase><testcase classname="" name="tests.test_database_close_progress" time="0.000"><error message="collection failure">tests\test_database_close_progress.py:3: in &lt;module&gt;
    APP_SOURCE = (Path(__file__).resolve().parents[1] / "ephemeraldaddy/gui/app.py").read_text()
                 ^^^^^^^^^^^^^^^^^^^^^^^^^^^^^^^^^^^^^^^^^^^^^^^^^^^^^^^^^^^^^^^^^^^^^^^^^^^^^^^
..\..\..\AppData\Local\Python\pythoncore-3.14-64\Lib\pathlib\__init__.py:788: in read_text
    return f.read()
           ^^^^^^^^
..\..\..\AppData\Local\Python\pythoncore-3.14-64\Lib\encodings\cp1252.py:23: in decode
    return codecs.charmap_decode(input,self.errors,decoding_table)[0]
           ^^^^^^^^^^^^^^^^^^^^^^^^^^^^^^^^^^^^^^^^^^^^^^^^^^^^^^^
E   UnicodeDecodeError: 'charmap' codec can't decode byte 0x8f in position 73667: character maps to &lt;undefined&gt;</error></testcase><testcase classname="" name="tests.test_database_metrics_persistent_cache_source" time="0.000"><error message="collection failure">tests\test_database_metrics_persistent_cache_source.py:3: in &lt;module&gt;
    APP_SOURCE = (Path(__file__).resolve().parents[1] / "ephemeraldaddy/gui/app.py").read_text()
                 ^^^^^^^^^^^^^^^^^^^^^^^^^^^^^^^^^^^^^^^^^^^^^^^^^^^^^^^^^^^^^^^^^^^^^^^^^^^^^^^
..\..\..\AppData\Local\Python\pythoncore-3.14-64\Lib\pathlib\__init__.py:788: in read_text
    return f.read()
           ^^^^^^^^
..\..\..\AppData\Local\Python\pythoncore-3.14-64\Lib\encodings\cp1252.py:23: in decode
    return codecs.charmap_decode(input,self.errors,decoding_table)[0]
           ^^^^^^^^^^^^^^^^^^^^^^^^^^^^^^^^^^^^^^^^^^^^^^^^^^^^^^^
E   UnicodeDecodeError: 'charmap' codec can't decode byte 0x8f in position 73667: character maps to &lt;undefined&gt;</error></testcase><testcase classname="" name="tests.test_database_search_optional_module_visibility_source" time="0.000"><error message="collection failure">tests\test_database_search_optional_module_visibility_source.py:5: in &lt;module&gt;
    SEARCH_SOURCE = (ROOT / "ephemeraldaddy/gui/dbv_search_panel.py").read_text()
                    ^^^^^^^^^^^^^^^^^^^^^^^^^^^^^^^^^^^^^^^^^^^^^^^^^^^^^^^^^^^^^
..\..\..\AppData\Local\Python\pythoncore-3.14-64\Lib\pathlib\__init__.py:788: in read_text
    return f.read()
           ^^^^^^^^
..\..\..\AppData\Local\Python\pythoncore-3.14-64\Lib\encodings\cp1252.py:23: in decode
    return codecs.charmap_decode(input,self.errors,decoding_table)[0]
           ^^^^^^^^^^^^^^^^^^^^^^^^^^^^^^^^^^^^^^^^^^^^^^^^^^^^^^^
E   UnicodeDecodeError: 'charmap' codec can't decode byte 0x8d in position 78004: character maps to &lt;undefined&gt;</error></testcase><testcase classname="" name="tests.test_database_view_selection_persistence_source" time="0.000"><error message="collection failure">ephemeraldaddy\core\deps.py:49: in ensure_package
    module = importlib.import_module(module_name)
             ^^^^^^^^^^^^^^^^^^^^^^^^^^^^^^^^^^^^
..\..\..\AppData\Local\Python\pythoncore-3.14-64\Lib\importlib\__init__.py:88: in import_module
    return _bootstrap._gcd_import(name[level:], package, level)
           ^^^^^^^^^^^^^^^^^^^^^^^^^^^^^^^^^^^^^^^^^^^^^^^^^^^^
&lt;frozen importlib._bootstrap&gt;:1406: in _gcd_import
    ???
&lt;frozen importlib._bootstrap&gt;:1371: in _find_and_load
    ???
&lt;frozen importlib._bootstrap&gt;:1335: in _find_and_load_unlocked
    ???
E   ModuleNotFoundError: No module named 'swisseph'

The above exception was the direct cause of the following exception:
tests\test_database_view_selection_persistence_source.py:1: in &lt;module&gt;
    from ephemeraldaddy.gui.features.charts.selection_header import SelectionSummaryCounts
ephemeraldaddy\gui\features\charts\selection_header.py:14: in &lt;module&gt;
    from ephemeraldaddy.gui.features.charts.collections import (
ephemeraldaddy\gui\features\charts\collections.py:10: in &lt;module&gt;
    from ephemeraldaddy.core.chart import Chart
ephemeraldaddy\core\chart.py:2: in &lt;module&gt;
    from .ephemeris import planetary_positions, planetary_retrogrades, local_sidereal_time_deg
ephemeraldaddy\core\ephemeris.py:14: in &lt;module&gt;
    _swe = ensure_package("pyswisseph")
           ^^^^^^^^^^^^^^^^^^^^^^^^^^^^
ephemeraldaddy\core\deps.py:51: in ensure_package
    raise RuntimeError(_missing_dependency_message(pkg_name, module_name)) from import_error
E   RuntimeError: Missing dependency 'pyswisseph' (import 'swisseph'). Install project dependencies before launching (example: `pip install -r requirements.txt` or `pip install -e .`), or run a bundled desktop build generated via `python tools/build_desktop_app.py --onefile`.</error></testcase><testcase classname="" name="tests.test_dnd_stat_normalization" time="0.000"><error message="collection failure">ImportError while importing test module 'C:\Users\Anonymous\Documents\GitHub\ephemeraldaddy\tests\test_dnd_stat_normalization.py'.
Hint: make sure your test modules/packages have valid Python names.
Traceback:
..\..\..\AppData\Local\Python\pythoncore-3.14-64\Lib\importlib\__init__.py:88: in import_module
    return _bootstrap._gcd_import(name[level:], package, level)
           ^^^^^^^^^^^^^^^^^^^^^^^^^^^^^^^^^^^^^^^^^^^^^^^^^^^^
tests\test_dnd_stat_normalization.py:29: in &lt;module&gt;
    from ephemeraldaddy.analysis.dnd import dnd_stat_calculator as stat_calculator
ephemeraldaddy\analysis\dnd\dnd_stat_calculator.py:6: in &lt;module&gt;
    from ephemeraldaddy.analysis.weighted_chart_predictor import (
ephemeraldaddy\analysis\weighted_chart_predictor.py:15: in &lt;module&gt;
    from ephemeraldaddy.analysis.bazi_getter import (
ephemeraldaddy\analysis\bazi_getter.py:8: in &lt;module&gt;
    from lunar_python import Solar
E   ModuleNotFoundError: No module named 'lunar_python'</error></testcase><testcase classname="" name="tests.test_dominant_sign_weights" time="0.000"><error message="collection failure">ephemeraldaddy\core\deps.py:49: in ensure_package
    module = importlib.import_module(module_name)
             ^^^^^^^^^^^^^^^^^^^^^^^^^^^^^^^^^^^^
..\..\..\AppData\Local\Python\pythoncore-3.14-64\Lib\importlib\__init__.py:88: in import_module
    return _bootstrap._gcd_import(name[level:], package, level)
           ^^^^^^^^^^^^^^^^^^^^^^^^^^^^^^^^^^^^^^^^^^^^^^^^^^^^
&lt;frozen importlib._bootstrap&gt;:1406: in _gcd_import
    ???
&lt;frozen importlib._bootstrap&gt;:1371: in _find_and_load
    ???
&lt;frozen importlib._bootstrap&gt;:1335: in _find_and_load_unlocked
    ???
E   ModuleNotFoundError: No module named 'swisseph'

The above exception was the direct cause of the following exception:
tests\test_dominant_sign_weights.py:10: in &lt;module&gt;
    from ephemeraldaddy.gui.features.charts.metrics import (
ephemeraldaddy\gui\features\charts\metrics.py:9: in &lt;module&gt;
    from ephemeraldaddy.core.chart import chart_uses_houses
ephemeraldaddy\core\chart.py:2: in &lt;module&gt;
    from .ephemeris import planetary_positions, planetary_retrogrades, local_sidereal_time_deg
ephemeraldaddy\core\ephemeris.py:14: in &lt;module&gt;
    _swe = ensure_package("pyswisseph")
           ^^^^^^^^^^^^^^^^^^^^^^^^^^^^
ephemeraldaddy\core\deps.py:51: in ensure_package
    raise RuntimeError(_missing_dependency_message(pkg_name, module_name)) from import_error
E   RuntimeError: Missing dependency 'pyswisseph' (import 'swisseph'). Install project dependencies before launching (example: `pip install -r requirements.txt` or `pip install -e .`), or run a bundled desktop build generated via `python tools/build_desktop_app.py --onefile`.</error></testcase><testcase classname="" name="tests.test_dominant_weight_cache_migration" time="0.000"><error message="collection failure">ephemeraldaddy\core\deps.py:49: in ensure_package
    module = importlib.import_module(module_name)
             ^^^^^^^^^^^^^^^^^^^^^^^^^^^^^^^^^^^^
..\..\..\AppData\Local\Python\pythoncore-3.14-64\Lib\importlib\__init__.py:88: in import_module
    return _bootstrap._gcd_import(name[level:], package, level)
           ^^^^^^^^^^^^^^^^^^^^^^^^^^^^^^^^^^^^^^^^^^^^^^^^^^^^
&lt;frozen importlib._bootstrap&gt;:1406: in _gcd_import
    ???
&lt;frozen importlib._bootstrap&gt;:1371: in _find_and_load
    ???
&lt;frozen importlib._bootstrap&gt;:1335: in _find_and_load_unlocked
    ???
E   ModuleNotFoundError: No module named 'swisseph'

The above exception was the direct cause of the following exception:
tests\test_dominant_weight_cache_migration.py:3: in &lt;module&gt;
    from ephemeraldaddy.core import db
ephemeraldaddy\core\db.py:22: in &lt;module&gt;
    from ephemeraldaddy.core.chart import (
ephemeraldaddy\core\chart.py:2: in &lt;module&gt;
    from .ephemeris import planetary_positions, planetary_retrogrades, local_sidereal_time_deg
ephemeraldaddy\core\ephemeris.py:14: in &lt;module&gt;
    _swe = ensure_package("pyswisseph")
           ^^^^^^^^^^^^^^^^^^^^^^^^^^^^
ephemeraldaddy\core\deps.py:51: in ensure_package
    raise RuntimeError(_missing_dependency_message(pkg_name, module_name)) from import_error
E   RuntimeError: Missing dependency 'pyswisseph' (import 'swisseph'). Install project dependencies before launching (example: `pip install -r requirements.txt` or `pip install -e .`), or run a bundled desktop build generated via `python tools/build_desktop_app.py --onefile`.</error></testcase><testcase classname="" name="tests.test_element_prevalence" time="0.000"><error message="collection failure">ephemeraldaddy\core\deps.py:49: in ensure_package
    module = importlib.import_module(module_name)
             ^^^^^^^^^^^^^^^^^^^^^^^^^^^^^^^^^^^^
..\..\..\AppData\Local\Python\pythoncore-3.14-64\Lib\importlib\__init__.py:88: in import_module
    return _bootstrap._gcd_import(name[level:], package, level)
           ^^^^^^^^^^^^^^^^^^^^^^^^^^^^^^^^^^^^^^^^^^^^^^^^^^^^
&lt;frozen importlib._bootstrap&gt;:1406: in _gcd_import
    ???
&lt;frozen importlib._bootstrap&gt;:1371: in _find_and_load
    ???
&lt;frozen importlib._bootstrap&gt;:1335: in _find_and_load_unlocked
    ???
E   ModuleNotFoundError: No module named 'swisseph'

The above exception was the direct cause of the following exception:
tests\test_element_prevalence.py:10: in &lt;module&gt;
    from ephemeraldaddy.gui.features.charts.metrics import (
ephemeraldaddy\gui\features\charts\metrics.py:9: in &lt;module&gt;
    from ephemeraldaddy.core.chart import chart_uses_houses
ephemeraldaddy\core\chart.py:2: in &lt;module&gt;
    from .ephemeris import planetary_positions, planetary_retrogrades, local_sidereal_time_deg
ephemeraldaddy\core\ephemeris.py:14: in &lt;module&gt;
    _swe = ensure_package("pyswisseph")
           ^^^^^^^^^^^^^^^^^^^^^^^^^^^^
ephemeraldaddy\core\deps.py:51: in ensure_package
    raise RuntimeError(_missing_dependency_message(pkg_name, module_name)) from import_error
E   RuntimeError: Missing dependency 'pyswisseph' (import 'swisseph'). Install project dependencies before launching (example: `pip install -r requirements.txt` or `pip install -e .`), or run a bundled desktop build generated via `python tools/build_desktop_app.py --onefile`.</error></testcase><testcase classname="" name="tests.test_enneagram_scoring_options" time="0.000"><error message="collection failure">ImportError while importing test module 'C:\Users\Anonymous\Documents\GitHub\ephemeraldaddy\tests\test_enneagram_scoring_options.py'.
Hint: make sure your test modules/packages have valid Python names.
Traceback:
..\..\..\AppData\Local\Python\pythoncore-3.14-64\Lib\importlib\__init__.py:88: in import_module
    return _bootstrap._gcd_import(name[level:], package, level)
           ^^^^^^^^^^^^^^^^^^^^^^^^^^^^^^^^^^^^^^^^^^^^^^^^^^^^
tests\test_enneagram_scoring_options.py:3: in &lt;module&gt;
    from ephemeraldaddy.analysis.weighted_chart_predictor import (
ephemeraldaddy\analysis\weighted_chart_predictor.py:15: in &lt;module&gt;
    from ephemeraldaddy.analysis.bazi_getter import (
ephemeraldaddy\analysis\bazi_getter.py:8: in &lt;module&gt;
    from lunar_python import Solar
E   ModuleNotFoundError: No module named 'lunar_python'</error></testcase><testcase classname="" name="tests.test_fine_tune_hourly_scan" time="0.000"><error message="collection failure">ephemeraldaddy\core\deps.py:49: in ensure_package
    module = importlib.import_module(module_name)
             ^^^^^^^^^^^^^^^^^^^^^^^^^^^^^^^^^^^^
..\..\..\AppData\Local\Python\pythoncore-3.14-64\Lib\importlib\__init__.py:88: in import_module
    return _bootstrap._gcd_import(name[level:], package, level)
           ^^^^^^^^^^^^^^^^^^^^^^^^^^^^^^^^^^^^^^^^^^^^^^^^^^^^
&lt;frozen importlib._bootstrap&gt;:1406: in _gcd_import
    ???
&lt;frozen importlib._bootstrap&gt;:1371: in _find_and_load
    ???
&lt;frozen importlib._bootstrap&gt;:1335: in _find_and_load_unlocked
    ???
E   ModuleNotFoundError: No module named 'swisseph'

The above exception was the direct cause of the following exception:
tests\test_fine_tune_hourly_scan.py:9: in &lt;module&gt;
    from ephemeraldaddy.gui.features.chart_editor.time_sensitivity.controller import (
ephemeraldaddy\gui\features\chart_editor\time_sensitivity\__init__.py:7: in &lt;module&gt;
    from .hourly_scan import (
ephemeraldaddy\gui\features\chart_editor\time_sensitivity\hourly_scan.py:16: in &lt;module&gt;
    from ephemeraldaddy.analysis.time_sensitivity import _get_nakshatra
ephemeraldaddy\analysis\time_sensitivity.py:14: in &lt;module&gt;
    from ephemeraldaddy.core.chart import Chart, chart_uses_houses
ephemeraldaddy\core\chart.py:2: in &lt;module&gt;
    from .ephemeris import planetary_positions, planetary_retrogrades, local_sidereal_time_deg
ephemeraldaddy\core\ephemeris.py:14: in &lt;module&gt;
    _swe = ensure_package("pyswisseph")
           ^^^^^^^^^^^^^^^^^^^^^^^^^^^^
ephemeraldaddy\core\deps.py:51: in ensure_package
    raise RuntimeError(_missing_dependency_message(pkg_name, module_name)) from import_error
E   RuntimeError: Missing dependency 'pyswisseph' (import 'swisseph'). Install project dependencies before launching (example: `pip install -r requirements.txt` or `pip install -e .`), or run a bundled desktop build generated via `python tools/build_desktop_app.py --onefile`.</error></testcase><testcase classname="" name="tests.test_hd_collection_save_refresh_source" time="0.000"><error message="collection failure">tests\test_hd_collection_save_refresh_source.py:4: in &lt;module&gt;
    APP_SOURCE = Path("ephemeraldaddy/gui/app.py").read_text()
                 ^^^^^^^^^^^^^^^^^^^^^^^^^^^^^^^^^^^^^^^^^^^^^
..\..\..\AppData\Local\Python\pythoncore-3.14-64\Lib\pathlib\__init__.py:788: in read_text
    return f.read()
           ^^^^^^^^
..\..\..\AppData\Local\Python\pythoncore-3.14-64\Lib\encodings\cp1252.py:23: in decode
    return codecs.charmap_decode(input,self.errors,decoding_table)[0]
           ^^^^^^^^^^^^^^^^^^^^^^^^^^^^^^^^^^^^^^^^^^^^^^^^^^^^^^^
E   UnicodeDecodeError: 'charmap' codec can't decode byte 0x8f in position 73667: character maps to &lt;undefined&gt;</error></testcase><testcase classname="" name="tests.test_house_prevalence" time="0.000"><error message="collection failure">ephemeraldaddy\core\deps.py:49: in ensure_package
    module = importlib.import_module(module_name)
             ^^^^^^^^^^^^^^^^^^^^^^^^^^^^^^^^^^^^
..\..\..\AppData\Local\Python\pythoncore-3.14-64\Lib\importlib\__init__.py:88: in import_module
    return _bootstrap._gcd_import(name[level:], package, level)
           ^^^^^^^^^^^^^^^^^^^^^^^^^^^^^^^^^^^^^^^^^^^^^^^^^^^^
&lt;frozen importlib._bootstrap&gt;:1406: in _gcd_import
    ???
&lt;frozen importlib._bootstrap&gt;:1371: in _find_and_load
    ???
&lt;frozen importlib._bootstrap&gt;:1335: in _find_and_load_unlocked
    ???
E   ModuleNotFoundError: No module named 'swisseph'

The above exception was the direct cause of the following exception:
tests\test_house_prevalence.py:10: in &lt;module&gt;
    from ephemeraldaddy.gui.features.charts.metrics import calculate_house_prevalence_counts
ephemeraldaddy\gui\features\charts\metrics.py:9: in &lt;module&gt;
    from ephemeraldaddy.core.chart import chart_uses_houses
ephemeraldaddy\core\chart.py:2: in &lt;module&gt;
    from .ephemeris import planetary_positions, planetary_retrogrades, local_sidereal_time_deg
ephemeraldaddy\core\ephemeris.py:14: in &lt;module&gt;
    _swe = ensure_package("pyswisseph")
           ^^^^^^^^^^^^^^^^^^^^^^^^^^^^
ephemeraldaddy\core\deps.py:51: in ensure_package
    raise RuntimeError(_missing_dependency_message(pkg_name, module_name)) from import_error
E   RuntimeError: Missing dependency 'pyswisseph' (import 'swisseph'). Install project dependencies before launching (example: `pip install -r requirements.txt` or `pip install -e .`), or run a bundled desktop build generated via `python tools/build_desktop_app.py --onefile`.</error></testcase><testcase classname="" name="tests.test_human_design_electrochemistry_norms" time="0.000"><error message="collection failure">ephemeraldaddy\core\deps.py:49: in ensure_package
    module = importlib.import_module(module_name)
             ^^^^^^^^^^^^^^^^^^^^^^^^^^^^^^^^^^^^
..\..\..\AppData\Local\Python\pythoncore-3.14-64\Lib\importlib\__init__.py:88: in import_module
    return _bootstrap._gcd_import(name[level:], package, level)
           ^^^^^^^^^^^^^^^^^^^^^^^^^^^^^^^^^^^^^^^^^^^^^^^^^^^^
&lt;frozen importlib._bootstrap&gt;:1406: in _gcd_import
    ???
&lt;frozen importlib._bootstrap&gt;:1371: in _find_and_load
    ???
&lt;frozen importlib._bootstrap&gt;:1335: in _find_and_load_unlocked
    ???
E   ModuleNotFoundError: No module named 'swisseph'

The above exception was the direct cause of the following exception:
tests\test_human_design_electrochemistry_norms.py:1: in &lt;module&gt;
    from ephemeraldaddy.analysis.human_design_electrochemistry_norms import (
ephemeraldaddy\analysis\human_design_electrochemistry_norms.py:12: in &lt;module&gt;
    from ephemeraldaddy.analysis.human_design_synastry import (
ephemeraldaddy\analysis\human_design_synastry.py:14: in &lt;module&gt;
    from ephemeraldaddy.analysis.get_astro_twin import normalize_astro_twin_gender_category
ephemeraldaddy\analysis\get_astro_twin.py:11: in &lt;module&gt;
    from ephemeraldaddy.core.chart import Chart, chart_uses_houses
ephemeraldaddy\core\chart.py:2: in &lt;module&gt;
    from .ephemeris import planetary_positions, planetary_retrogrades, local_sidereal_time_deg
ephemeraldaddy\core\ephemeris.py:14: in &lt;module&gt;
    _swe = ensure_package("pyswisseph")
           ^^^^^^^^^^^^^^^^^^^^^^^^^^^^
ephemeraldaddy\core\deps.py:51: in ensure_package
    raise RuntimeError(_missing_dependency_message(pkg_name, module_name)) from import_error
E   RuntimeError: Missing dependency 'pyswisseph' (import 'swisseph'). Install project dependencies before launching (example: `pip install -r requirements.txt` or `pip install -e .`), or run a bundled desktop build generated via `python tools/build_desktop_app.py --onefile`.</error></testcase><testcase classname="" name="tests.test_human_design_electrochemistry_predictor" time="0.000"><error message="collection failure">ephemeraldaddy\core\deps.py:49: in ensure_package
    module = importlib.import_module(module_name)
             ^^^^^^^^^^^^^^^^^^^^^^^^^^^^^^^^^^^^
..\..\..\AppData\Local\Python\pythoncore-3.14-64\Lib\importlib\__init__.py:88: in import_module
    return _bootstrap._gcd_import(name[level:], package, level)
           ^^^^^^^^^^^^^^^^^^^^^^^^^^^^^^^^^^^^^^^^^^^^^^^^^^^^
&lt;frozen importlib._bootstrap&gt;:1406: in _gcd_import
    ???
&lt;frozen importlib._bootstrap&gt;:1371: in _find_and_load
    ???
&lt;frozen importlib._bootstrap&gt;:1335: in _find_and_load_unlocked
    ???
E   ModuleNotFoundError: No module named 'swisseph'

The above exception was the direct cause of the following exception:
tests\test_human_design_electrochemistry_predictor.py:1: in &lt;module&gt;
    from ephemeraldaddy.analysis.human_design_synastry import (
ephemeraldaddy\analysis\human_design_synastry.py:14: in &lt;module&gt;
    from ephemeraldaddy.analysis.get_astro_twin import normalize_astro_twin_gender_category
ephemeraldaddy\analysis\get_astro_twin.py:11: in &lt;module&gt;
    from ephemeraldaddy.core.chart import Chart, chart_uses_houses
ephemeraldaddy\core\chart.py:2: in &lt;module&gt;
    from .ephemeris import planetary_positions, planetary_retrogrades, local_sidereal_time_deg
ephemeraldaddy\core\ephemeris.py:14: in &lt;module&gt;
    _swe = ensure_package("pyswisseph")
           ^^^^^^^^^^^^^^^^^^^^^^^^^^^^
ephemeraldaddy\core\deps.py:51: in ensure_package
    raise RuntimeError(_missing_dependency_message(pkg_name, module_name)) from import_error
E   RuntimeError: Missing dependency 'pyswisseph' (import 'swisseph'). Install project dependencies before launching (example: `pip install -r requirements.txt` or `pip install -e .`), or run a bundled desktop build generated via `python tools/build_desktop_app.py --onefile`.</error></testcase><testcase classname="" name="tests.test_human_design_environment" time="0.000"><error message="collection failure">ephemeraldaddy\core\deps.py:49: in ensure_package
    module = importlib.import_module(module_name)
             ^^^^^^^^^^^^^^^^^^^^^^^^^^^^^^^^^^^^
..\..\..\AppData\Local\Python\pythoncore-3.14-64\Lib\importlib\__init__.py:88: in import_module
    return _bootstrap._gcd_import(name[level:], package, level)
           ^^^^^^^^^^^^^^^^^^^^^^^^^^^^^^^^^^^^^^^^^^^^^^^^^^^^
&lt;frozen importlib._bootstrap&gt;:1406: in _gcd_import
    ???
&lt;frozen importlib._bootstrap&gt;:1371: in _find_and_load
    ???
&lt;frozen importlib._bootstrap&gt;:1335: in _find_and_load_unlocked
    ???
E   ModuleNotFoundError: No module named 'swisseph'

The above exception was the direct cause of the following exception:
tests\test_human_design_environment.py:19: in &lt;module&gt;
    from ephemeraldaddy.analysis import human_design as hd_output
ephemeraldaddy\analysis\human_design.py:10: in &lt;module&gt;
    from ephemeraldaddy.core.chart import Chart, chart_uses_houses
ephemeraldaddy\core\chart.py:2: in &lt;module&gt;
    from .ephemeris import planetary_positions, planetary_retrogrades, local_sidereal_time_deg
ephemeraldaddy\core\ephemeris.py:14: in &lt;module&gt;
    _swe = ensure_package("pyswisseph")
           ^^^^^^^^^^^^^^^^^^^^^^^^^^^^
ephemeraldaddy\core\deps.py:51: in ensure_package
    raise RuntimeError(_missing_dependency_message(pkg_name, module_name)) from import_error
E   RuntimeError: Missing dependency 'pyswisseph' (import 'swisseph'). Install project dependencies before launching (example: `pip install -r requirements.txt` or `pip install -e .`), or run a bundled desktop build generated via `python tools/build_desktop_app.py --onefile`.</error></testcase><testcase classname="" name="tests.test_human_design_rectified_time" time="0.000"><error message="collection failure">ephemeraldaddy\core\deps.py:49: in ensure_package
    module = importlib.import_module(module_name)
             ^^^^^^^^^^^^^^^^^^^^^^^^^^^^^^^^^^^^
..\..\..\AppData\Local\Python\pythoncore-3.14-64\Lib\importlib\__init__.py:88: in import_module
    return _bootstrap._gcd_import(name[level:], package, level)
           ^^^^^^^^^^^^^^^^^^^^^^^^^^^^^^^^^^^^^^^^^^^^^^^^^^^^
&lt;frozen importlib._bootstrap&gt;:1406: in _gcd_import
    ???
&lt;frozen importlib._bootstrap&gt;:1371: in _find_and_load
    ???
&lt;frozen importlib._bootstrap&gt;:1335: in _find_and_load_unlocked
    ???
E   ModuleNotFoundError: No module named 'swisseph'

The above exception was the direct cause of the following exception:
tests\test_human_design_rectified_time.py:7: in &lt;module&gt;
    from ephemeraldaddy.core import human_design_system as hds
ephemeraldaddy\core\human_design_system.py:11: in &lt;module&gt;
    from ephemeraldaddy.core.ephemeris import planetary_longitude
ephemeraldaddy\core\ephemeris.py:14: in &lt;module&gt;
    _swe = ensure_package("pyswisseph")
           ^^^^^^^^^^^^^^^^^^^^^^^^^^^^
ephemeraldaddy\core\deps.py:51: in ensure_package
    raise RuntimeError(_missing_dependency_message(pkg_name, module_name)) from import_error
E   RuntimeError: Missing dependency 'pyswisseph' (import 'swisseph'). Install project dependencies before launching (example: `pip install -r requirements.txt` or `pip install -e .`), or run a bundled desktop build generated via `python tools/build_desktop_app.py --onefile`.</error></testcase><testcase classname="" name="tests.test_human_design_synastry_centers" time="0.000"><error message="collection failure">ephemeraldaddy\core\deps.py:49: in ensure_package
    module = importlib.import_module(module_name)
             ^^^^^^^^^^^^^^^^^^^^^^^^^^^^^^^^^^^^
..\..\..\AppData\Local\Python\pythoncore-3.14-64\Lib\importlib\__init__.py:88: in import_module
    return _bootstrap._gcd_import(name[level:], package, level)
           ^^^^^^^^^^^^^^^^^^^^^^^^^^^^^^^^^^^^^^^^^^^^^^^^^^^^
&lt;frozen importlib._bootstrap&gt;:1406: in _gcd_import
    ???
&lt;frozen importlib._bootstrap&gt;:1371: in _find_and_load
    ???
&lt;frozen importlib._bootstrap&gt;:1335: in _find_and_load_unlocked
    ???
E   ModuleNotFoundError: No module named 'swisseph'

The above exception was the direct cause of the following exception:
tests\test_human_design_synastry_centers.py:14: in &lt;module&gt;
    from ephemeraldaddy.analysis.human_design import build_human_design_synastry_data_output
ephemeraldaddy\analysis\human_design.py:10: in &lt;module&gt;
    from ephemeraldaddy.core.chart import Chart, chart_uses_houses
ephemeraldaddy\core\chart.py:2: in &lt;module&gt;
    from .ephemeris import planetary_positions, planetary_retrogrades, local_sidereal_time_deg
ephemeraldaddy\core\ephemeris.py:14: in &lt;module&gt;
    _swe = ensure_package("pyswisseph")
           ^^^^^^^^^^^^^^^^^^^^^^^^^^^^
ephemeraldaddy\core\deps.py:51: in ensure_package
    raise RuntimeError(_missing_dependency_message(pkg_name, module_name)) from import_error
E   RuntimeError: Missing dependency 'pyswisseph' (import 'swisseph'). Install project dependencies before launching (example: `pip install -r requirements.txt` or `pip install -e .`), or run a bundled desktop build generated via `python tools/build_desktop_app.py --onefile`.</error></testcase><testcase classname="" name="tests.test_human_design_synastry_plot" time="0.000"><error message="collection failure">ephemeraldaddy\core\deps.py:49: in ensure_package
    module = importlib.import_module(module_name)
             ^^^^^^^^^^^^^^^^^^^^^^^^^^^^^^^^^^^^
..\..\..\AppData\Local\Python\pythoncore-3.14-64\Lib\importlib\__init__.py:88: in import_module
    return _bootstrap._gcd_import(name[level:], package, level)
           ^^^^^^^^^^^^^^^^^^^^^^^^^^^^^^^^^^^^^^^^^^^^^^^^^^^^
&lt;frozen importlib._bootstrap&gt;:1406: in _gcd_import
    ???
&lt;frozen importlib._bootstrap&gt;:1371: in _find_and_load
    ???
&lt;frozen importlib._bootstrap&gt;:1335: in _find_and_load_unlocked
    ???
E   ModuleNotFoundError: No module named 'swisseph'

The above exception was the direct cause of the following exception:
tests\test_human_design_synastry_plot.py:55: in &lt;module&gt;
    from ephemeraldaddy.core.human_design_system import HumanDesignResult
ephemeraldaddy\core\human_design_system.py:11: in &lt;module&gt;
    from ephemeraldaddy.core.ephemeris import planetary_longitude
ephemeraldaddy\core\ephemeris.py:14: in &lt;module&gt;
    _swe = ensure_package("pyswisseph")
           ^^^^^^^^^^^^^^^^^^^^^^^^^^^^
ephemeraldaddy\core\deps.py:51: in ensure_package
    raise RuntimeError(_missing_dependency_message(pkg_name, module_name)) from import_error
E   RuntimeError: Missing dependency 'pyswisseph' (import 'swisseph'). Install project dependencies before launching (example: `pip install -r requirements.txt` or `pip install -e .`), or run a bundled desktop build generated via `python tools/build_desktop_app.py --onefile`.</error></testcase><testcase classname="" name="tests.test_material_facts_uid" time="0.000"><error message="collection failure">ephemeraldaddy\core\deps.py:49: in ensure_package
    module = importlib.import_module(module_name)
             ^^^^^^^^^^^^^^^^^^^^^^^^^^^^^^^^^^^^
..\..\..\AppData\Local\Python\pythoncore-3.14-64\Lib\importlib\__init__.py:88: in import_module
    return _bootstrap._gcd_import(name[level:], package, level)
           ^^^^^^^^^^^^^^^^^^^^^^^^^^^^^^^^^^^^^^^^^^^^^^^^^^^^
&lt;frozen importlib._bootstrap&gt;:1406: in _gcd_import
    ???
&lt;frozen importlib._bootstrap&gt;:1371: in _find_and_load
    ???
&lt;frozen importlib._bootstrap&gt;:1335: in _find_and_load_unlocked
    ???
E   ModuleNotFoundError: No module named 'swisseph'

The above exception was the direct cause of the following exception:
tests\test_material_facts_uid.py:1: in &lt;module&gt;
    from ephemeraldaddy.core import material_facts
ephemeraldaddy\core\material_facts.py:16: in &lt;module&gt;
    from ephemeraldaddy.core.db import DB_PATH, get_chart_uid
ephemeraldaddy\core\db.py:22: in &lt;module&gt;
    from ephemeraldaddy.core.chart import (
ephemeraldaddy\core\chart.py:2: in &lt;module&gt;
    from .ephemeris import planetary_positions, planetary_retrogrades, local_sidereal_time_deg
ephemeraldaddy\core\ephemeris.py:14: in &lt;module&gt;
    _swe = ensure_package("pyswisseph")
           ^^^^^^^^^^^^^^^^^^^^^^^^^^^^
ephemeraldaddy\core\deps.py:51: in ensure_package
    raise RuntimeError(_missing_dependency_message(pkg_name, module_name)) from import_error
E   RuntimeError: Missing dependency 'pyswisseph' (import 'swisseph'). Install project dependencies before launching (example: `pip install -r requirements.txt` or `pip install -e .`), or run a bundled desktop build generated via `python tools/build_desktop_app.py --onefile`.</error></testcase><testcase classname="" name="tests.test_metric_canvas_recalculation_sizing_source" time="0.000"><error message="collection failure">tests\test_metric_canvas_recalculation_sizing_source.py:4: in &lt;module&gt;
    APP_SOURCE = (REPO_ROOT / "ephemeraldaddy/gui/app.py").read_text()
                 ^^^^^^^^^^^^^^^^^^^^^^^^^^^^^^^^^^^^^^^^^^^^^^^^^^^^^
..\..\..\AppData\Local\Python\pythoncore-3.14-64\Lib\pathlib\__init__.py:788: in read_text
    return f.read()
           ^^^^^^^^
..\..\..\AppData\Local\Python\pythoncore-3.14-64\Lib\encodings\cp1252.py:23: in decode
    return codecs.charmap_decode(input,self.errors,decoding_table)[0]
           ^^^^^^^^^^^^^^^^^^^^^^^^^^^^^^^^^^^^^^^^^^^^^^^^^^^^^^^
E   UnicodeDecodeError: 'charmap' codec can't decode byte 0x8f in position 73667: character maps to &lt;undefined&gt;</error></testcase><testcase classname="" name="tests.test_nonastral_batch_writes" time="0.000"><error message="collection failure">ephemeraldaddy\core\deps.py:49: in ensure_package
    module = importlib.import_module(module_name)
             ^^^^^^^^^^^^^^^^^^^^^^^^^^^^^^^^^^^^
..\..\..\AppData\Local\Python\pythoncore-3.14-64\Lib\importlib\__init__.py:88: in import_module
    return _bootstrap._gcd_import(name[level:], package, level)
           ^^^^^^^^^^^^^^^^^^^^^^^^^^^^^^^^^^^^^^^^^^^^^^^^^^^^
&lt;frozen importlib._bootstrap&gt;:1406: in _gcd_import
    ???
&lt;frozen importlib._bootstrap&gt;:1371: in _find_and_load
    ???
&lt;frozen importlib._bootstrap&gt;:1335: in _find_and_load_unlocked
    ???
E   ModuleNotFoundError: No module named 'swisseph'

The above exception was the direct cause of the following exception:
tests\test_nonastral_batch_writes.py:6: in &lt;module&gt;
    from ephemeraldaddy.core import db
[...]
    DEV_TOOLS_SOURCE = (REPO_ROOT / "ephemeraldaddy/gui/dev_tools.py").read_text()
                       ^^^^^^^^^^^^^^^^^^^^^^^^^^^^^^^^^^^^^^^^^^^^^^^^^^^^^^^^^^^
..\..\..\AppData\Local\Python\pythoncore-3.14-64\Lib\pathlib\__init__.py:788: in read_text
    return f.read()
           ^^^^^^^^
..\..\..\AppData\Local\Python\pythoncore-3.14-64\Lib\encodings\cp1252.py:23: in decode
    return codecs.charmap_decode(input,self.errors,decoding_table)[0]
           ^^^^^^^^^^^^^^^^^^^^^^^^^^^^^^^^^^^^^^^^^^^^^^^^^^^^^^^
E   UnicodeDecodeError: 'charmap' codec can't decode byte 0x8f in position 19890: character maps to &lt;undefined&gt;</error></testcase><testcase classname="" name="tests.test_tags_manager_drag_drop_source" time="0.000"><error message="collection failure">tests\test_tags_manager_drag_drop_source.py:5: in &lt;module&gt;
    DEV_TOOLS_SOURCE = (REPO_ROOT / "ephemeraldaddy/gui/dev_tools.py").read_text()
                       ^^^^^^^^^^^^^^^^^^^^^^^^^^^^^^^^^^^^^^^^^^^^^^^^^^^^^^^^^^^
..\..\..\AppData\Local\Python\pythoncore-3.14-64\Lib\pathlib\__init__.py:788: in read_text
    return f.read()
           ^^^^^^^^
..\..\..\AppData\Local\Python\pythoncore-3.14-64\Lib\encodings\cp1252.py:23: in decode
    return codecs.charmap_decode(input,self.errors,decoding_table)[0]
           ^^^^^^^^^^^^^^^^^^^^^^^^^^^^^^^^^^^^^^^^^^^^^^^^^^^^^^^
E   UnicodeDecodeError: 'charmap' codec can't decode byte 0x8f in position 19890: character maps to &lt;undefined&gt;</error></testcase><testcase classname="" name="tests.test_tags_manager_parent_tags_source" time="0.000"><error message="collection failure">tests\test_tags_manager_parent_tags_source.py:4: in &lt;module&gt;
    DEV_TOOLS_SOURCE = Path("ephemeraldaddy/gui/dev_tools.py").read_text()
                       ^^^^^^^^^^^^^^^^^^^^^^^^^^^^^^^^^^^^^^^^^^^^^^^^^^^
..\..\..\AppData\Local\Python\pythoncore-3.14-64\Lib\pathlib\__init__.py:788: in read_text
    return f.read()
           ^^^^^^^^
..\..\..\AppData\Local\Python\pythoncore-3.14-64\Lib\encodings\cp1252.py:23: in decode
    return codecs.charmap_decode(input,self.errors,decoding_table)[0]
           ^^^^^^^^^^^^^^^^^^^^^^^^^^^^^^^^^^^^^^^^^^^^^^^^^^^^^^^
E   UnicodeDecodeError: 'charmap' codec can't decode byte 0x8f in position 19890: character maps to &lt;undefined&gt;</error></testcase><testcase classname="" name="tests.test_time_sensitivity" time="0.000"><error message="collection failure">ephemeraldaddy\core\deps.py:49: in ensure_package
    module = importlib.import_module(module_name)
             ^^^^^^^^^^^^^^^^^^^^^^^^^^^^^^^^^^^^
..\..\..\AppData\Local\Python\pythoncore-3.14-64\Lib\importlib\__init__.py:88: in import_module
    return _bootstrap._gcd_import(name[level:], package, level)
           ^^^^^^^^^^^^^^^^^^^^^^^^^^^^^^^^^^^^^^^^^^^^^^^^^^^^
&lt;frozen importlib._bootstrap&gt;:1406: in _gcd_import
    ???
&lt;frozen importlib._bootstrap&gt;:1371: in _find_and_load
    ???
&lt;frozen importlib._bootstrap&gt;:1335: in _find_and_load_unlocked
    ???
E   ModuleNotFoundError: No module named 'swisseph'

The above exception was the direct cause of the following exception:
tests\test_time_sensitivity.py:1: in &lt;module&gt;
    from ephemeraldaddy.analysis.time_sensitivity import (
ephemeraldaddy\analysis\time_sensitivity.py:14: in &lt;module&gt;
    from ephemeraldaddy.core.chart import Chart, chart_uses_houses
ephemeraldaddy\core\chart.py:2: in &lt;module&gt;
    from .ephemeris import planetary_positions, planetary_retrogrades, local_sidereal_time_deg
ephemeraldaddy\core\ephemeris.py:14: in &lt;module&gt;
    _swe = ensure_package("pyswisseph")
           ^^^^^^^^^^^^^^^^^^^^^^^^^^^^
ephemeraldaddy\core\deps.py:51: in ensure_package
    raise RuntimeError(_missing_dependency_message(pkg_name, module_name)) from import_error
E   RuntimeError: Missing dependency 'pyswisseph' (import 'swisseph'). Install project dependencies before launching (example: `pip install -r requirements.txt` or `pip install -e .`), or run a bundled desktop build generated via `python tools/build_desktop_app.py --onefile`.</error></testcase><testcase classname="" name="tests.test_time_sensitivity_token_source" time="0.000"><error message="collection failure">tests\test_time_sensitivity_token_source.py:3: in &lt;module&gt;
    APP_SOURCE = Path("ephemeraldaddy/gui/app.py").read_text()
                 ^^^^^^^^^^^^^^^^^^^^^^^^^^^^^^^^^^^^^^^^^^^^^
..\..\..\AppData\Local\Python\pythoncore-3.14-64\Lib\pathlib\__init__.py:788: in read_text
    return f.read()
           ^^^^^^^^
..\..\..\AppData\Local\Python\pythoncore-3.14-64\Lib\encodings\cp1252.py:23: in decode
    return codecs.charmap_decode(input,self.errors,decoding_table)[0]
           ^^^^^^^^^^^^^^^^^^^^^^^^^^^^^^^^^^^^^^^^^^^^^^^^^^^^^^^
E   UnicodeDecodeError: 'charmap' codec can't decode byte 0x8f in position 73667: character maps to &lt;undefined&gt;</error></testcase><testcase classname="" name="tests.test_trait_likelihood_signature_source" time="0.000"><error message="collection failure">tests\test_trait_likelihood_signature_source.py:5: in &lt;module&gt;
    SOURCE = (REPO_ROOT / "ephemeraldaddy/gui/features/charts/trait_predictions.py").read_text()
             ^^^^^^^^^^^^^^^^^^^^^^^^^^^^^^^^^^^^^^^^^^^^^^^^^^^^^^^^^^^^^^^^^^^^^^^^^^^^^^^^^^^
..\..\..\AppData\Local\Python\pythoncore-3.14-64\Lib\pathlib\__init__.py:788: in read_text
    return f.read()
           ^^^^^^^^
..\..\..\AppData\Local\Python\pythoncore-3.14-64\Lib\encodings\cp1252.py:23: in decode
    return codecs.charmap_decode(input,self.errors,decoding_table)[0]
           ^^^^^^^^^^^^^^^^^^^^^^^^^^^^^^^^^^^^^^^^^^^^^^^^^^^^^^^
E   UnicodeDecodeError: 'charmap' codec can't decode byte 0x8f in position 101376: character maps to &lt;undefined&gt;</error></testcase><testcase classname="" name="tests.test_trait_prediction_chart_info" time="0.000"><error message="collection failure">ImportError while importing test module 'C:\Users\Anonymous\Documents\GitHub\ephemeraldaddy\tests\test_trait_prediction_chart_info.py'.
Hint: make sure your test modules/packages have valid Python names.
Traceback:
..\..\..\AppData\Local\Python\pythoncore-3.14-64\Lib\importlib\__init__.py:88: in import_module
    return _bootstrap._gcd_import(name[level:], package, level)
           ^^^^^^^^^^^^^^^^^^^^^^^^^^^^^^^^^^^^^^^^^^^^^^^^^^^^
tests\test_trait_prediction_chart_info.py:3: in &lt;module&gt;
    from ephemeraldaddy.gui.features.charts import trait_predictions
ephemeraldaddy\gui\features\charts\trait_predictions.py:57: in &lt;module&gt;
    from ephemeraldaddy.analysis.trait_prediction_index import (
ephemeraldaddy\analysis\trait_prediction_index.py:21: in &lt;module&gt;
    from ephemeraldaddy.analysis.traits import calculate_trait_likelihoods, trait_possible_score
ephemeraldaddy\analysis\traits.py:303: in &lt;module&gt;
    from ephemeraldaddy.analysis.weighted_chart_predictor import (
ephemeraldaddy\analysis\weighted_chart_predictor.py:15: in &lt;module&gt;
    from ephemeraldaddy.analysis.bazi_getter import (
ephemeraldaddy\analysis\bazi_getter.py:8: in &lt;module&gt;
    from lunar_python import Solar
E   ModuleNotFoundError: No module named 'lunar_python'</error></testcase><testcase classname="" name="tests.test_trait_prediction_factors" time="0.000"><error message="collection failure">ImportError while importing test module 'C:\Users\Anonymous\Documents\GitHub\ephemeraldaddy\tests\test_trait_prediction_factors.py'.
Hint: make sure your test modules/packages have valid Python names.
Traceback:
..\..\..\AppData\Local\Python\pythoncore-3.14-64\Lib\importlib\__init__.py:88: in import_module
    return _bootstrap._gcd_import(name[level:], package, level)
           ^^^^^^^^^^^^^^^^^^^^^^^^^^^^^^^^^^^^^^^^^^^^^^^^^^^^
tests\test_trait_prediction_factors.py:3: in &lt;module&gt;
    from ephemeraldaddy.analysis import weighted_chart_predictor as predictor
ephemeraldaddy\analysis\weighted_chart_predictor.py:15: in &lt;module&gt;
    from ephemeraldaddy.analysis.bazi_getter import (
ephemeraldaddy\analysis\bazi_getter.py:8: in &lt;module&gt;
    from lunar_python import Solar
E   ModuleNotFoundError: No module named 'lunar_python'</error></testcase><testcase classname="" name="tests.test_trait_predictions_cache" time="0.000"><error message="collection failure">ImportError while importing test module 'C:\Users\Anonymous\Documents\GitHub\ephemeraldaddy\tests\test_trait_predictions_cache.py'.
Hint: make sure your test modules/packages have valid Python names.
Traceback:
..\..\..\AppData\Local\Python\pythoncore-3.14-64\Lib\importlib\__init__.py:88: in import_module
    return _bootstrap._gcd_import(name[level:], package, level)
           ^^^^^^^^^^^^^^^^^^^^^^^^^^^^^^^^^^^^^^^^^^^^^^^^^^^^
tests\test_trait_predictions_cache.py:6: in &lt;module&gt;
    from ephemeraldaddy.gui.features.charts import trait_predictions
ephemeraldaddy\gui\features\charts\trait_predictions.py:57: in &lt;module&gt;
    from ephemeraldaddy.analysis.trait_prediction_index import (
ephemeraldaddy\analysis\trait_prediction_index.py:21: in &lt;module&gt;
    from ephemeraldaddy.analysis.traits import calculate_trait_likelihoods, trait_possible_score
ephemeraldaddy\analysis\traits.py:303: in &lt;module&gt;
    from ephemeraldaddy.analysis.weighted_chart_predictor import (
ephemeraldaddy\analysis\weighted_chart_predictor.py:15: in &lt;module&gt;
    from ephemeraldaddy.analysis.bazi_getter import (
ephemeraldaddy\analysis\bazi_getter.py:8: in &lt;module&gt;
    from lunar_python import Solar
E   ModuleNotFoundError: No module named 'lunar_python'</error></testcase><testcase classname="" name="tests.test_traits" time="0.000"><error message="collection failure">ImportError while importing test module 'C:\Users\Anonymous\Documents\GitHub\ephemeraldaddy\tests\test_traits.py'.
Hint: make sure your test modules/packages have valid Python names.
Traceback:
..\..\..\AppData\Local\Python\pythoncore-3.14-64\Lib\importlib\__init__.py:88: in import_module
    return _bootstrap._gcd_import(name[level:], package, level)
           ^^^^^^^^^^^^^^^^^^^^^^^^^^^^^^^^^^^^^^^^^^^^^^^^^^^^
tests\test_traits.py:6: in &lt;module&gt;
    from ephemeraldaddy.analysis import traits
ephemeraldaddy\analysis\traits.py:303: in &lt;module&gt;
    from ephemeraldaddy.analysis.weighted_chart_predictor import (
ephemeraldaddy\analysis\weighted_chart_predictor.py:15: in &lt;module&gt;
    from ephemeraldaddy.analysis.bazi_getter import (
ephemeraldaddy\analysis\bazi_getter.py:8: in &lt;module&gt;
    from lunar_python import Solar
E   ModuleNotFoundError: No module named 'lunar_python'</error></testcase><testcase classname="" name="tests.test_transit_export" time="0.000"><error message="collection failure">ephemeraldaddy\core\deps.py:49: in ensure_package
    module = importlib.import_module(module_name)
             ^^^^^^^^^^^^^^^^^^^^^^^^^^^^^^^^^^^^
..\..\..\AppData\Local\Python\pythoncore-3.14-64\Lib\importlib\__init__.py:88: in import_module
    return _bootstrap._gcd_import(name[level:], package, level)
           ^^^^^^^^^^^^^^^^^^^^^^^^^^^^^^^^^^^^^^^^^^^^^^^^^^^^
&lt;frozen importlib._bootstrap&gt;:1406: in _gcd_import
    ???
&lt;frozen importlib._bootstrap&gt;:1371: in _find_and_load
    ???
&lt;frozen importlib._bootstrap&gt;:1335: in _find_and_load_unlocked
    ???
E   ModuleNotFoundError: No module named 'swisseph'

The above exception was the direct cause of the following exception:
tests\test_transit_export.py:3: in &lt;module&gt;
    from ephemeraldaddy.core.chart import Chart
ephemeraldaddy\core\chart.py:2: in &lt;module&gt;
    from .ephemeris import planetary_positions, planetary_retrogrades, local_sidereal_time_deg
ephemeraldaddy\core\ephemeris.py:14: in &lt;module&gt;
    _swe = ensure_package("pyswisseph")
           ^^^^^^^^^^^^^^^^^^^^^^^^^^^^
ephemeraldaddy\core\deps.py:51: in ensure_package
    raise RuntimeError(_missing_dependency_message(pkg_name, module_name)) from import_error
E   RuntimeError: Missing dependency 'pyswisseph' (import 'swisseph'). Install project dependencies before launching (example: `pip install -r requirements.txt` or `pip install -e .`), or run a bundled desktop build generated via `python tools/build_desktop_app.py --onefile`.</error></testcase><testcase classname="" name="tests.test_transit_position_diagnostic" time="0.000"><error message="collection failure">ephemeraldaddy\core\deps.py:49: in ensure_package
    module = importlib.import_module(module_name)
             ^^^^^^^^^^^^^^^^^^^^^^^^^^^^^^^^^^^^
..\..\..\AppData\Local\Python\pythoncore-3.14-64\Lib\importlib\__init__.py:88: in import_module
    return _bootstrap._gcd_import(name[level:], package, level)
           ^^^^^^^^^^^^^^^^^^^^^^^^^^^^^^^^^^^^^^^^^^^^^^^^^^^^
&lt;frozen importlib._bootstrap&gt;:1406: in _gcd_import
    ???
&lt;frozen importlib._bootstrap&gt;:1371: in _find_and_load
    ???
&lt;frozen importlib._bootstrap&gt;:1335: in _find_and_load_unlocked
    ???
E   ModuleNotFoundError: No module named 'swisseph'

The above exception was the direct cause of the following exception:
tests\test_transit_position_diagnostic.py:5: in &lt;module&gt;
    from ephemeraldaddy.gui.features.transits import diagnostics
ephemeraldaddy\gui\features\transits\__init__.py:3: in &lt;module&gt;
    from .cache import TransitWindowCache
ephemeraldaddy\gui\features\transits\cache.py:9: in &lt;module&gt;
    from ephemeraldaddy.core.composite import TRANSIT_ASPECT_RULES
ephemeraldaddy\core\composite.py:9: in &lt;module&gt;
    from ephemeraldaddy.core.chart import Chart
ephemeraldaddy\core\chart.py:2: in &lt;module&gt;
    from .ephemeris import planetary_positions, planetary_retrogrades, local_sidereal_time_deg
ephemeraldaddy\core\ephemeris.py:14: in &lt;module&gt;
    _swe = ensure_package("pyswisseph")
           ^^^^^^^^^^^^^^^^^^^^^^^^^^^^
ephemeraldaddy\core\deps.py:51: in ensure_package
    raise RuntimeError(_missing_dependency_message(pkg_name, module_name)) from import_error
E   RuntimeError: Missing dependency 'pyswisseph' (import 'swisseph'). Install project dependencies before launching (example: `pip install -r requirements.txt` or `pip install -e .`), or run a bundled desktop build generated via `python tools/build_desktop_app.py --onefile`.</error></testcase><testcase classname="" name="tests.test_transit_window_cache" time="0.000"><error message="collection failure">ephemeraldaddy\core\deps.py:49: in ensure_package
    module = importlib.import_module(module_name)
             ^^^^^^^^^^^^^^^^^^^^^^^^^^^^^^^^^^^^
..\..\..\AppData\Local\Python\pythoncore-3.14-64\Lib\importlib\__init__.py:88: in import_module
    return _bootstrap._gcd_import(name[level:], package, level)
           ^^^^^^^^^^^^^^^^^^^^^^^^^^^^^^^^^^^^^^^^^^^^^^^^^^^^
&lt;frozen importlib._bootstrap&gt;:1406: in _gcd_import
    ???
&lt;frozen importlib._bootstrap&gt;:1371: in _find_and_load
    ???
&lt;frozen importlib._bootstrap&gt;:1335: in _find_and_load_unlocked
    ???
E   ModuleNotFoundError: No module named 'swisseph'

The above exception was the direct cause of the following exception:
tests\test_transit_window_cache.py:4: in &lt;module&gt;
    from ephemeraldaddy.gui.features.transits.cache import TransitWindowCache
ephemeraldaddy\gui\features\transits\__init__.py:3: in &lt;module&gt;
    from .cache import TransitWindowCache
ephemeraldaddy\gui\features\transits\cache.py:9: in &lt;module&gt;
    from ephemeraldaddy.core.composite import TRANSIT_ASPECT_RULES
ephemeraldaddy\core\composite.py:9: in &lt;module&gt;
    from ephemeraldaddy.core.chart import Chart
ephemeraldaddy\core\chart.py:2: in &lt;module&gt;
    from .ephemeris import planetary_positions, planetary_retrogrades, local_sidereal_time_deg
ephemeraldaddy\core\ephemeris.py:14: in &lt;module&gt;
    _swe = ensure_package("pyswisseph")
           ^^^^^^^^^^^^^^^^^^^^^^^^^^^^
ephemeraldaddy\core\deps.py:51: in ensure_package
    raise RuntimeError(_missing_dependency_message(pkg_name, module_name)) from import_error
E   RuntimeError: Missing dependency 'pyswisseph' (import 'swisseph'). Install project dependencies before launching (example: `pip install -r requirements.txt` or `pip install -e .`), or run a bundled desktop build generated via `python tools/build_desktop_app.py --onefile`.</error></testcase><testcase classname="" name="tests.test_uid_finalization_source" time="0.000"><error message="collection failure">tests\test_uid_finalization_source.py:5: in &lt;module&gt;
    APP_SOURCE = (REPO_ROOT / "ephemeraldaddy/gui/app.py").read_text()
                 ^^^^^^^^^^^^^^^^^^^^^^^^^^^^^^^^^^^^^^^^^^^^^^^^^^^^^
..\..\..\AppData\Local\Python\pythoncore-3.14-64\Lib\pathlib\__init__.py:788: in read_text
    return f.read()
           ^^^^^^^^
..\..\..\AppData\Local\Python\pythoncore-3.14-64\Lib\encodings\cp1252.py:23: in decode
    return codecs.charmap_decode(input,self.errors,decoding_table)[0]
           ^^^^^^^^^^^^^^^^^^^^^^^^^^^^^^^^^^^^^^^^^^^^^^^^^^^^^^^
E   UnicodeDecodeError: 'charmap' codec can't decode byte 0x8f in position 73667: character maps to &lt;undefined&gt;</error></testcase><testcase classname="" name="tests.test_weighted_chart_predictor" time="0.000"><error message="collection failure">ImportError while importing test module 'C:\Users\Anonymous\Documents\GitHub\ephemeraldaddy\tests\test_weighted_chart_predictor.py'.
Hint: make sure your test modules/packages have valid Python names.
Traceback:
..\..\..\AppData\Local\Python\pythoncore-3.14-64\Lib\importlib\__init__.py:88: in import_module
    return _bootstrap._gcd_import(name[level:], package, level)
           ^^^^^^^^^^^^^^^^^^^^^^^^^^^^^^^^^^^^^^^^^^^^^^^^^^^^
tests\test_weighted_chart_predictor.py:3: in &lt;module&gt;
    from ephemeraldaddy.analysis.weighted_chart_predictor import (
ephemeraldaddy\analysis\weighted_chart_predictor.py:15: in &lt;module&gt;
    from ephemeraldaddy.analysis.bazi_getter import (
ephemeraldaddy\analysis\bazi_getter.py:8: in &lt;module&gt;
    from lunar_python import Solar
E   ModuleNotFoundError: No module named 'lunar_python'</error></testcase><testcase classname="" name="tests.test_wheel_plot_aspect_rendering" time="0.000"><error message="collection failure">ephemeraldaddy\core\deps.py:49: in ensure_package
    module = importlib.import_module(module_name)
             ^^^^^^^^^^^^^^^^^^^^^^^^^^^^^^^^^^^^
..\..\..\AppData\Local\Python\pythoncore-3.14-64\Lib\importlib\__init__.py:88: in import_module
    return _bootstrap._gcd_import(name[level:], package, level)
           ^^^^^^^^^^^^^^^^^^^^^^^^^^^^^^^^^^^^^^^^^^^^^^^^^^^^
&lt;frozen importlib._bootstrap&gt;:1406: in _gcd_import
    ???
&lt;frozen importlib._bootstrap&gt;:1371: in _find_and_load
    ???
&lt;frozen importlib._bootstrap&gt;:1335: in _find_and_load_unlocked
    ???
E   ModuleNotFoundError: No module named 'swisseph'

The above exception was the direct cause of the following exception:
tests\test_wheel_plot_aspect_rendering.py:26: in &lt;module&gt;
    from ephemeraldaddy.graphics.wheel_plot import (
ephemeraldaddy\graphics\wheel_plot.py:8: in &lt;module&gt;
    from ephemeraldaddy.core.chart import chart_uses_houses
ephemeraldaddy\core\chart.py:2: in &lt;module&gt;
    from .ephemeris import planetary_positions, planetary_retrogrades, local_sidereal_time_deg
ephemeraldaddy\core\ephemeris.py:14: in &lt;module&gt;
    _swe = ensure_package("pyswisseph")
           ^^^^^^^^^^^^^^^^^^^^^^^^^^^^
ephemeraldaddy\core\deps.py:51: in ensure_package
    raise RuntimeError(_missing_dependency_message(pkg_name, module_name)) from import_error
E   RuntimeError: Missing dependency 'pyswisseph' (import 'swisseph'). Install project dependencies before launching (example: `pip install -r requirements.txt` or `pip install -e .`), or run a bundled desktop build generated via `python tools/build_desktop_app.py --onefile`.</error></testcase></testsuite></testsuites>